TimeQuest Timing Analyzer report for sieteS
Fri Nov 16 13:03:42 2018
Quartus II 64-Bit Version 13.0.1 Build 232 06/12/2013 Service Pack 1 SJ Web Edition


---------------------
; Table of Contents ;
---------------------
  1. Legal Notice
  2. TimeQuest Timing Analyzer Summary
  3. Parallel Compilation
  4. Clocks
  5. Slow Model Fmax Summary
  6. Slow Model Setup Summary
  7. Slow Model Hold Summary
  8. Slow Model Recovery Summary
  9. Slow Model Removal Summary
 10. Slow Model Minimum Pulse Width Summary
 11. Propagation Delay
 12. Minimum Propagation Delay
 13. Fast Model Setup Summary
 14. Fast Model Hold Summary
 15. Fast Model Recovery Summary
 16. Fast Model Removal Summary
 17. Fast Model Minimum Pulse Width Summary
 18. Propagation Delay
 19. Minimum Propagation Delay
 20. Multicorner Timing Analysis Summary
 21. Progagation Delay
 22. Minimum Progagation Delay
 23. Clock Transfers
 24. Report TCCS
 25. Report RSKM
 26. Unconstrained Paths
 27. TimeQuest Timing Analyzer Messages



----------------
; Legal Notice ;
----------------
Copyright (C) 1991-2013 Altera Corporation
Your use of Altera Corporation's design tools, logic functions 
and other software and tools, and its AMPP partner logic 
functions, and any output files from any of the foregoing 
(including device programming or simulation files), and any 
associated documentation or information are expressly subject 
to the terms and conditions of the Altera Program License 
Subscription Agreement, Altera MegaCore Function License 
Agreement, or other applicable license agreement, including, 
without limitation, that your use is for the sole purpose of 
programming logic devices manufactured by Altera and sold by 
Altera or its authorized distributors.  Please refer to the 
applicable agreement for further details.



+----------------------------------------------------------------------------------------+
; TimeQuest Timing Analyzer Summary                                                      ;
+--------------------+-------------------------------------------------------------------+
; Quartus II Version ; Version 13.0.1 Build 232 06/12/2013 Service Pack 1 SJ Web Edition ;
; Revision Name      ; sieteS                                                            ;
; Device Family      ; Cyclone II                                                        ;
; Device Name        ; EP2C20F484C7                                                      ;
; Timing Models      ; Final                                                             ;
; Delay Model        ; Combined                                                          ;
; Rise/Fall Delays   ; Unavailable                                                       ;
+--------------------+-------------------------------------------------------------------+


Parallel compilation was disabled, but you have multiple processors available. Enable parallel compilation to reduce compilation time.
+-------------------------------------+
; Parallel Compilation                ;
+----------------------------+--------+
; Processors                 ; Number ;
+----------------------------+--------+
; Number detected on machine ; 4      ;
; Maximum allowed            ; 1      ;
+----------------------------+--------+


----------
; Clocks ;
----------
No clocks to report.


---------------------------
; Slow Model Fmax Summary ;
---------------------------
No paths to report.


----------------------------
; Slow Model Setup Summary ;
----------------------------
No paths to report.


---------------------------
; Slow Model Hold Summary ;
---------------------------
No paths to report.


-------------------------------
; Slow Model Recovery Summary ;
-------------------------------
No paths to report.


------------------------------
; Slow Model Removal Summary ;
------------------------------
No paths to report.


------------------------------------------
; Slow Model Minimum Pulse Width Summary ;
------------------------------------------
No paths to report.


+----------------------------------------------------------------+
; Propagation Delay                                              ;
+--------------+-------------+--------+--------+--------+--------+
; Input Port   ; Output Port ; RR     ; RF     ; FR     ; FF     ;
+--------------+-------------+--------+--------+--------+--------+
; switches[0]  ; Output[0]   ; 8.137  ;        ;        ; 8.137  ;
; switches[0]  ; SS0[0]      ; 7.803  ; 7.803  ; 7.803  ; 7.803  ;
; switches[0]  ; SS0[1]      ; 7.832  ; 7.832  ; 7.832  ; 7.832  ;
; switches[0]  ; SS0[2]      ;        ; 7.516  ; 7.516  ;        ;
; switches[0]  ; SS0[3]      ; 7.515  ; 7.515  ; 7.515  ; 7.515  ;
; switches[0]  ; SS0[4]      ; 7.869  ;        ;        ; 7.869  ;
; switches[0]  ; SS0[5]      ; 7.757  ;        ;        ; 7.757  ;
; switches[0]  ; SS0[6]      ; 7.870  ;        ;        ; 7.870  ;
; switches[1]  ; Output[0]   ;        ; 8.396  ; 8.396  ;        ;
; switches[1]  ; Output[1]   ; 9.737  ; 9.737  ; 9.737  ; 9.737  ;
; switches[1]  ; Output[2]   ; 10.983 ; 10.983 ; 10.983 ; 10.983 ;
; switches[1]  ; Output[3]   ; 11.192 ; 11.192 ; 11.192 ; 11.192 ;
; switches[1]  ; Output[4]   ; 11.502 ; 11.502 ; 11.502 ; 11.502 ;
; switches[1]  ; Output[5]   ; 11.596 ; 11.596 ; 11.596 ; 11.596 ;
; switches[1]  ; Output[6]   ; 12.187 ; 12.187 ; 12.187 ; 12.187 ;
; switches[1]  ; Output[7]   ; 11.736 ; 11.736 ; 11.736 ; 11.736 ;
; switches[1]  ; Output[8]   ; 11.821 ; 11.821 ; 11.821 ; 11.821 ;
; switches[1]  ; Output[9]   ; 12.158 ; 12.158 ; 12.158 ; 12.158 ;
; switches[1]  ; SS0[0]      ;        ; 7.976  ; 7.976  ;        ;
; switches[1]  ; SS0[1]      ; 8.066  ; 8.066  ; 8.066  ; 8.066  ;
; switches[1]  ; SS0[2]      ; 7.784  ;        ;        ; 7.784  ;
; switches[1]  ; SS0[3]      ; 7.756  ; 7.756  ; 7.756  ; 7.756  ;
; switches[1]  ; SS0[4]      ;        ; 8.141  ; 8.141  ;        ;
; switches[1]  ; SS0[5]      ; 8.007  ;        ;        ; 8.007  ;
; switches[1]  ; SS0[6]      ; 8.124  ; 8.124  ; 8.124  ; 8.124  ;
; switches[2]  ; Output[0]   ;        ; 8.105  ; 8.105  ;        ;
; switches[2]  ; Output[2]   ; 10.452 ; 10.452 ; 10.452 ; 10.452 ;
; switches[2]  ; Output[3]   ; 10.831 ; 10.831 ; 10.831 ; 10.831 ;
; switches[2]  ; Output[4]   ; 11.324 ; 11.324 ; 11.324 ; 11.324 ;
; switches[2]  ; Output[5]   ; 11.418 ; 11.418 ; 11.418 ; 11.418 ;
; switches[2]  ; Output[6]   ; 12.009 ; 12.009 ; 12.009 ; 12.009 ;
; switches[2]  ; Output[7]   ; 11.558 ; 11.558 ; 11.558 ; 11.558 ;
; switches[2]  ; Output[8]   ; 11.643 ; 11.643 ; 11.643 ; 11.643 ;
; switches[2]  ; Output[9]   ; 11.980 ; 11.980 ; 11.980 ; 11.980 ;
; switches[2]  ; SS0[0]      ; 7.772  ; 7.772  ; 7.772  ; 7.772  ;
; switches[2]  ; SS0[1]      ; 7.793  ;        ;        ; 7.793  ;
; switches[2]  ; SS0[2]      ;        ; 7.471  ; 7.471  ;        ;
; switches[2]  ; SS0[3]      ; 7.472  ; 7.472  ; 7.472  ; 7.472  ;
; switches[2]  ; SS0[4]      ; 7.830  ; 7.830  ; 7.830  ; 7.830  ;
; switches[2]  ; SS0[5]      ;        ; 7.726  ; 7.726  ;        ;
; switches[2]  ; SS0[6]      ; 7.839  ; 7.839  ; 7.839  ; 7.839  ;
; switches[3]  ; Output[0]   ;        ; 8.162  ; 8.162  ;        ;
; switches[3]  ; Output[1]   ; 9.774  ; 9.774  ; 9.774  ; 9.774  ;
; switches[3]  ; Output[2]   ; 11.020 ; 11.020 ; 11.020 ; 11.020 ;
; switches[3]  ; Output[3]   ; 11.229 ; 11.229 ; 11.229 ; 11.229 ;
; switches[3]  ; Output[4]   ; 11.539 ; 11.539 ; 11.539 ; 11.539 ;
; switches[3]  ; Output[5]   ; 11.633 ; 11.633 ; 11.633 ; 11.633 ;
; switches[3]  ; Output[6]   ; 12.224 ; 12.224 ; 12.224 ; 12.224 ;
; switches[3]  ; Output[7]   ; 11.773 ; 11.773 ; 11.773 ; 11.773 ;
; switches[3]  ; Output[8]   ; 11.858 ; 11.858 ; 11.858 ; 11.858 ;
; switches[3]  ; Output[9]   ; 12.195 ; 12.195 ; 12.195 ; 12.195 ;
; switches[3]  ; SS0[0]      ;        ; 7.764  ; 7.764  ;        ;
; switches[3]  ; SS0[1]      ;        ; 7.747  ; 7.747  ;        ;
; switches[3]  ; SS0[2]      ;        ; 7.475  ; 7.475  ;        ;
; switches[3]  ; SS0[3]      ;        ; 7.468  ; 7.468  ;        ;
; switches[3]  ; SS0[4]      ;        ; 7.887  ; 7.887  ;        ;
; switches[3]  ; SS0[5]      ;        ; 7.728  ; 7.728  ;        ;
; switches[3]  ; SS0[6]      ; 7.901  ; 7.901  ; 7.901  ; 7.901  ;
; switches1[0] ; Output[1]   ; 9.310  ; 9.310  ; 9.310  ; 9.310  ;
; switches1[0] ; Output[2]   ; 10.555 ; 10.555 ; 10.555 ; 10.555 ;
; switches1[0] ; Output[3]   ; 10.764 ; 10.764 ; 10.764 ; 10.764 ;
; switches1[0] ; Output[4]   ; 11.074 ; 11.074 ; 11.074 ; 11.074 ;
; switches1[0] ; Output[5]   ; 11.168 ; 11.168 ; 11.168 ; 11.168 ;
; switches1[0] ; Output[6]   ; 11.759 ; 11.759 ; 11.759 ; 11.759 ;
; switches1[0] ; Output[7]   ; 11.308 ; 11.308 ; 11.308 ; 11.308 ;
; switches1[0] ; Output[8]   ; 11.393 ; 11.393 ; 11.393 ; 11.393 ;
; switches1[0] ; Output[9]   ; 11.730 ; 11.730 ; 11.730 ; 11.730 ;
; switches1[0] ; SS1[0]      ; 7.537  ; 7.537  ; 7.537  ; 7.537  ;
; switches1[0] ; SS1[1]      ; 7.160  ; 7.160  ; 7.160  ; 7.160  ;
; switches1[0] ; SS1[2]      ;        ; 7.157  ; 7.157  ;        ;
; switches1[0] ; SS1[3]      ; 7.166  ; 7.166  ; 7.166  ; 7.166  ;
; switches1[0] ; SS1[4]      ; 7.174  ;        ;        ; 7.174  ;
; switches1[0] ; SS1[5]      ; 7.541  ;        ;        ; 7.541  ;
; switches1[0] ; SS1[6]      ; 7.545  ;        ;        ; 7.545  ;
; switches1[1] ; Output[1]   ; 9.399  ; 9.399  ; 9.399  ; 9.399  ;
; switches1[1] ; Output[2]   ; 10.644 ; 10.644 ; 10.644 ; 10.644 ;
; switches1[1] ; Output[3]   ; 10.853 ; 10.853 ; 10.853 ; 10.853 ;
; switches1[1] ; Output[4]   ; 11.163 ; 11.163 ; 11.163 ; 11.163 ;
; switches1[1] ; Output[5]   ; 11.257 ; 11.257 ; 11.257 ; 11.257 ;
; switches1[1] ; Output[6]   ; 11.848 ; 11.848 ; 11.848 ; 11.848 ;
; switches1[1] ; Output[7]   ; 11.397 ; 11.397 ; 11.397 ; 11.397 ;
; switches1[1] ; Output[8]   ; 11.482 ; 11.482 ; 11.482 ; 11.482 ;
; switches1[1] ; Output[9]   ; 11.819 ; 11.819 ; 11.819 ; 11.819 ;
; switches1[1] ; SS1[0]      ;        ; 7.527  ; 7.527  ;        ;
; switches1[1] ; SS1[1]      ; 7.205  ; 7.205  ; 7.205  ; 7.205  ;
; switches1[1] ; SS1[2]      ; 7.231  ;        ;        ; 7.231  ;
; switches1[1] ; SS1[3]      ; 7.218  ; 7.218  ; 7.218  ; 7.218  ;
; switches1[1] ; SS1[4]      ;        ; 7.262  ; 7.262  ;        ;
; switches1[1] ; SS1[5]      ; 7.630  ;        ;        ; 7.630  ;
; switches1[1] ; SS1[6]      ; 7.634  ; 7.634  ; 7.634  ; 7.634  ;
; switches1[2] ; Output[1]   ; 9.106  ; 9.106  ; 9.106  ; 9.106  ;
; switches1[2] ; Output[2]   ; 10.351 ; 10.351 ; 10.351 ; 10.351 ;
; switches1[2] ; Output[3]   ; 10.560 ; 10.560 ; 10.560 ; 10.560 ;
; switches1[2] ; Output[4]   ; 10.870 ; 10.870 ; 10.870 ; 10.870 ;
; switches1[2] ; Output[5]   ; 10.964 ; 10.964 ; 10.964 ; 10.964 ;
; switches1[2] ; Output[6]   ; 11.555 ; 11.555 ; 11.555 ; 11.555 ;
; switches1[2] ; Output[7]   ; 11.104 ; 11.104 ; 11.104 ; 11.104 ;
; switches1[2] ; Output[8]   ; 11.189 ; 11.189 ; 11.189 ; 11.189 ;
; switches1[2] ; Output[9]   ; 11.526 ; 11.526 ; 11.526 ; 11.526 ;
; switches1[2] ; SS1[0]      ; 7.326  ; 7.326  ; 7.326  ; 7.326  ;
; switches1[2] ; SS1[1]      ; 6.951  ;        ;        ; 6.951  ;
; switches1[2] ; SS1[2]      ;        ; 6.946  ; 6.946  ;        ;
; switches1[2] ; SS1[3]      ; 6.959  ; 6.959  ; 6.959  ; 6.959  ;
; switches1[2] ; SS1[4]      ; 6.971  ; 6.971  ; 6.971  ; 6.971  ;
; switches1[2] ; SS1[5]      ;        ; 7.335  ; 7.335  ;        ;
; switches1[2] ; SS1[6]      ; 7.341  ; 7.341  ; 7.341  ; 7.341  ;
; switches1[3] ; Output[1]   ; 8.286  ; 8.286  ; 8.286  ; 8.286  ;
; switches1[3] ; Output[2]   ; 9.531  ; 9.531  ; 9.531  ; 9.531  ;
; switches1[3] ; Output[3]   ; 9.740  ; 9.740  ; 9.740  ; 9.740  ;
; switches1[3] ; Output[4]   ; 10.050 ; 10.050 ; 10.050 ; 10.050 ;
; switches1[3] ; Output[5]   ; 10.144 ; 10.144 ; 10.144 ; 10.144 ;
; switches1[3] ; Output[6]   ; 10.735 ; 10.735 ; 10.735 ; 10.735 ;
; switches1[3] ; Output[7]   ; 10.284 ; 10.284 ; 10.284 ; 10.284 ;
; switches1[3] ; Output[8]   ; 10.369 ; 10.369 ; 10.369 ; 10.369 ;
; switches1[3] ; Output[9]   ; 10.706 ; 10.706 ; 10.706 ; 10.706 ;
; switches1[3] ; SS1[0]      ;        ; 6.446  ; 6.446  ;        ;
; switches1[3] ; SS1[1]      ;        ; 6.041  ; 6.041  ;        ;
; switches1[3] ; SS1[2]      ;        ; 6.074  ; 6.074  ;        ;
; switches1[3] ; SS1[3]      ;        ; 6.076  ; 6.076  ;        ;
; switches1[3] ; SS1[4]      ;        ; 6.149  ; 6.149  ;        ;
; switches1[3] ; SS1[5]      ;        ; 6.464  ; 6.464  ;        ;
; switches1[3] ; SS1[6]      ; 6.524  ; 6.524  ; 6.524  ; 6.524  ;
; switches2[0] ; Output[2]   ; 7.386  ; 7.386  ; 7.386  ; 7.386  ;
; switches2[0] ; Output[3]   ; 7.596  ; 7.596  ; 7.596  ; 7.596  ;
; switches2[0] ; Output[4]   ; 7.736  ; 7.736  ; 7.736  ; 7.736  ;
; switches2[0] ; Output[5]   ; 7.830  ; 7.830  ; 7.830  ; 7.830  ;
; switches2[0] ; Output[6]   ; 8.649  ; 8.649  ; 8.649  ; 8.649  ;
; switches2[0] ; Output[7]   ; 8.550  ; 8.550  ; 8.550  ; 8.550  ;
; switches2[0] ; Output[8]   ; 8.635  ; 8.635  ; 8.635  ; 8.635  ;
; switches2[0] ; Output[9]   ; 8.972  ; 8.972  ; 8.972  ; 8.972  ;
; switches2[0] ; SS2[0]      ; 6.397  ;        ;        ; 6.397  ;
; switches2[0] ; SS2[2]      ;        ; 6.421  ; 6.421  ;        ;
; switches2[0] ; SS2[3]      ; 6.424  ;        ;        ; 6.424  ;
; switches2[0] ; SS2[4]      ; 5.331  ;        ;        ; 5.331  ;
; switches2[0] ; SS2[5]      ; 6.047  ;        ;        ; 6.047  ;
; switches2[1] ; Output[3]   ; 7.359  ; 7.359  ; 7.359  ; 7.359  ;
; switches2[1] ; Output[4]   ; 7.856  ; 7.856  ; 7.856  ; 7.856  ;
; switches2[1] ; Output[5]   ; 7.950  ; 7.950  ; 7.950  ; 7.950  ;
; switches2[1] ; Output[6]   ; 8.806  ; 8.806  ; 8.806  ; 8.806  ;
; switches2[1] ; Output[7]   ; 8.707  ; 8.707  ; 8.707  ; 8.707  ;
; switches2[1] ; Output[8]   ; 8.792  ; 8.792  ; 8.792  ; 8.792  ;
; switches2[1] ; Output[9]   ; 9.129  ; 9.129  ; 9.129  ; 9.129  ;
; switches2[1] ; SS2[0]      ;        ; 6.554  ; 6.554  ;        ;
; switches2[1] ; SS2[2]      ; 6.577  ;        ;        ; 6.577  ;
; switches2[1] ; SS2[3]      ;        ; 6.581  ; 6.581  ;        ;
; switches2[1] ; SS2[5]      ; 6.160  ;        ;        ; 6.160  ;
; switches2[1] ; SS2[6]      ;        ; 5.658  ; 5.658  ;        ;
+--------------+-------------+--------+--------+--------+--------+


+----------------------------------------------------------------+
; Minimum Propagation Delay                                      ;
+--------------+-------------+--------+--------+--------+--------+
; Input Port   ; Output Port ; RR     ; RF     ; FR     ; FF     ;
+--------------+-------------+--------+--------+--------+--------+
; switches[0]  ; Output[0]   ; 8.137  ;        ;        ; 8.137  ;
; switches[0]  ; SS0[0]      ; 7.803  ; 7.803  ; 7.803  ; 7.803  ;
; switches[0]  ; SS0[1]      ; 7.832  ; 7.832  ; 7.832  ; 7.832  ;
; switches[0]  ; SS0[2]      ;        ; 7.516  ; 7.516  ;        ;
; switches[0]  ; SS0[3]      ; 7.515  ; 7.515  ; 7.515  ; 7.515  ;
; switches[0]  ; SS0[4]      ; 7.869  ;        ;        ; 7.869  ;
; switches[0]  ; SS0[5]      ; 7.757  ;        ;        ; 7.757  ;
; switches[0]  ; SS0[6]      ; 7.870  ;        ;        ; 7.870  ;
; switches[1]  ; Output[0]   ;        ; 8.396  ; 8.396  ;        ;
; switches[1]  ; Output[1]   ; 9.737  ; 9.737  ; 9.737  ; 9.737  ;
; switches[1]  ; Output[2]   ; 10.983 ; 10.983 ; 10.983 ; 10.983 ;
; switches[1]  ; Output[3]   ; 10.598 ; 10.598 ; 10.598 ; 10.598 ;
; switches[1]  ; Output[4]   ; 10.870 ; 10.870 ; 10.870 ; 10.870 ;
; switches[1]  ; Output[5]   ; 10.909 ; 10.909 ; 10.909 ; 10.909 ;
; switches[1]  ; Output[6]   ; 11.556 ; 11.556 ; 11.556 ; 11.556 ;
; switches[1]  ; Output[7]   ; 11.102 ; 11.102 ; 11.102 ; 11.102 ;
; switches[1]  ; Output[8]   ; 11.410 ; 11.410 ; 11.410 ; 11.410 ;
; switches[1]  ; Output[9]   ; 11.747 ; 11.747 ; 11.747 ; 11.747 ;
; switches[1]  ; SS0[0]      ;        ; 7.976  ; 7.976  ;        ;
; switches[1]  ; SS0[1]      ; 8.066  ; 8.066  ; 8.066  ; 8.066  ;
; switches[1]  ; SS0[2]      ; 7.784  ;        ;        ; 7.784  ;
; switches[1]  ; SS0[3]      ; 7.756  ; 7.756  ; 7.756  ; 7.756  ;
; switches[1]  ; SS0[4]      ;        ; 8.141  ; 8.141  ;        ;
; switches[1]  ; SS0[5]      ; 8.007  ;        ;        ; 8.007  ;
; switches[1]  ; SS0[6]      ; 8.124  ; 8.124  ; 8.124  ; 8.124  ;
; switches[2]  ; Output[0]   ;        ; 8.105  ; 8.105  ;        ;
; switches[2]  ; Output[2]   ; 10.452 ; 10.452 ; 10.452 ; 10.452 ;
; switches[2]  ; Output[3]   ; 10.397 ; 10.397 ; 10.397 ; 10.397 ;
; switches[2]  ; Output[4]   ; 10.669 ; 10.669 ; 10.669 ; 10.669 ;
; switches[2]  ; Output[5]   ; 10.708 ; 10.708 ; 10.708 ; 10.708 ;
; switches[2]  ; Output[6]   ; 11.355 ; 11.355 ; 11.355 ; 11.355 ;
; switches[2]  ; Output[7]   ; 10.901 ; 10.901 ; 10.901 ; 10.901 ;
; switches[2]  ; Output[8]   ; 11.120 ; 11.120 ; 11.120 ; 11.120 ;
; switches[2]  ; Output[9]   ; 11.457 ; 11.457 ; 11.457 ; 11.457 ;
; switches[2]  ; SS0[0]      ; 7.772  ; 7.772  ; 7.772  ; 7.772  ;
; switches[2]  ; SS0[1]      ; 7.793  ;        ;        ; 7.793  ;
; switches[2]  ; SS0[2]      ;        ; 7.471  ; 7.471  ;        ;
; switches[2]  ; SS0[3]      ; 7.472  ; 7.472  ; 7.472  ; 7.472  ;
; switches[2]  ; SS0[4]      ; 7.830  ; 7.830  ; 7.830  ; 7.830  ;
; switches[2]  ; SS0[5]      ;        ; 7.726  ; 7.726  ;        ;
; switches[2]  ; SS0[6]      ; 7.839  ; 7.839  ; 7.839  ; 7.839  ;
; switches[3]  ; Output[0]   ;        ; 8.162  ; 8.162  ;        ;
; switches[3]  ; Output[1]   ; 9.774  ; 9.774  ; 9.774  ; 9.774  ;
; switches[3]  ; Output[2]   ; 10.419 ; 10.419 ; 10.419 ; 10.419 ;
; switches[3]  ; Output[3]   ; 10.455 ; 10.455 ; 10.455 ; 10.455 ;
; switches[3]  ; Output[4]   ; 10.719 ; 10.719 ; 10.719 ; 10.719 ;
; switches[3]  ; Output[5]   ; 10.758 ; 10.758 ; 10.758 ; 10.758 ;
; switches[3]  ; Output[6]   ; 11.405 ; 11.405 ; 11.405 ; 11.405 ;
; switches[3]  ; Output[7]   ; 10.951 ; 10.951 ; 10.951 ; 10.951 ;
; switches[3]  ; Output[8]   ; 11.087 ; 11.087 ; 11.087 ; 11.087 ;
; switches[3]  ; Output[9]   ; 11.424 ; 11.424 ; 11.424 ; 11.424 ;
; switches[3]  ; SS0[0]      ;        ; 7.764  ; 7.764  ;        ;
; switches[3]  ; SS0[1]      ;        ; 7.747  ; 7.747  ;        ;
; switches[3]  ; SS0[2]      ;        ; 7.475  ; 7.475  ;        ;
; switches[3]  ; SS0[3]      ;        ; 7.468  ; 7.468  ;        ;
; switches[3]  ; SS0[4]      ;        ; 7.887  ; 7.887  ;        ;
; switches[3]  ; SS0[5]      ;        ; 7.728  ; 7.728  ;        ;
; switches[3]  ; SS0[6]      ; 7.901  ; 7.901  ; 7.901  ; 7.901  ;
; switches1[0] ; Output[1]   ; 9.310  ; 9.310  ; 9.310  ; 9.310  ;
; switches1[0] ; Output[2]   ; 10.555 ; 10.555 ; 10.555 ; 10.555 ;
; switches1[0] ; Output[3]   ; 10.023 ; 10.023 ; 10.023 ; 10.023 ;
; switches1[0] ; Output[4]   ; 9.854  ; 9.854  ; 9.854  ; 9.854  ;
; switches1[0] ; Output[5]   ; 9.836  ; 9.836  ; 9.836  ; 9.836  ;
; switches1[0] ; Output[6]   ; 10.405 ; 10.405 ; 10.405 ; 10.405 ;
; switches1[0] ; Output[7]   ; 9.870  ; 9.870  ; 9.870  ; 9.870  ;
; switches1[0] ; Output[8]   ; 10.308 ; 10.308 ; 10.308 ; 10.308 ;
; switches1[0] ; Output[9]   ; 10.645 ; 10.645 ; 10.645 ; 10.645 ;
; switches1[0] ; SS1[0]      ; 7.537  ; 7.537  ; 7.537  ; 7.537  ;
; switches1[0] ; SS1[1]      ; 7.160  ; 7.160  ; 7.160  ; 7.160  ;
; switches1[0] ; SS1[2]      ;        ; 7.157  ; 7.157  ;        ;
; switches1[0] ; SS1[3]      ; 7.166  ; 7.166  ; 7.166  ; 7.166  ;
; switches1[0] ; SS1[4]      ; 7.174  ;        ;        ; 7.174  ;
; switches1[0] ; SS1[5]      ; 7.541  ;        ;        ; 7.541  ;
; switches1[0] ; SS1[6]      ; 7.545  ;        ;        ; 7.545  ;
; switches1[1] ; Output[1]   ; 9.399  ; 9.399  ; 9.399  ; 9.399  ;
; switches1[1] ; Output[2]   ; 9.911  ; 9.911  ; 9.911  ; 9.911  ;
; switches1[1] ; Output[3]   ; 10.113 ; 10.113 ; 10.113 ; 10.113 ;
; switches1[1] ; Output[4]   ; 9.932  ; 9.932  ; 9.932  ; 9.932  ;
; switches1[1] ; Output[5]   ; 9.892  ; 9.892  ; 9.892  ; 9.892  ;
; switches1[1] ; Output[6]   ; 10.242 ; 10.242 ; 10.242 ; 10.242 ;
; switches1[1] ; Output[7]   ; 9.709  ; 9.709  ; 9.709  ; 9.709  ;
; switches1[1] ; Output[8]   ; 10.147 ; 10.147 ; 10.147 ; 10.147 ;
; switches1[1] ; Output[9]   ; 10.484 ; 10.484 ; 10.484 ; 10.484 ;
; switches1[1] ; SS1[0]      ;        ; 7.527  ; 7.527  ;        ;
; switches1[1] ; SS1[1]      ; 7.205  ; 7.205  ; 7.205  ; 7.205  ;
; switches1[1] ; SS1[2]      ; 7.231  ;        ;        ; 7.231  ;
; switches1[1] ; SS1[3]      ; 7.218  ; 7.218  ; 7.218  ; 7.218  ;
; switches1[1] ; SS1[4]      ;        ; 7.262  ; 7.262  ;        ;
; switches1[1] ; SS1[5]      ; 7.630  ;        ;        ; 7.630  ;
; switches1[1] ; SS1[6]      ; 7.634  ; 7.634  ; 7.634  ; 7.634  ;
; switches1[2] ; Output[1]   ; 9.106  ; 9.106  ; 9.106  ; 9.106  ;
; switches1[2] ; Output[2]   ; 10.351 ; 10.351 ; 10.351 ; 10.351 ;
; switches1[2] ; Output[3]   ; 9.818  ; 9.818  ; 9.818  ; 9.818  ;
; switches1[2] ; Output[4]   ; 9.644  ; 9.644  ; 9.644  ; 9.644  ;
; switches1[2] ; Output[5]   ; 9.603  ; 9.603  ; 9.603  ; 9.603  ;
; switches1[2] ; Output[6]   ; 10.187 ; 10.187 ; 10.187 ; 10.187 ;
; switches1[2] ; Output[7]   ; 9.654  ; 9.654  ; 9.654  ; 9.654  ;
; switches1[2] ; Output[8]   ; 10.092 ; 10.092 ; 10.092 ; 10.092 ;
; switches1[2] ; Output[9]   ; 10.429 ; 10.429 ; 10.429 ; 10.429 ;
; switches1[2] ; SS1[0]      ; 7.326  ; 7.326  ; 7.326  ; 7.326  ;
; switches1[2] ; SS1[1]      ; 6.951  ;        ;        ; 6.951  ;
; switches1[2] ; SS1[2]      ;        ; 6.946  ; 6.946  ;        ;
; switches1[2] ; SS1[3]      ; 6.959  ; 6.959  ; 6.959  ; 6.959  ;
; switches1[2] ; SS1[4]      ; 6.971  ; 6.971  ; 6.971  ; 6.971  ;
; switches1[2] ; SS1[5]      ;        ; 7.335  ; 7.335  ;        ;
; switches1[2] ; SS1[6]      ; 7.341  ; 7.341  ; 7.341  ; 7.341  ;
; switches1[3] ; Output[1]   ; 8.286  ; 8.286  ; 8.286  ; 8.286  ;
; switches1[3] ; Output[2]   ; 8.986  ; 8.986  ; 8.986  ; 8.986  ;
; switches1[3] ; Output[3]   ; 9.001  ; 9.001  ; 9.001  ; 9.001  ;
; switches1[3] ; Output[4]   ; 8.828  ; 8.828  ; 8.828  ; 8.828  ;
; switches1[3] ; Output[5]   ; 8.698  ; 8.698  ; 8.698  ; 8.698  ;
; switches1[3] ; Output[6]   ; 9.295  ; 9.295  ; 9.295  ; 9.295  ;
; switches1[3] ; Output[7]   ; 8.760  ; 8.760  ; 8.760  ; 8.760  ;
; switches1[3] ; Output[8]   ; 9.198  ; 9.198  ; 9.198  ; 9.198  ;
; switches1[3] ; Output[9]   ; 9.535  ; 9.535  ; 9.535  ; 9.535  ;
; switches1[3] ; SS1[0]      ;        ; 6.446  ; 6.446  ;        ;
; switches1[3] ; SS1[1]      ;        ; 6.041  ; 6.041  ;        ;
; switches1[3] ; SS1[2]      ;        ; 6.074  ; 6.074  ;        ;
; switches1[3] ; SS1[3]      ;        ; 6.076  ; 6.076  ;        ;
; switches1[3] ; SS1[4]      ;        ; 6.149  ; 6.149  ;        ;
; switches1[3] ; SS1[5]      ;        ; 6.464  ; 6.464  ;        ;
; switches1[3] ; SS1[6]      ; 6.524  ; 6.524  ; 6.524  ; 6.524  ;
; switches2[0] ; Output[2]   ; 7.386  ; 7.386  ; 7.386  ; 7.386  ;
; switches2[0] ; Output[3]   ; 7.596  ; 7.596  ; 7.596  ; 7.596  ;
; switches2[0] ; Output[4]   ; 7.736  ; 7.736  ; 7.736  ; 7.736  ;
; switches2[0] ; Output[5]   ; 7.137  ; 7.137  ; 7.137  ; 7.137  ;
; switches2[0] ; Output[6]   ; 8.081  ; 8.081  ; 8.081  ; 8.081  ;
; switches2[0] ; Output[7]   ; 7.630  ; 7.630  ; 7.630  ; 7.630  ;
; switches2[0] ; Output[8]   ; 7.546  ; 7.546  ; 7.546  ; 7.546  ;
; switches2[0] ; Output[9]   ; 8.052  ; 8.648  ; 8.648  ; 8.052  ;
; switches2[0] ; SS2[0]      ; 6.397  ;        ;        ; 6.397  ;
; switches2[0] ; SS2[2]      ;        ; 6.421  ; 6.421  ;        ;
; switches2[0] ; SS2[3]      ; 6.424  ;        ;        ; 6.424  ;
; switches2[0] ; SS2[4]      ; 5.331  ;        ;        ; 5.331  ;
; switches2[0] ; SS2[5]      ; 6.047  ;        ;        ; 6.047  ;
; switches2[1] ; Output[3]   ; 7.359  ; 7.359  ; 7.359  ; 7.359  ;
; switches2[1] ; Output[4]   ; 7.856  ; 7.856  ; 7.856  ; 7.856  ;
; switches2[1] ; Output[5]   ; 7.950  ; 7.950  ; 7.950  ; 7.950  ;
; switches2[1] ; Output[6]   ; 8.541  ; 8.541  ; 8.541  ; 8.541  ;
; switches2[1] ; Output[7]   ; 8.025  ; 8.025  ; 8.025  ; 8.025  ;
; switches2[1] ; Output[8]   ; 8.175  ; 8.175  ; 8.175  ; 8.175  ;
; switches2[1] ; Output[9]   ; 8.512  ; 9.129  ; 9.129  ; 8.512  ;
; switches2[1] ; SS2[0]      ;        ; 6.554  ; 6.554  ;        ;
; switches2[1] ; SS2[2]      ; 6.577  ;        ;        ; 6.577  ;
; switches2[1] ; SS2[3]      ;        ; 6.581  ; 6.581  ;        ;
; switches2[1] ; SS2[5]      ; 6.160  ;        ;        ; 6.160  ;
; switches2[1] ; SS2[6]      ;        ; 5.658  ; 5.658  ;        ;
+--------------+-------------+--------+--------+--------+--------+


----------------------------
; Fast Model Setup Summary ;
----------------------------
No paths to report.


---------------------------
; Fast Model Hold Summary ;
---------------------------
No paths to report.


-------------------------------
; Fast Model Recovery Summary ;
-------------------------------
No paths to report.


------------------------------
; Fast Model Removal Summary ;
------------------------------
No paths to report.


------------------------------------------
; Fast Model Minimum Pulse Width Summary ;
------------------------------------------
No paths to report.


+------------------------------------------------------------+
; Propagation Delay                                          ;
+--------------+-------------+-------+-------+-------+-------+
; Input Port   ; Output Port ; RR    ; RF    ; FR    ; FF    ;
+--------------+-------------+-------+-------+-------+-------+
; switches[0]  ; Output[0]   ; 3.834 ;       ;       ; 3.834 ;
; switches[0]  ; SS0[0]      ; 3.594 ; 3.594 ; 3.594 ; 3.594 ;
; switches[0]  ; SS0[1]      ; 3.620 ; 3.620 ; 3.620 ; 3.620 ;
; switches[0]  ; SS0[2]      ;       ; 3.508 ; 3.508 ;       ;
; switches[0]  ; SS0[3]      ; 3.504 ; 3.504 ; 3.504 ; 3.504 ;
; switches[0]  ; SS0[4]      ; 3.644 ;       ;       ; 3.644 ;
; switches[0]  ; SS0[5]      ; 3.599 ;       ;       ; 3.599 ;
; switches[0]  ; SS0[6]      ; 3.645 ;       ;       ; 3.645 ;
; switches[1]  ; Output[0]   ;       ; 3.892 ; 3.892 ;       ;
; switches[1]  ; Output[1]   ; 4.400 ; 4.400 ; 4.400 ; 4.400 ;
; switches[1]  ; Output[2]   ; 4.813 ; 4.813 ; 4.813 ; 4.813 ;
; switches[1]  ; Output[3]   ; 4.832 ; 4.832 ; 4.832 ; 4.832 ;
; switches[1]  ; Output[4]   ; 4.989 ; 4.989 ; 4.989 ; 4.989 ;
; switches[1]  ; Output[5]   ; 5.039 ; 5.039 ; 5.039 ; 5.039 ;
; switches[1]  ; Output[6]   ; 5.246 ; 5.246 ; 5.246 ; 5.246 ;
; switches[1]  ; Output[7]   ; 5.091 ; 5.091 ; 5.091 ; 5.091 ;
; switches[1]  ; Output[8]   ; 5.129 ; 5.129 ; 5.129 ; 5.129 ;
; switches[1]  ; Output[9]   ; 5.250 ; 5.250 ; 5.250 ; 5.250 ;
; switches[1]  ; SS0[0]      ;       ; 3.680 ; 3.680 ;       ;
; switches[1]  ; SS0[1]      ; 3.716 ; 3.716 ; 3.716 ; 3.716 ;
; switches[1]  ; SS0[2]      ; 3.607 ;       ;       ; 3.607 ;
; switches[1]  ; SS0[3]      ; 3.601 ; 3.601 ; 3.601 ; 3.601 ;
; switches[1]  ; SS0[4]      ;       ; 3.737 ; 3.737 ;       ;
; switches[1]  ; SS0[5]      ; 3.683 ;       ;       ; 3.683 ;
; switches[1]  ; SS0[6]      ; 3.727 ; 3.727 ; 3.727 ; 3.727 ;
; switches[2]  ; Output[0]   ;       ; 3.825 ; 3.825 ;       ;
; switches[2]  ; Output[2]   ; 4.662 ; 4.662 ; 4.662 ; 4.662 ;
; switches[2]  ; Output[3]   ; 4.722 ; 4.722 ; 4.722 ; 4.722 ;
; switches[2]  ; Output[4]   ; 4.943 ; 4.943 ; 4.943 ; 4.943 ;
; switches[2]  ; Output[5]   ; 4.993 ; 4.993 ; 4.993 ; 4.993 ;
; switches[2]  ; Output[6]   ; 5.200 ; 5.200 ; 5.200 ; 5.200 ;
; switches[2]  ; Output[7]   ; 5.045 ; 5.045 ; 5.045 ; 5.045 ;
; switches[2]  ; Output[8]   ; 5.083 ; 5.083 ; 5.083 ; 5.083 ;
; switches[2]  ; Output[9]   ; 5.204 ; 5.204 ; 5.204 ; 5.204 ;
; switches[2]  ; SS0[0]      ; 3.611 ; 3.611 ; 3.611 ; 3.611 ;
; switches[2]  ; SS0[1]      ; 3.631 ;       ;       ; 3.631 ;
; switches[2]  ; SS0[2]      ;       ; 3.516 ; 3.516 ;       ;
; switches[2]  ; SS0[3]      ; 3.516 ; 3.516 ; 3.516 ; 3.516 ;
; switches[2]  ; SS0[4]      ; 3.655 ; 3.655 ; 3.655 ; 3.655 ;
; switches[2]  ; SS0[5]      ;       ; 3.614 ; 3.614 ;       ;
; switches[2]  ; SS0[6]      ; 3.663 ; 3.663 ; 3.663 ; 3.663 ;
; switches[3]  ; Output[0]   ;       ; 3.878 ; 3.878 ;       ;
; switches[3]  ; Output[1]   ; 4.491 ; 4.491 ; 4.491 ; 4.491 ;
; switches[3]  ; Output[2]   ; 4.904 ; 4.904 ; 4.904 ; 4.904 ;
; switches[3]  ; Output[3]   ; 4.923 ; 4.923 ; 4.923 ; 4.923 ;
; switches[3]  ; Output[4]   ; 5.080 ; 5.080 ; 5.080 ; 5.080 ;
; switches[3]  ; Output[5]   ; 5.130 ; 5.130 ; 5.130 ; 5.130 ;
; switches[3]  ; Output[6]   ; 5.337 ; 5.337 ; 5.337 ; 5.337 ;
; switches[3]  ; Output[7]   ; 5.182 ; 5.182 ; 5.182 ; 5.182 ;
; switches[3]  ; Output[8]   ; 5.220 ; 5.220 ; 5.220 ; 5.220 ;
; switches[3]  ; Output[9]   ; 5.341 ; 5.341 ; 5.341 ; 5.341 ;
; switches[3]  ; SS0[0]      ;       ; 3.664 ; 3.664 ;       ;
; switches[3]  ; SS0[1]      ;       ; 3.679 ; 3.679 ;       ;
; switches[3]  ; SS0[2]      ;       ; 3.573 ; 3.573 ;       ;
; switches[3]  ; SS0[3]      ;       ; 3.568 ; 3.568 ;       ;
; switches[3]  ; SS0[4]      ;       ; 3.708 ; 3.708 ;       ;
; switches[3]  ; SS0[5]      ;       ; 3.670 ; 3.670 ;       ;
; switches[3]  ; SS0[6]      ; 3.719 ; 3.719 ; 3.719 ; 3.719 ;
; switches1[0] ; Output[1]   ; 4.271 ; 4.271 ; 4.271 ; 4.271 ;
; switches1[0] ; Output[2]   ; 4.689 ; 4.689 ; 4.689 ; 4.689 ;
; switches1[0] ; Output[3]   ; 4.708 ; 4.708 ; 4.708 ; 4.708 ;
; switches1[0] ; Output[4]   ; 4.865 ; 4.865 ; 4.865 ; 4.865 ;
; switches1[0] ; Output[5]   ; 4.915 ; 4.915 ; 4.915 ; 4.915 ;
; switches1[0] ; Output[6]   ; 5.122 ; 5.122 ; 5.122 ; 5.122 ;
; switches1[0] ; Output[7]   ; 4.967 ; 4.967 ; 4.967 ; 4.967 ;
; switches1[0] ; Output[8]   ; 5.005 ; 5.005 ; 5.005 ; 5.005 ;
; switches1[0] ; Output[9]   ; 5.126 ; 5.126 ; 5.126 ; 5.126 ;
; switches1[0] ; SS1[0]      ; 3.543 ; 3.543 ; 3.543 ; 3.543 ;
; switches1[0] ; SS1[1]      ; 3.378 ; 3.378 ; 3.378 ; 3.378 ;
; switches1[0] ; SS1[2]      ;       ; 3.380 ; 3.380 ;       ;
; switches1[0] ; SS1[3]      ; 3.386 ; 3.386 ; 3.386 ; 3.386 ;
; switches1[0] ; SS1[4]      ; 3.394 ;       ;       ; 3.394 ;
; switches1[0] ; SS1[5]      ; 3.548 ;       ;       ; 3.548 ;
; switches1[0] ; SS1[6]      ; 3.549 ;       ;       ; 3.549 ;
; switches1[1] ; Output[1]   ; 4.235 ; 4.235 ; 4.235 ; 4.235 ;
; switches1[1] ; Output[2]   ; 4.653 ; 4.653 ; 4.653 ; 4.653 ;
; switches1[1] ; Output[3]   ; 4.672 ; 4.672 ; 4.672 ; 4.672 ;
; switches1[1] ; Output[4]   ; 4.829 ; 4.829 ; 4.829 ; 4.829 ;
; switches1[1] ; Output[5]   ; 4.879 ; 4.879 ; 4.879 ; 4.879 ;
; switches1[1] ; Output[6]   ; 5.086 ; 5.086 ; 5.086 ; 5.086 ;
; switches1[1] ; Output[7]   ; 4.931 ; 4.931 ; 4.931 ; 4.931 ;
; switches1[1] ; Output[8]   ; 4.969 ; 4.969 ; 4.969 ; 4.969 ;
; switches1[1] ; Output[9]   ; 5.090 ; 5.090 ; 5.090 ; 5.090 ;
; switches1[1] ; SS1[0]      ;       ; 3.528 ; 3.528 ;       ;
; switches1[1] ; SS1[1]      ; 3.365 ; 3.365 ; 3.365 ; 3.365 ;
; switches1[1] ; SS1[2]      ; 3.366 ;       ;       ; 3.366 ;
; switches1[1] ; SS1[3]      ; 3.374 ; 3.374 ; 3.374 ; 3.374 ;
; switches1[1] ; SS1[4]      ;       ; 3.385 ; 3.385 ;       ;
; switches1[1] ; SS1[5]      ; 3.545 ;       ;       ; 3.545 ;
; switches1[1] ; SS1[6]      ; 3.542 ; 3.542 ; 3.542 ; 3.542 ;
; switches1[2] ; Output[1]   ; 4.154 ; 4.154 ; 4.154 ; 4.154 ;
; switches1[2] ; Output[2]   ; 4.572 ; 4.572 ; 4.572 ; 4.572 ;
; switches1[2] ; Output[3]   ; 4.591 ; 4.591 ; 4.591 ; 4.591 ;
; switches1[2] ; Output[4]   ; 4.748 ; 4.748 ; 4.748 ; 4.748 ;
; switches1[2] ; Output[5]   ; 4.798 ; 4.798 ; 4.798 ; 4.798 ;
; switches1[2] ; Output[6]   ; 5.005 ; 5.005 ; 5.005 ; 5.005 ;
; switches1[2] ; Output[7]   ; 4.850 ; 4.850 ; 4.850 ; 4.850 ;
; switches1[2] ; Output[8]   ; 4.888 ; 4.888 ; 4.888 ; 4.888 ;
; switches1[2] ; Output[9]   ; 5.009 ; 5.009 ; 5.009 ; 5.009 ;
; switches1[2] ; SS1[0]      ; 3.448 ; 3.448 ; 3.448 ; 3.448 ;
; switches1[2] ; SS1[1]      ; 3.284 ;       ;       ; 3.284 ;
; switches1[2] ; SS1[2]      ;       ; 3.283 ; 3.283 ;       ;
; switches1[2] ; SS1[3]      ; 3.294 ; 3.294 ; 3.294 ; 3.294 ;
; switches1[2] ; SS1[4]      ; 3.306 ; 3.306 ; 3.306 ; 3.306 ;
; switches1[2] ; SS1[5]      ;       ; 3.455 ; 3.455 ;       ;
; switches1[2] ; SS1[6]      ; 3.459 ; 3.459 ; 3.459 ; 3.459 ;
; switches1[3] ; Output[1]   ; 3.781 ; 3.781 ; 3.781 ; 3.781 ;
; switches1[3] ; Output[2]   ; 4.199 ; 4.199 ; 4.199 ; 4.199 ;
; switches1[3] ; Output[3]   ; 4.218 ; 4.218 ; 4.218 ; 4.218 ;
; switches1[3] ; Output[4]   ; 4.375 ; 4.375 ; 4.375 ; 4.375 ;
; switches1[3] ; Output[5]   ; 4.425 ; 4.425 ; 4.425 ; 4.425 ;
; switches1[3] ; Output[6]   ; 4.632 ; 4.632 ; 4.632 ; 4.632 ;
; switches1[3] ; Output[7]   ; 4.477 ; 4.477 ; 4.477 ; 4.477 ;
; switches1[3] ; Output[8]   ; 4.515 ; 4.515 ; 4.515 ; 4.515 ;
; switches1[3] ; Output[9]   ; 4.636 ; 4.636 ; 4.636 ; 4.636 ;
; switches1[3] ; SS1[0]      ;       ; 3.078 ; 3.078 ;       ;
; switches1[3] ; SS1[1]      ;       ; 2.914 ; 2.914 ;       ;
; switches1[3] ; SS1[2]      ;       ; 2.918 ; 2.918 ;       ;
; switches1[3] ; SS1[3]      ;       ; 2.922 ; 2.922 ;       ;
; switches1[3] ; SS1[4]      ;       ; 2.930 ; 2.930 ;       ;
; switches1[3] ; SS1[5]      ;       ; 3.086 ; 3.086 ;       ;
; switches1[3] ; SS1[6]      ; 3.086 ; 3.086 ; 3.086 ; 3.086 ;
; switches2[0] ; Output[2]   ; 3.434 ; 3.434 ; 3.434 ; 3.434 ;
; switches2[0] ; Output[3]   ; 3.457 ; 3.457 ; 3.457 ; 3.457 ;
; switches2[0] ; Output[4]   ; 3.573 ; 3.573 ; 3.573 ; 3.573 ;
; switches2[0] ; Output[5]   ; 3.623 ; 3.623 ; 3.623 ; 3.623 ;
; switches2[0] ; Output[6]   ; 3.897 ; 3.897 ; 3.897 ; 3.897 ;
; switches2[0] ; Output[7]   ; 3.845 ; 3.845 ; 3.845 ; 3.845 ;
; switches2[0] ; Output[8]   ; 3.883 ; 3.883 ; 3.883 ; 3.883 ;
; switches2[0] ; Output[9]   ; 4.004 ; 4.004 ; 4.004 ; 4.004 ;
; switches2[0] ; SS2[0]      ; 3.024 ;       ;       ; 3.024 ;
; switches2[0] ; SS2[2]      ;       ; 3.049 ; 3.049 ;       ;
; switches2[0] ; SS2[3]      ; 3.052 ;       ;       ; 3.052 ;
; switches2[0] ; SS2[4]      ; 2.640 ;       ;       ; 2.640 ;
; switches2[0] ; SS2[5]      ; 2.891 ;       ;       ; 2.891 ;
; switches2[1] ; Output[3]   ; 3.384 ; 3.384 ; 3.384 ; 3.384 ;
; switches2[1] ; Output[4]   ; 3.603 ; 3.603 ; 3.603 ; 3.603 ;
; switches2[1] ; Output[5]   ; 3.653 ; 3.653 ; 3.653 ; 3.653 ;
; switches2[1] ; Output[6]   ; 3.955 ; 3.955 ; 3.955 ; 3.955 ;
; switches2[1] ; Output[7]   ; 3.903 ; 3.903 ; 3.903 ; 3.903 ;
; switches2[1] ; Output[8]   ; 3.941 ; 3.941 ; 3.941 ; 3.941 ;
; switches2[1] ; Output[9]   ; 4.062 ; 4.062 ; 4.062 ; 4.062 ;
; switches2[1] ; SS2[0]      ;       ; 3.082 ; 3.082 ;       ;
; switches2[1] ; SS2[2]      ; 3.134 ;       ;       ; 3.134 ;
; switches2[1] ; SS2[3]      ;       ; 3.110 ; 3.110 ;       ;
; switches2[1] ; SS2[5]      ; 2.948 ;       ;       ; 2.948 ;
; switches2[1] ; SS2[6]      ;       ; 2.760 ; 2.760 ;       ;
+--------------+-------------+-------+-------+-------+-------+


+------------------------------------------------------------+
; Minimum Propagation Delay                                  ;
+--------------+-------------+-------+-------+-------+-------+
; Input Port   ; Output Port ; RR    ; RF    ; FR    ; FF    ;
+--------------+-------------+-------+-------+-------+-------+
; switches[0]  ; Output[0]   ; 3.834 ;       ;       ; 3.834 ;
; switches[0]  ; SS0[0]      ; 3.594 ; 3.594 ; 3.594 ; 3.594 ;
; switches[0]  ; SS0[1]      ; 3.620 ; 3.620 ; 3.620 ; 3.620 ;
; switches[0]  ; SS0[2]      ;       ; 3.508 ; 3.508 ;       ;
; switches[0]  ; SS0[3]      ; 3.504 ; 3.504 ; 3.504 ; 3.504 ;
; switches[0]  ; SS0[4]      ; 3.644 ;       ;       ; 3.644 ;
; switches[0]  ; SS0[5]      ; 3.599 ;       ;       ; 3.599 ;
; switches[0]  ; SS0[6]      ; 3.645 ;       ;       ; 3.645 ;
; switches[1]  ; Output[0]   ;       ; 3.892 ; 3.892 ;       ;
; switches[1]  ; Output[1]   ; 4.400 ; 4.400 ; 4.400 ; 4.400 ;
; switches[1]  ; Output[2]   ; 4.813 ; 4.813 ; 4.813 ; 4.813 ;
; switches[1]  ; Output[3]   ; 4.655 ; 4.655 ; 4.655 ; 4.655 ;
; switches[1]  ; Output[4]   ; 4.801 ; 4.801 ; 4.801 ; 4.801 ;
; switches[1]  ; Output[5]   ; 4.833 ; 4.833 ; 4.833 ; 4.833 ;
; switches[1]  ; Output[6]   ; 5.056 ; 5.056 ; 5.056 ; 5.056 ;
; switches[1]  ; Output[7]   ; 4.901 ; 4.901 ; 4.901 ; 4.901 ;
; switches[1]  ; Output[8]   ; 5.016 ; 5.016 ; 5.016 ; 5.016 ;
; switches[1]  ; Output[9]   ; 5.137 ; 5.137 ; 5.137 ; 5.137 ;
; switches[1]  ; SS0[0]      ;       ; 3.680 ; 3.680 ;       ;
; switches[1]  ; SS0[1]      ; 3.716 ; 3.716 ; 3.716 ; 3.716 ;
; switches[1]  ; SS0[2]      ; 3.607 ;       ;       ; 3.607 ;
; switches[1]  ; SS0[3]      ; 3.601 ; 3.601 ; 3.601 ; 3.601 ;
; switches[1]  ; SS0[4]      ;       ; 3.737 ; 3.737 ;       ;
; switches[1]  ; SS0[5]      ; 3.683 ;       ;       ; 3.683 ;
; switches[1]  ; SS0[6]      ; 3.727 ; 3.727 ; 3.727 ; 3.727 ;
; switches[2]  ; Output[0]   ;       ; 3.825 ; 3.825 ;       ;
; switches[2]  ; Output[2]   ; 4.662 ; 4.662 ; 4.662 ; 4.662 ;
; switches[2]  ; Output[3]   ; 4.583 ; 4.583 ; 4.583 ; 4.583 ;
; switches[2]  ; Output[4]   ; 4.729 ; 4.729 ; 4.729 ; 4.729 ;
; switches[2]  ; Output[5]   ; 4.761 ; 4.761 ; 4.761 ; 4.761 ;
; switches[2]  ; Output[6]   ; 4.984 ; 4.984 ; 4.984 ; 4.984 ;
; switches[2]  ; Output[7]   ; 4.829 ; 4.829 ; 4.829 ; 4.829 ;
; switches[2]  ; Output[8]   ; 4.937 ; 4.937 ; 4.937 ; 4.937 ;
; switches[2]  ; Output[9]   ; 5.058 ; 5.058 ; 5.058 ; 5.058 ;
; switches[2]  ; SS0[0]      ; 3.611 ; 3.611 ; 3.611 ; 3.611 ;
; switches[2]  ; SS0[1]      ; 3.631 ;       ;       ; 3.631 ;
; switches[2]  ; SS0[2]      ;       ; 3.516 ; 3.516 ;       ;
; switches[2]  ; SS0[3]      ; 3.516 ; 3.516 ; 3.516 ; 3.516 ;
; switches[2]  ; SS0[4]      ; 3.655 ; 3.655 ; 3.655 ; 3.655 ;
; switches[2]  ; SS0[5]      ;       ; 3.614 ; 3.614 ;       ;
; switches[2]  ; SS0[6]      ; 3.663 ; 3.663 ; 3.663 ; 3.663 ;
; switches[3]  ; Output[0]   ;       ; 3.878 ; 3.878 ;       ;
; switches[3]  ; Output[1]   ; 4.491 ; 4.491 ; 4.491 ; 4.491 ;
; switches[3]  ; Output[2]   ; 4.715 ; 4.715 ; 4.715 ; 4.715 ;
; switches[3]  ; Output[3]   ; 4.641 ; 4.641 ; 4.641 ; 4.641 ;
; switches[3]  ; Output[4]   ; 4.787 ; 4.787 ; 4.787 ; 4.787 ;
; switches[3]  ; Output[5]   ; 4.819 ; 4.819 ; 4.819 ; 4.819 ;
; switches[3]  ; Output[6]   ; 5.042 ; 5.042 ; 5.042 ; 5.042 ;
; switches[3]  ; Output[7]   ; 4.887 ; 4.887 ; 4.887 ; 4.887 ;
; switches[3]  ; Output[8]   ; 4.990 ; 4.990 ; 4.990 ; 4.990 ;
; switches[3]  ; Output[9]   ; 5.111 ; 5.111 ; 5.111 ; 5.111 ;
; switches[3]  ; SS0[0]      ;       ; 3.664 ; 3.664 ;       ;
; switches[3]  ; SS0[1]      ;       ; 3.679 ; 3.679 ;       ;
; switches[3]  ; SS0[2]      ;       ; 3.573 ; 3.573 ;       ;
; switches[3]  ; SS0[3]      ;       ; 3.568 ; 3.568 ;       ;
; switches[3]  ; SS0[4]      ;       ; 3.708 ; 3.708 ;       ;
; switches[3]  ; SS0[5]      ;       ; 3.670 ; 3.670 ;       ;
; switches[3]  ; SS0[6]      ; 3.719 ; 3.719 ; 3.719 ; 3.719 ;
; switches1[0] ; Output[1]   ; 4.271 ; 4.271 ; 4.271 ; 4.271 ;
; switches1[0] ; Output[2]   ; 4.689 ; 4.689 ; 4.689 ; 4.689 ;
; switches1[0] ; Output[3]   ; 4.425 ; 4.425 ; 4.425 ; 4.425 ;
; switches1[0] ; Output[4]   ; 4.424 ; 4.424 ; 4.424 ; 4.424 ;
; switches1[0] ; Output[5]   ; 4.472 ; 4.472 ; 4.472 ; 4.472 ;
; switches1[0] ; Output[6]   ; 4.660 ; 4.660 ; 4.660 ; 4.660 ;
; switches1[0] ; Output[7]   ; 4.469 ; 4.469 ; 4.469 ; 4.469 ;
; switches1[0] ; Output[8]   ; 4.612 ; 4.612 ; 4.612 ; 4.612 ;
; switches1[0] ; Output[9]   ; 4.733 ; 4.733 ; 4.733 ; 4.733 ;
; switches1[0] ; SS1[0]      ; 3.543 ; 3.543 ; 3.543 ; 3.543 ;
; switches1[0] ; SS1[1]      ; 3.378 ; 3.378 ; 3.378 ; 3.378 ;
; switches1[0] ; SS1[2]      ;       ; 3.380 ; 3.380 ;       ;
; switches1[0] ; SS1[3]      ; 3.386 ; 3.386 ; 3.386 ; 3.386 ;
; switches1[0] ; SS1[4]      ; 3.394 ;       ;       ; 3.394 ;
; switches1[0] ; SS1[5]      ; 3.548 ;       ;       ; 3.548 ;
; switches1[0] ; SS1[6]      ; 3.549 ;       ;       ; 3.549 ;
; switches1[1] ; Output[1]   ; 4.235 ; 4.235 ; 4.235 ; 4.235 ;
; switches1[1] ; Output[2]   ; 4.436 ; 4.436 ; 4.436 ; 4.436 ;
; switches1[1] ; Output[3]   ; 4.418 ; 4.418 ; 4.418 ; 4.418 ;
; switches1[1] ; Output[4]   ; 4.407 ; 4.407 ; 4.407 ; 4.407 ;
; switches1[1] ; Output[5]   ; 4.445 ; 4.445 ; 4.445 ; 4.445 ;
; switches1[1] ; Output[6]   ; 4.535 ; 4.535 ; 4.535 ; 4.535 ;
; switches1[1] ; Output[7]   ; 4.345 ; 4.345 ; 4.345 ; 4.345 ;
; switches1[1] ; Output[8]   ; 4.488 ; 4.488 ; 4.488 ; 4.488 ;
; switches1[1] ; Output[9]   ; 4.609 ; 4.609 ; 4.609 ; 4.609 ;
; switches1[1] ; SS1[0]      ;       ; 3.528 ; 3.528 ;       ;
; switches1[1] ; SS1[1]      ; 3.365 ; 3.365 ; 3.365 ; 3.365 ;
; switches1[1] ; SS1[2]      ; 3.366 ;       ;       ; 3.366 ;
; switches1[1] ; SS1[3]      ; 3.374 ; 3.374 ; 3.374 ; 3.374 ;
; switches1[1] ; SS1[4]      ;       ; 3.385 ; 3.385 ;       ;
; switches1[1] ; SS1[5]      ; 3.545 ;       ;       ; 3.545 ;
; switches1[1] ; SS1[6]      ; 3.542 ; 3.542 ; 3.542 ; 3.542 ;
; switches1[2] ; Output[1]   ; 4.154 ; 4.154 ; 4.154 ; 4.154 ;
; switches1[2] ; Output[2]   ; 4.572 ; 4.572 ; 4.572 ; 4.572 ;
; switches1[2] ; Output[3]   ; 4.336 ; 4.336 ; 4.336 ; 4.336 ;
; switches1[2] ; Output[4]   ; 4.330 ; 4.330 ; 4.330 ; 4.330 ;
; switches1[2] ; Output[5]   ; 4.333 ; 4.333 ; 4.333 ; 4.333 ;
; switches1[2] ; Output[6]   ; 4.530 ; 4.530 ; 4.530 ; 4.530 ;
; switches1[2] ; Output[7]   ; 4.340 ; 4.340 ; 4.340 ; 4.340 ;
; switches1[2] ; Output[8]   ; 4.483 ; 4.483 ; 4.483 ; 4.483 ;
; switches1[2] ; Output[9]   ; 4.604 ; 4.604 ; 4.604 ; 4.604 ;
; switches1[2] ; SS1[0]      ; 3.448 ; 3.448 ; 3.448 ; 3.448 ;
; switches1[2] ; SS1[1]      ; 3.284 ;       ;       ; 3.284 ;
; switches1[2] ; SS1[2]      ;       ; 3.283 ; 3.283 ;       ;
; switches1[2] ; SS1[3]      ; 3.294 ; 3.294 ; 3.294 ; 3.294 ;
; switches1[2] ; SS1[4]      ; 3.306 ; 3.306 ; 3.306 ; 3.306 ;
; switches1[2] ; SS1[5]      ;       ; 3.455 ; 3.455 ;       ;
; switches1[2] ; SS1[6]      ; 3.459 ; 3.459 ; 3.459 ; 3.459 ;
; switches1[3] ; Output[1]   ; 3.781 ; 3.781 ; 3.781 ; 3.781 ;
; switches1[3] ; Output[2]   ; 4.034 ; 4.034 ; 4.034 ; 4.034 ;
; switches1[3] ; Output[3]   ; 3.963 ; 3.963 ; 3.963 ; 3.963 ;
; switches1[3] ; Output[4]   ; 3.959 ; 3.959 ; 3.959 ; 3.959 ;
; switches1[3] ; Output[5]   ; 3.960 ; 3.960 ; 3.960 ; 3.960 ;
; switches1[3] ; Output[6]   ; 4.161 ; 4.161 ; 4.161 ; 4.161 ;
; switches1[3] ; Output[7]   ; 3.971 ; 3.971 ; 3.971 ; 3.971 ;
; switches1[3] ; Output[8]   ; 4.114 ; 4.114 ; 4.114 ; 4.114 ;
; switches1[3] ; Output[9]   ; 4.235 ; 4.235 ; 4.235 ; 4.235 ;
; switches1[3] ; SS1[0]      ;       ; 3.078 ; 3.078 ;       ;
; switches1[3] ; SS1[1]      ;       ; 2.914 ; 2.914 ;       ;
; switches1[3] ; SS1[2]      ;       ; 2.918 ; 2.918 ;       ;
; switches1[3] ; SS1[3]      ;       ; 2.922 ; 2.922 ;       ;
; switches1[3] ; SS1[4]      ;       ; 2.930 ; 2.930 ;       ;
; switches1[3] ; SS1[5]      ;       ; 3.086 ; 3.086 ;       ;
; switches1[3] ; SS1[6]      ; 3.086 ; 3.086 ; 3.086 ; 3.086 ;
; switches2[0] ; Output[2]   ; 3.434 ; 3.434 ; 3.434 ; 3.434 ;
; switches2[0] ; Output[3]   ; 3.457 ; 3.457 ; 3.457 ; 3.457 ;
; switches2[0] ; Output[4]   ; 3.573 ; 3.573 ; 3.573 ; 3.573 ;
; switches2[0] ; Output[5]   ; 3.360 ; 3.360 ; 3.360 ; 3.360 ;
; switches2[0] ; Output[6]   ; 3.672 ; 3.672 ; 3.672 ; 3.672 ;
; switches2[0] ; Output[7]   ; 3.517 ; 3.517 ; 3.517 ; 3.517 ;
; switches2[0] ; Output[8]   ; 3.493 ; 3.493 ; 3.493 ; 3.493 ;
; switches2[0] ; Output[9]   ; 3.676 ; 3.891 ; 3.891 ; 3.676 ;
; switches2[0] ; SS2[0]      ; 3.024 ;       ;       ; 3.024 ;
; switches2[0] ; SS2[2]      ;       ; 3.049 ; 3.049 ;       ;
; switches2[0] ; SS2[3]      ; 3.052 ;       ;       ; 3.052 ;
; switches2[0] ; SS2[4]      ; 2.640 ;       ;       ; 2.640 ;
; switches2[0] ; SS2[5]      ; 2.891 ;       ;       ; 2.891 ;
; switches2[1] ; Output[3]   ; 3.384 ; 3.384 ; 3.384 ; 3.384 ;
; switches2[1] ; Output[4]   ; 3.603 ; 3.603 ; 3.603 ; 3.603 ;
; switches2[1] ; Output[5]   ; 3.653 ; 3.653 ; 3.653 ; 3.653 ;
; switches2[1] ; Output[6]   ; 3.860 ; 3.860 ; 3.860 ; 3.860 ;
; switches2[1] ; Output[7]   ; 3.705 ; 3.705 ; 3.705 ; 3.705 ;
; switches2[1] ; Output[8]   ; 3.743 ; 3.743 ; 3.743 ; 3.743 ;
; switches2[1] ; Output[9]   ; 3.864 ; 4.062 ; 4.062 ; 3.864 ;
; switches2[1] ; SS2[0]      ;       ; 3.082 ; 3.082 ;       ;
; switches2[1] ; SS2[2]      ; 3.134 ;       ;       ; 3.134 ;
; switches2[1] ; SS2[3]      ;       ; 3.110 ; 3.110 ;       ;
; switches2[1] ; SS2[5]      ; 2.948 ;       ;       ; 2.948 ;
; switches2[1] ; SS2[6]      ;       ; 2.760 ; 2.760 ;       ;
+--------------+-------------+-------+-------+-------+-------+


+----------------------------------------------------------------------------+
; Multicorner Timing Analysis Summary                                        ;
+------------------+-------+------+----------+---------+---------------------+
; Clock            ; Setup ; Hold ; Recovery ; Removal ; Minimum Pulse Width ;
+------------------+-------+------+----------+---------+---------------------+
; Worst-case Slack ; N/A   ; N/A  ; N/A      ; N/A     ; N/A                 ;
; Design-wide TNS  ; 0.0   ; 0.0  ; 0.0      ; 0.0     ; 0.0                 ;
+------------------+-------+------+----------+---------+---------------------+


+----------------------------------------------------------------+
; Progagation Delay                                              ;
+--------------+-------------+--------+--------+--------+--------+
; Input Port   ; Output Port ; RR     ; RF     ; FR     ; FF     ;
+--------------+-------------+--------+--------+--------+--------+
; switches[0]  ; Output[0]   ; 8.137  ;        ;        ; 8.137  ;
; switches[0]  ; SS0[0]      ; 7.803  ; 7.803  ; 7.803  ; 7.803  ;
; switches[0]  ; SS0[1]      ; 7.832  ; 7.832  ; 7.832  ; 7.832  ;
; switches[0]  ; SS0[2]      ;        ; 7.516  ; 7.516  ;        ;
; switches[0]  ; SS0[3]      ; 7.515  ; 7.515  ; 7.515  ; 7.515  ;
; switches[0]  ; SS0[4]      ; 7.869  ;        ;        ; 7.869  ;
; switches[0]  ; SS0[5]      ; 7.757  ;        ;        ; 7.757  ;
; switches[0]  ; SS0[6]      ; 7.870  ;        ;        ; 7.870  ;
; switches[1]  ; Output[0]   ;        ; 8.396  ; 8.396  ;        ;
; switches[1]  ; Output[1]   ; 9.737  ; 9.737  ; 9.737  ; 9.737  ;
; switches[1]  ; Output[2]   ; 10.983 ; 10.983 ; 10.983 ; 10.983 ;
; switches[1]  ; Output[3]   ; 11.192 ; 11.192 ; 11.192 ; 11.192 ;
; switches[1]  ; Output[4]   ; 11.502 ; 11.502 ; 11.502 ; 11.502 ;
; switches[1]  ; Output[5]   ; 11.596 ; 11.596 ; 11.596 ; 11.596 ;
; switches[1]  ; Output[6]   ; 12.187 ; 12.187 ; 12.187 ; 12.187 ;
; switches[1]  ; Output[7]   ; 11.736 ; 11.736 ; 11.736 ; 11.736 ;
; switches[1]  ; Output[8]   ; 11.821 ; 11.821 ; 11.821 ; 11.821 ;
; switches[1]  ; Output[9]   ; 12.158 ; 12.158 ; 12.158 ; 12.158 ;
; switches[1]  ; SS0[0]      ;        ; 7.976  ; 7.976  ;        ;
; switches[1]  ; SS0[1]      ; 8.066  ; 8.066  ; 8.066  ; 8.066  ;
; switches[1]  ; SS0[2]      ; 7.784  ;        ;        ; 7.784  ;
; switches[1]  ; SS0[3]      ; 7.756  ; 7.756  ; 7.756  ; 7.756  ;
; switches[1]  ; SS0[4]      ;        ; 8.141  ; 8.141  ;        ;
; switches[1]  ; SS0[5]      ; 8.007  ;        ;        ; 8.007  ;
; switches[1]  ; SS0[6]      ; 8.124  ; 8.124  ; 8.124  ; 8.124  ;
; switches[2]  ; Output[0]   ;        ; 8.105  ; 8.105  ;        ;
; switches[2]  ; Output[2]   ; 10.452 ; 10.452 ; 10.452 ; 10.452 ;
; switches[2]  ; Output[3]   ; 10.831 ; 10.831 ; 10.831 ; 10.831 ;
; switches[2]  ; Output[4]   ; 11.324 ; 11.324 ; 11.324 ; 11.324 ;
; switches[2]  ; Output[5]   ; 11.418 ; 11.418 ; 11.418 ; 11.418 ;
; switches[2]  ; Output[6]   ; 12.009 ; 12.009 ; 12.009 ; 12.009 ;
; switches[2]  ; Output[7]   ; 11.558 ; 11.558 ; 11.558 ; 11.558 ;
; switches[2]  ; Output[8]   ; 11.643 ; 11.643 ; 11.643 ; 11.643 ;
; switches[2]  ; Output[9]   ; 11.980 ; 11.980 ; 11.980 ; 11.980 ;
; switches[2]  ; SS0[0]      ; 7.772  ; 7.772  ; 7.772  ; 7.772  ;
; switches[2]  ; SS0[1]      ; 7.793  ;        ;        ; 7.793  ;
; switches[2]  ; SS0[2]      ;        ; 7.471  ; 7.471  ;        ;
; switches[2]  ; SS0[3]      ; 7.472  ; 7.472  ; 7.472  ; 7.472  ;
; switches[2]  ; SS0[4]      ; 7.830  ; 7.830  ; 7.830  ; 7.830  ;
; switches[2]  ; SS0[5]      ;        ; 7.726  ; 7.726  ;        ;
; switches[2]  ; SS0[6]      ; 7.839  ; 7.839  ; 7.839  ; 7.839  ;
; switches[3]  ; Output[0]   ;        ; 8.162  ; 8.162  ;        ;
; switches[3]  ; Output[1]   ; 9.774  ; 9.774  ; 9.774  ; 9.774  ;
; switches[3]  ; Output[2]   ; 11.020 ; 11.020 ; 11.020 ; 11.020 ;
; switches[3]  ; Output[3]   ; 11.229 ; 11.229 ; 11.229 ; 11.229 ;
; switches[3]  ; Output[4]   ; 11.539 ; 11.539 ; 11.539 ; 11.539 ;
; switches[3]  ; Output[5]   ; 11.633 ; 11.633 ; 11.633 ; 11.633 ;
; switches[3]  ; Output[6]   ; 12.224 ; 12.224 ; 12.224 ; 12.224 ;
; switches[3]  ; Output[7]   ; 11.773 ; 11.773 ; 11.773 ; 11.773 ;
; switches[3]  ; Output[8]   ; 11.858 ; 11.858 ; 11.858 ; 11.858 ;
; switches[3]  ; Output[9]   ; 12.195 ; 12.195 ; 12.195 ; 12.195 ;
; switches[3]  ; SS0[0]      ;        ; 7.764  ; 7.764  ;        ;
; switches[3]  ; SS0[1]      ;        ; 7.747  ; 7.747  ;        ;
; switches[3]  ; SS0[2]      ;        ; 7.475  ; 7.475  ;        ;
; switches[3]  ; SS0[3]      ;        ; 7.468  ; 7.468  ;        ;
; switches[3]  ; SS0[4]      ;        ; 7.887  ; 7.887  ;        ;
; switches[3]  ; SS0[5]      ;        ; 7.728  ; 7.728  ;        ;
; switches[3]  ; SS0[6]      ; 7.901  ; 7.901  ; 7.901  ; 7.901  ;
; switches1[0] ; Output[1]   ; 9.310  ; 9.310  ; 9.310  ; 9.310  ;
; switches1[0] ; Output[2]   ; 10.555 ; 10.555 ; 10.555 ; 10.555 ;
; switches1[0] ; Output[3]   ; 10.764 ; 10.764 ; 10.764 ; 10.764 ;
; switches1[0] ; Output[4]   ; 11.074 ; 11.074 ; 11.074 ; 11.074 ;
; switches1[0] ; Output[5]   ; 11.168 ; 11.168 ; 11.168 ; 11.168 ;
; switches1[0] ; Output[6]   ; 11.759 ; 11.759 ; 11.759 ; 11.759 ;
; switches1[0] ; Output[7]   ; 11.308 ; 11.308 ; 11.308 ; 11.308 ;
; switches1[0] ; Output[8]   ; 11.393 ; 11.393 ; 11.393 ; 11.393 ;
; switches1[0] ; Output[9]   ; 11.730 ; 11.730 ; 11.730 ; 11.730 ;
; switches1[0] ; SS1[0]      ; 7.537  ; 7.537  ; 7.537  ; 7.537  ;
; switches1[0] ; SS1[1]      ; 7.160  ; 7.160  ; 7.160  ; 7.160  ;
; switches1[0] ; SS1[2]      ;        ; 7.157  ; 7.157  ;        ;
; switches1[0] ; SS1[3]      ; 7.166  ; 7.166  ; 7.166  ; 7.166  ;
; switches1[0] ; SS1[4]      ; 7.174  ;        ;        ; 7.174  ;
; switches1[0] ; SS1[5]      ; 7.541  ;        ;        ; 7.541  ;
; switches1[0] ; SS1[6]      ; 7.545  ;        ;        ; 7.545  ;
; switches1[1] ; Output[1]   ; 9.399  ; 9.399  ; 9.399  ; 9.399  ;
; switches1[1] ; Output[2]   ; 10.644 ; 10.644 ; 10.644 ; 10.644 ;
; switches1[1] ; Output[3]   ; 10.853 ; 10.853 ; 10.853 ; 10.853 ;
; switches1[1] ; Output[4]   ; 11.163 ; 11.163 ; 11.163 ; 11.163 ;
; switches1[1] ; Output[5]   ; 11.257 ; 11.257 ; 11.257 ; 11.257 ;
; switches1[1] ; Output[6]   ; 11.848 ; 11.848 ; 11.848 ; 11.848 ;
; switches1[1] ; Output[7]   ; 11.397 ; 11.397 ; 11.397 ; 11.397 ;
; switches1[1] ; Output[8]   ; 11.482 ; 11.482 ; 11.482 ; 11.482 ;
; switches1[1] ; Output[9]   ; 11.819 ; 11.819 ; 11.819 ; 11.819 ;
; switches1[1] ; SS1[0]      ;        ; 7.527  ; 7.527  ;        ;
; switches1[1] ; SS1[1]      ; 7.205  ; 7.205  ; 7.205  ; 7.205  ;
; switches1[1] ; SS1[2]      ; 7.231  ;        ;        ; 7.231  ;
; switches1[1] ; SS1[3]      ; 7.218  ; 7.218  ; 7.218  ; 7.218  ;
; switches1[1] ; SS1[4]      ;        ; 7.262  ; 7.262  ;        ;
; switches1[1] ; SS1[5]      ; 7.630  ;        ;        ; 7.630  ;
; switches1[1] ; SS1[6]      ; 7.634  ; 7.634  ; 7.634  ; 7.634  ;
; switches1[2] ; Output[1]   ; 9.106  ; 9.106  ; 9.106  ; 9.106  ;
; switches1[2] ; Output[2]   ; 10.351 ; 10.351 ; 10.351 ; 10.351 ;
; switches1[2] ; Output[3]   ; 10.560 ; 10.560 ; 10.560 ; 10.560 ;
; switches1[2] ; Output[4]   ; 10.870 ; 10.870 ; 10.870 ; 10.870 ;
; switches1[2] ; Output[5]   ; 10.964 ; 10.964 ; 10.964 ; 10.964 ;
; switches1[2] ; Output[6]   ; 11.555 ; 11.555 ; 11.555 ; 11.555 ;
; switches1[2] ; Output[7]   ; 11.104 ; 11.104 ; 11.104 ; 11.104 ;
; switches1[2] ; Output[8]   ; 11.189 ; 11.189 ; 11.189 ; 11.189 ;
; switches1[2] ; Output[9]   ; 11.526 ; 11.526 ; 11.526 ; 11.526 ;
; switches1[2] ; SS1[0]      ; 7.326  ; 7.326  ; 7.326  ; 7.326  ;
; switches1[2] ; SS1[1]      ; 6.951  ;        ;        ; 6.951  ;
; switches1[2] ; SS1[2]      ;        ; 6.946  ; 6.946  ;        ;
; switches1[2] ; SS1[3]      ; 6.959  ; 6.959  ; 6.959  ; 6.959  ;
; switches1[2] ; SS1[4]      ; 6.971  ; 6.971  ; 6.971  ; 6.971  ;
; switches1[2] ; SS1[5]      ;        ; 7.335  ; 7.335  ;        ;
; switches1[2] ; SS1[6]      ; 7.341  ; 7.341  ; 7.341  ; 7.341  ;
; switches1[3] ; Output[1]   ; 8.286  ; 8.286  ; 8.286  ; 8.286  ;
; switches1[3] ; Output[2]   ; 9.531  ; 9.531  ; 9.531  ; 9.531  ;
; switches1[3] ; Output[3]   ; 9.740  ; 9.740  ; 9.740  ; 9.740  ;
; switches1[3] ; Output[4]   ; 10.050 ; 10.050 ; 10.050 ; 10.050 ;
; switches1[3] ; Output[5]   ; 10.144 ; 10.144 ; 10.144 ; 10.144 ;
; switches1[3] ; Output[6]   ; 10.735 ; 10.735 ; 10.735 ; 10.735 ;
; switches1[3] ; Output[7]   ; 10.284 ; 10.284 ; 10.284 ; 10.284 ;
; switches1[3] ; Output[8]   ; 10.369 ; 10.369 ; 10.369 ; 10.369 ;
; switches1[3] ; Output[9]   ; 10.706 ; 10.706 ; 10.706 ; 10.706 ;
; switches1[3] ; SS1[0]      ;        ; 6.446  ; 6.446  ;        ;
; switches1[3] ; SS1[1]      ;        ; 6.041  ; 6.041  ;        ;
; switches1[3] ; SS1[2]      ;        ; 6.074  ; 6.074  ;        ;
; switches1[3] ; SS1[3]      ;        ; 6.076  ; 6.076  ;        ;
; switches1[3] ; SS1[4]      ;        ; 6.149  ; 6.149  ;        ;
; switches1[3] ; SS1[5]      ;        ; 6.464  ; 6.464  ;        ;
; switches1[3] ; SS1[6]      ; 6.524  ; 6.524  ; 6.524  ; 6.524  ;
; switches2[0] ; Output[2]   ; 7.386  ; 7.386  ; 7.386  ; 7.386  ;
; switches2[0] ; Output[3]   ; 7.596  ; 7.596  ; 7.596  ; 7.596  ;
; switches2[0] ; Output[4]   ; 7.736  ; 7.736  ; 7.736  ; 7.736  ;
; switches2[0] ; Output[5]   ; 7.830  ; 7.830  ; 7.830  ; 7.830  ;
; switches2[0] ; Output[6]   ; 8.649  ; 8.649  ; 8.649  ; 8.649  ;
; switches2[0] ; Output[7]   ; 8.550  ; 8.550  ; 8.550  ; 8.550  ;
; switches2[0] ; Output[8]   ; 8.635  ; 8.635  ; 8.635  ; 8.635  ;
; switches2[0] ; Output[9]   ; 8.972  ; 8.972  ; 8.972  ; 8.972  ;
; switches2[0] ; SS2[0]      ; 6.397  ;        ;        ; 6.397  ;
; switches2[0] ; SS2[2]      ;        ; 6.421  ; 6.421  ;        ;
; switches2[0] ; SS2[3]      ; 6.424  ;        ;        ; 6.424  ;
; switches2[0] ; SS2[4]      ; 5.331  ;        ;        ; 5.331  ;
; switches2[0] ; SS2[5]      ; 6.047  ;        ;        ; 6.047  ;
; switches2[1] ; Output[3]   ; 7.359  ; 7.359  ; 7.359  ; 7.359  ;
; switches2[1] ; Output[4]   ; 7.856  ; 7.856  ; 7.856  ; 7.856  ;
; switches2[1] ; Output[5]   ; 7.950  ; 7.950  ; 7.950  ; 7.950  ;
; switches2[1] ; Output[6]   ; 8.806  ; 8.806  ; 8.806  ; 8.806  ;
; switches2[1] ; Output[7]   ; 8.707  ; 8.707  ; 8.707  ; 8.707  ;
; switches2[1] ; Output[8]   ; 8.792  ; 8.792  ; 8.792  ; 8.792  ;
; switches2[1] ; Output[9]   ; 9.129  ; 9.129  ; 9.129  ; 9.129  ;
; switches2[1] ; SS2[0]      ;        ; 6.554  ; 6.554  ;        ;
; switches2[1] ; SS2[2]      ; 6.577  ;        ;        ; 6.577  ;
; switches2[1] ; SS2[3]      ;        ; 6.581  ; 6.581  ;        ;
; switches2[1] ; SS2[5]      ; 6.160  ;        ;        ; 6.160  ;
; switches2[1] ; SS2[6]      ;        ; 5.658  ; 5.658  ;        ;
+--------------+-------------+--------+--------+--------+--------+


+------------------------------------------------------------+
; Minimum Progagation Delay                                  ;
+--------------+-------------+-------+-------+-------+-------+
; Input Port   ; Output Port ; RR    ; RF    ; FR    ; FF    ;
+--------------+-------------+-------+-------+-------+-------+
; switches[0]  ; Output[0]   ; 3.834 ;       ;       ; 3.834 ;
; switches[0]  ; SS0[0]      ; 3.594 ; 3.594 ; 3.594 ; 3.594 ;
; switches[0]  ; SS0[1]      ; 3.620 ; 3.620 ; 3.620 ; 3.620 ;
; switches[0]  ; SS0[2]      ;       ; 3.508 ; 3.508 ;       ;
; switches[0]  ; SS0[3]      ; 3.504 ; 3.504 ; 3.504 ; 3.504 ;
; switches[0]  ; SS0[4]      ; 3.644 ;       ;       ; 3.644 ;
; switches[0]  ; SS0[5]      ; 3.599 ;       ;       ; 3.599 ;
; switches[0]  ; SS0[6]      ; 3.645 ;       ;       ; 3.645 ;
; switches[1]  ; Output[0]   ;       ; 3.892 ; 3.892 ;       ;
; switches[1]  ; Output[1]   ; 4.400 ; 4.400 ; 4.400 ; 4.400 ;
; switches[1]  ; Output[2]   ; 4.813 ; 4.813 ; 4.813 ; 4.813 ;
; switches[1]  ; Output[3]   ; 4.655 ; 4.655 ; 4.655 ; 4.655 ;
; switches[1]  ; Output[4]   ; 4.801 ; 4.801 ; 4.801 ; 4.801 ;
; switches[1]  ; Output[5]   ; 4.833 ; 4.833 ; 4.833 ; 4.833 ;
; switches[1]  ; Output[6]   ; 5.056 ; 5.056 ; 5.056 ; 5.056 ;
; switches[1]  ; Output[7]   ; 4.901 ; 4.901 ; 4.901 ; 4.901 ;
; switches[1]  ; Output[8]   ; 5.016 ; 5.016 ; 5.016 ; 5.016 ;
; switches[1]  ; Output[9]   ; 5.137 ; 5.137 ; 5.137 ; 5.137 ;
; switches[1]  ; SS0[0]      ;       ; 3.680 ; 3.680 ;       ;
; switches[1]  ; SS0[1]      ; 3.716 ; 3.716 ; 3.716 ; 3.716 ;
; switches[1]  ; SS0[2]      ; 3.607 ;       ;       ; 3.607 ;
; switches[1]  ; SS0[3]      ; 3.601 ; 3.601 ; 3.601 ; 3.601 ;
; switches[1]  ; SS0[4]      ;       ; 3.737 ; 3.737 ;       ;
; switches[1]  ; SS0[5]      ; 3.683 ;       ;       ; 3.683 ;
; switches[1]  ; SS0[6]      ; 3.727 ; 3.727 ; 3.727 ; 3.727 ;
; switches[2]  ; Output[0]   ;       ; 3.825 ; 3.825 ;       ;
; switches[2]  ; Output[2]   ; 4.662 ; 4.662 ; 4.662 ; 4.662 ;
; switches[2]  ; Output[3]   ; 4.583 ; 4.583 ; 4.583 ; 4.583 ;
; switches[2]  ; Output[4]   ; 4.729 ; 4.729 ; 4.729 ; 4.729 ;
; switches[2]  ; Output[5]   ; 4.761 ; 4.761 ; 4.761 ; 4.761 ;
; switches[2]  ; Output[6]   ; 4.984 ; 4.984 ; 4.984 ; 4.984 ;
; switches[2]  ; Output[7]   ; 4.829 ; 4.829 ; 4.829 ; 4.829 ;
; switches[2]  ; Output[8]   ; 4.937 ; 4.937 ; 4.937 ; 4.937 ;
; switches[2]  ; Output[9]   ; 5.058 ; 5.058 ; 5.058 ; 5.058 ;
; switches[2]  ; SS0[0]      ; 3.611 ; 3.611 ; 3.611 ; 3.611 ;
; switches[2]  ; SS0[1]      ; 3.631 ;       ;       ; 3.631 ;
; switches[2]  ; SS0[2]      ;       ; 3.516 ; 3.516 ;       ;
; switches[2]  ; SS0[3]      ; 3.516 ; 3.516 ; 3.516 ; 3.516 ;
; switches[2]  ; SS0[4]      ; 3.655 ; 3.655 ; 3.655 ; 3.655 ;
; switches[2]  ; SS0[5]      ;       ; 3.614 ; 3.614 ;       ;
; switches[2]  ; SS0[6]      ; 3.663 ; 3.663 ; 3.663 ; 3.663 ;
; switches[3]  ; Output[0]   ;       ; 3.878 ; 3.878 ;       ;
; switches[3]  ; Output[1]   ; 4.491 ; 4.491 ; 4.491 ; 4.491 ;
; switches[3]  ; Output[2]   ; 4.715 ; 4.715 ; 4.715 ; 4.715 ;
; switches[3]  ; Output[3]   ; 4.641 ; 4.641 ; 4.641 ; 4.641 ;
; switches[3]  ; Output[4]   ; 4.787 ; 4.787 ; 4.787 ; 4.787 ;
; switches[3]  ; Output[5]   ; 4.819 ; 4.819 ; 4.819 ; 4.819 ;
; switches[3]  ; Output[6]   ; 5.042 ; 5.042 ; 5.042 ; 5.042 ;
; switches[3]  ; Output[7]   ; 4.887 ; 4.887 ; 4.887 ; 4.887 ;
; switches[3]  ; Output[8]   ; 4.990 ; 4.990 ; 4.990 ; 4.990 ;
; switches[3]  ; Output[9]   ; 5.111 ; 5.111 ; 5.111 ; 5.111 ;
; switches[3]  ; SS0[0]      ;       ; 3.664 ; 3.664 ;       ;
; switches[3]  ; SS0[1]      ;       ; 3.679 ; 3.679 ;       ;
; switches[3]  ; SS0[2]      ;       ; 3.573 ; 3.573 ;       ;
; switches[3]  ; SS0[3]      ;       ; 3.568 ; 3.568 ;       ;
; switches[3]  ; SS0[4]      ;       ; 3.708 ; 3.708 ;       ;
; switches[3]  ; SS0[5]      ;       ; 3.670 ; 3.670 ;       ;
; switches[3]  ; SS0[6]      ; 3.719 ; 3.719 ; 3.719 ; 3.719 ;
; switches1[0] ; Output[1]   ; 4.271 ; 4.271 ; 4.271 ; 4.271 ;
; switches1[0] ; Output[2]   ; 4.689 ; 4.689 ; 4.689 ; 4.689 ;
; switches1[0] ; Output[3]   ; 4.425 ; 4.425 ; 4.425 ; 4.425 ;
; switches1[0] ; Output[4]   ; 4.424 ; 4.424 ; 4.424 ; 4.424 ;
; switches1[0] ; Output[5]   ; 4.472 ; 4.472 ; 4.472 ; 4.472 ;
; switches1[0] ; Output[6]   ; 4.660 ; 4.660 ; 4.660 ; 4.660 ;
; switches1[0] ; Output[7]   ; 4.469 ; 4.469 ; 4.469 ; 4.469 ;
; switches1[0] ; Output[8]   ; 4.612 ; 4.612 ; 4.612 ; 4.612 ;
; switches1[0] ; Output[9]   ; 4.733 ; 4.733 ; 4.733 ; 4.733 ;
; switches1[0] ; SS1[0]      ; 3.543 ; 3.543 ; 3.543 ; 3.543 ;
; switches1[0] ; SS1[1]      ; 3.378 ; 3.378 ; 3.378 ; 3.378 ;
; switches1[0] ; SS1[2]      ;       ; 3.380 ; 3.380 ;       ;
; switches1[0] ; SS1[3]      ; 3.386 ; 3.386 ; 3.386 ; 3.386 ;
; switches1[0] ; SS1[4]      ; 3.394 ;       ;       ; 3.394 ;
; switches1[0] ; SS1[5]      ; 3.548 ;       ;       ; 3.548 ;
; switches1[0] ; SS1[6]      ; 3.549 ;       ;       ; 3.549 ;
; switches1[1] ; Output[1]   ; 4.235 ; 4.235 ; 4.235 ; 4.235 ;
; switches1[1] ; Output[2]   ; 4.436 ; 4.436 ; 4.436 ; 4.436 ;
; switches1[1] ; Output[3]   ; 4.418 ; 4.418 ; 4.418 ; 4.418 ;
; switches1[1] ; Output[4]   ; 4.407 ; 4.407 ; 4.407 ; 4.407 ;
; switches1[1] ; Output[5]   ; 4.445 ; 4.445 ; 4.445 ; 4.445 ;
; switches1[1] ; Output[6]   ; 4.535 ; 4.535 ; 4.535 ; 4.535 ;
; switches1[1] ; Output[7]   ; 4.345 ; 4.345 ; 4.345 ; 4.345 ;
; switches1[1] ; Output[8]   ; 4.488 ; 4.488 ; 4.488 ; 4.488 ;
; switches1[1] ; Output[9]   ; 4.609 ; 4.609 ; 4.609 ; 4.609 ;
; switches1[1] ; SS1[0]      ;       ; 3.528 ; 3.528 ;       ;
; switches1[1] ; SS1[1]      ; 3.365 ; 3.365 ; 3.365 ; 3.365 ;
; switches1[1] ; SS1[2]      ; 3.366 ;       ;       ; 3.366 ;
; switches1[1] ; SS1[3]      ; 3.374 ; 3.374 ; 3.374 ; 3.374 ;
; switches1[1] ; SS1[4]      ;       ; 3.385 ; 3.385 ;       ;
; switches1[1] ; SS1[5]      ; 3.545 ;       ;       ; 3.545 ;
; switches1[1] ; SS1[6]      ; 3.542 ; 3.542 ; 3.542 ; 3.542 ;
; switches1[2] ; Output[1]   ; 4.154 ; 4.154 ; 4.154 ; 4.154 ;
; switches1[2] ; Output[2]   ; 4.572 ; 4.572 ; 4.572 ; 4.572 ;
; switches1[2] ; Output[3]   ; 4.336 ; 4.336 ; 4.336 ; 4.336 ;
; switches1[2] ; Output[4]   ; 4.330 ; 4.330 ; 4.330 ; 4.330 ;
; switches1[2] ; Output[5]   ; 4.333 ; 4.333 ; 4.333 ; 4.333 ;
; switches1[2] ; Output[6]   ; 4.530 ; 4.530 ; 4.530 ; 4.530 ;
; switches1[2] ; Output[7]   ; 4.340 ; 4.340 ; 4.340 ; 4.340 ;
; switches1[2] ; Output[8]   ; 4.483 ; 4.483 ; 4.483 ; 4.483 ;
; switches1[2] ; Output[9]   ; 4.604 ; 4.604 ; 4.604 ; 4.604 ;
; switches1[2] ; SS1[0]      ; 3.448 ; 3.448 ; 3.448 ; 3.448 ;
; switches1[2] ; SS1[1]      ; 3.284 ;       ;       ; 3.284 ;
; switches1[2] ; SS1[2]      ;       ; 3.283 ; 3.283 ;       ;
; switches1[2] ; SS1[3]      ; 3.294 ; 3.294 ; 3.294 ; 3.294 ;
; switches1[2] ; SS1[4]      ; 3.306 ; 3.306 ; 3.306 ; 3.306 ;
; switches1[2] ; SS1[5]      ;       ; 3.455 ; 3.455 ;       ;
; switches1[2] ; SS1[6]      ; 3.459 ; 3.459 ; 3.459 ; 3.459 ;
; switches1[3] ; Output[1]   ; 3.781 ; 3.781 ; 3.781 ; 3.781 ;
; switches1[3] ; Output[2]   ; 4.034 ; 4.034 ; 4.034 ; 4.034 ;
; switches1[3] ; Output[3]   ; 3.963 ; 3.963 ; 3.963 ; 3.963 ;
; switches1[3] ; Output[4]   ; 3.959 ; 3.959 ; 3.959 ; 3.959 ;
; switches1[3] ; Output[5]   ; 3.960 ; 3.960 ; 3.960 ; 3.960 ;
; switches1[3] ; Output[6]   ; 4.161 ; 4.161 ; 4.161 ; 4.161 ;
; switches1[3] ; Output[7]   ; 3.971 ; 3.971 ; 3.971 ; 3.971 ;
; switches1[3] ; Output[8]   ; 4.114 ; 4.114 ; 4.114 ; 4.114 ;
; switches1[3] ; Output[9]   ; 4.235 ; 4.235 ; 4.235 ; 4.235 ;
; switches1[3] ; SS1[0]      ;       ; 3.078 ; 3.078 ;       ;
; switches1[3] ; SS1[1]      ;       ; 2.914 ; 2.914 ;       ;
; switches1[3] ; SS1[2]      ;       ; 2.918 ; 2.918 ;       ;
; switches1[3] ; SS1[3]      ;       ; 2.922 ; 2.922 ;       ;
; switches1[3] ; SS1[4]      ;       ; 2.930 ; 2.930 ;       ;
; switches1[3] ; SS1[5]      ;       ; 3.086 ; 3.086 ;       ;
; switches1[3] ; SS1[6]      ; 3.086 ; 3.086 ; 3.086 ; 3.086 ;
; switches2[0] ; Output[2]   ; 3.434 ; 3.434 ; 3.434 ; 3.434 ;
; switches2[0] ; Output[3]   ; 3.457 ; 3.457 ; 3.457 ; 3.457 ;
; switches2[0] ; Output[4]   ; 3.573 ; 3.573 ; 3.573 ; 3.573 ;
; switches2[0] ; Output[5]   ; 3.360 ; 3.360 ; 3.360 ; 3.360 ;
; switches2[0] ; Output[6]   ; 3.672 ; 3.672 ; 3.672 ; 3.672 ;
; switches2[0] ; Output[7]   ; 3.517 ; 3.517 ; 3.517 ; 3.517 ;
; switches2[0] ; Output[8]   ; 3.493 ; 3.493 ; 3.493 ; 3.493 ;
; switches2[0] ; Output[9]   ; 3.676 ; 3.891 ; 3.891 ; 3.676 ;
; switches2[0] ; SS2[0]      ; 3.024 ;       ;       ; 3.024 ;
; switches2[0] ; SS2[2]      ;       ; 3.049 ; 3.049 ;       ;
; switches2[0] ; SS2[3]      ; 3.052 ;       ;       ; 3.052 ;
; switches2[0] ; SS2[4]      ; 2.640 ;       ;       ; 2.640 ;
; switches2[0] ; SS2[5]      ; 2.891 ;       ;       ; 2.891 ;
; switches2[1] ; Output[3]   ; 3.384 ; 3.384 ; 3.384 ; 3.384 ;
; switches2[1] ; Output[4]   ; 3.603 ; 3.603 ; 3.603 ; 3.603 ;
; switches2[1] ; Output[5]   ; 3.653 ; 3.653 ; 3.653 ; 3.653 ;
; switches2[1] ; Output[6]   ; 3.860 ; 3.860 ; 3.860 ; 3.860 ;
; switches2[1] ; Output[7]   ; 3.705 ; 3.705 ; 3.705 ; 3.705 ;
; switches2[1] ; Output[8]   ; 3.743 ; 3.743 ; 3.743 ; 3.743 ;
; switches2[1] ; Output[9]   ; 3.864 ; 4.062 ; 4.062 ; 3.864 ;
; switches2[1] ; SS2[0]      ;       ; 3.082 ; 3.082 ;       ;
; switches2[1] ; SS2[2]      ; 3.134 ;       ;       ; 3.134 ;
; switches2[1] ; SS2[3]      ;       ; 3.110 ; 3.110 ;       ;
; switches2[1] ; SS2[5]      ; 2.948 ;       ;       ; 2.948 ;
; switches2[1] ; SS2[6]      ;       ; 2.760 ; 2.760 ;       ;
+--------------+-------------+-------+-------+-------+-------+


-------------------
; Clock Transfers ;
-------------------
Nothing to report.


---------------
; Report TCCS ;
---------------
No dedicated SERDES Transmitter circuitry present in device or used in design


---------------
; Report RSKM ;
---------------
No dedicated SERDES Receiver circuitry present in device or used in design


+------------------------------------------------+
; Unconstrained Paths                            ;
+---------------------------------+-------+------+
; Property                        ; Setup ; Hold ;
+---------------------------------+-------+------+
; Illegal Clocks                  ; 0     ; 0    ;
; Unconstrained Clocks            ; 0     ; 0    ;
; Unconstrained Input Ports       ; 10    ; 10   ;
; Unconstrained Input Port Paths  ; 147   ; 147  ;
; Unconstrained Output Ports      ; 30    ; 30   ;
; Unconstrained Output Port Paths ; 147   ; 147  ;
+---------------------------------+-------+------+


+------------------------------------+
; TimeQuest Timing Analyzer Messages ;
+------------------------------------+
Info: *******************************************************************
Info: Running Quartus II 64-Bit TimeQuest Timing Analyzer
    Info: Version 13.0.1 Build 232 06/12/2013 Service Pack 1 SJ Web Edition
    Info: Processing started: Fri Nov 16 13:03:41 2018
Info: Command: quartus_sta sieteS -c sieteS
Info: qsta_default_script.tcl version: #1
Warning (20028): Parallel compilation is not licensed and has been disabled
Info (21077): Low junction temperature is 0 degrees C
Info (21077): High junction temperature is 85 degrees C
Critical Warning (332012): Synopsys Design Constraints File file not found: 'sieteS.sdc'. A Synopsys Design Constraints File is required by the TimeQuest Timing Analyzer to get proper timing constraints. Without it, the Compiler will not properly optimize the design.
Info (332142): No user constrained base clocks found in the design. Calling "derive_clocks -period 1.0"
Info (332096): The command derive_clocks did not find any clocks to derive.  No clocks were created or changed.
Warning (332068): No clocks defined in design.
Info: Found TIMEQUEST_REPORT_SCRIPT_INCLUDE_DEFAULT_ANALYSIS = ON
Info (332159): No clocks to report
Info: Analyzing Slow Model
Info (332140): No fmax paths to report
Info (332140): No Setup paths to report
Info (332140): No Hold paths to report
Info (332140): No Recovery paths to report
Info (332140): No Removal paths to report
Info (332140): No Minimum Pulse Width paths to report
Info (332001): The selected device family is not supported by the report_metastability command.
Info: Analyzing Fast Model
Info (332142): No user constrained base clocks found in the design. Calling "derive_clocks -period 1.0"
Info (332096): The command derive_clocks did not find any clocks to derive.  No clocks were created or changed.
Warning (332068): No clocks defined in design.
Info (332140): No Setup paths to report
Info (332140): No Hold paths to report
Info (332140): No Recovery paths to report
Info (332140): No Removal paths to report
Info (332140): No Minimum Pulse Width paths to report
Info (332001): The selected device family is not supported by the report_metastability command.
Info (332102): Design is not fully constrained for setup requirements
Info (332102): Design is not fully constrained for hold requirements
Info: Quartus II 64-Bit TimeQuest Timing Analyzer was successful. 0 errors, 4 warnings
    Info: Peak virtual memory: 4555 megabytes
    Info: Processing ended: Fri Nov 16 13:03:42 2018
    Info: Elapsed time: 00:00:01
    Info: Total CPU time (on all processors): 00:00:01


