Analysis & Synthesis report for Principal
Thu Nov 15 07:18:14 2018
Quartus II 64-Bit Version 13.0.1 Build 232 06/12/2013 Service Pack 1 SJ Web Edition


---------------------
; Table of Contents ;
---------------------
  1. Legal Notice
  2. Analysis & Synthesis Summary
  3. Analysis & Synthesis Settings
  4. Parallel Compilation
  5. Analysis & Synthesis Source Files Read
  6. Analysis & Synthesis Resource Usage Summary
  7. Analysis & Synthesis Resource Utilization by Entity
  8. User-Specified and Inferred Latches
  9. General Register Statistics
 10. Multiplexer Restructuring Statistics (Restructuring Performed)
 11. Parameter Settings for User Entity Instance: Top-level Entity: |Principal
 12. Parameter Settings for User Entity Instance: memoria:memoriaIns
 13. Parameter Settings for User Entity Instance: IR:irP
 14. Parameter Settings for User Entity Instance: registefile:RegisterF
 15. Parameter Settings for User Entity Instance: Registro:RegistroA
 16. Parameter Settings for User Entity Instance: Registro:RegistroB
 17. Parameter Settings for User Entity Instance: Mux14:MuxA
 18. Parameter Settings for User Entity Instance: ALU:ALU1
 19. Parameter Settings for User Entity Instance: Registro:ALUOut
 20. Parameter Settings for User Entity Instance: Mux14:MuxB
 21. Parameter Settings for User Entity Instance: memoriaram:MemDatos
 22. Parameter Settings for User Entity Instance: Mux14:MuxRF
 23. Parameter Settings for User Entity Instance: Mux12:MuxPC
 24. Parameter Settings for User Entity Instance: PCounter:PC
 25. Parameter Settings for User Entity Instance: sumPC:PCsum
 26. Parameter Settings for Inferred Entity Instance: lpm_divide:Div0
 27. Parameter Settings for Inferred Entity Instance: lpm_divide:Div1
 28. Parameter Settings for Inferred Entity Instance: lpm_divide:Mod0
 29. Parameter Settings for Inferred Entity Instance: lpm_divide:Div2
 30. Parameter Settings for Inferred Entity Instance: lpm_divide:Mod1
 31. Parameter Settings for Inferred Entity Instance: lpm_divide:Mod2
 32. Port Connectivity Checks: "PCounter:PC"
 33. Port Connectivity Checks: "Mux12:MuxPC"
 34. Port Connectivity Checks: "Mux14:MuxRF"
 35. Port Connectivity Checks: "ALU:ALU1"
 36. Port Connectivity Checks: "IR:irP"
 37. Port Connectivity Checks: "memoria:memoriaIns"
 38. Elapsed Time Per Partition
 39. Analysis & Synthesis Messages



----------------
; Legal Notice ;
----------------
Copyright (C) 1991-2013 Altera Corporation
Your use of Altera Corporation's design tools, logic functions 
and other software and tools, and its AMPP partner logic 
functions, and any output files from any of the foregoing 
(including device programming or simulation files), and any 
associated documentation or information are expressly subject 
to the terms and conditions of the Altera Program License 
Subscription Agreement, Altera MegaCore Function License 
Agreement, or other applicable license agreement, including, 
without limitation, that your use is for the sole purpose of 
programming logic devices manufactured by Altera and sold by 
Altera or its authorized distributors.  Please refer to the 
applicable agreement for further details.



+--------------------------------------------------------------------------------------+
; Analysis & Synthesis Summary                                                         ;
+------------------------------------+-------------------------------------------------+
; Analysis & Synthesis Status        ; Successful - Thu Nov 15 07:18:14 2018           ;
; Quartus II 64-Bit Version          ; 13.0.1 Build 232 06/12/2013 SP 1 SJ Web Edition ;
; Revision Name                      ; Principal                                       ;
; Top-level Entity Name              ; Principal                                       ;
; Family                             ; Cyclone II                                      ;
; Total logic elements               ; 7,954                                           ;
;     Total combinational functions  ; 7,954                                           ;
;     Dedicated logic registers      ; 0                                               ;
; Total registers                    ; 0                                               ;
; Total pins                         ; 51                                              ;
; Total virtual pins                 ; 0                                               ;
; Total memory bits                  ; 0                                               ;
; Embedded Multiplier 9-bit elements ; 0                                               ;
; Total PLLs                         ; 0                                               ;
+------------------------------------+-------------------------------------------------+


+----------------------------------------------------------------------------------------------------------------------+
; Analysis & Synthesis Settings                                                                                        ;
+----------------------------------------------------------------------------+--------------------+--------------------+
; Option                                                                     ; Setting            ; Default Value      ;
+----------------------------------------------------------------------------+--------------------+--------------------+
; Device                                                                     ; EP2C20F484C7       ;                    ;
; Top-level entity name                                                      ; Principal          ; Principal          ;
; Family name                                                                ; Cyclone II         ; Cyclone IV GX      ;
; Use smart compilation                                                      ; Off                ; Off                ;
; Enable parallel Assembler and TimeQuest Timing Analyzer during compilation ; On                 ; On                 ;
; Enable compact report table                                                ; Off                ; Off                ;
; Restructure Multiplexers                                                   ; Auto               ; Auto               ;
; Create Debugging Nodes for IP Cores                                        ; Off                ; Off                ;
; Preserve fewer node names                                                  ; On                 ; On                 ;
; Disable OpenCore Plus hardware evaluation                                  ; Off                ; Off                ;
; Verilog Version                                                            ; Verilog_2001       ; Verilog_2001       ;
; VHDL Version                                                               ; VHDL_1993          ; VHDL_1993          ;
; State Machine Processing                                                   ; Auto               ; Auto               ;
; Safe State Machine                                                         ; Off                ; Off                ;
; Extract Verilog State Machines                                             ; On                 ; On                 ;
; Extract VHDL State Machines                                                ; On                 ; On                 ;
; Ignore Verilog initial constructs                                          ; Off                ; Off                ;
; Iteration limit for constant Verilog loops                                 ; 5000               ; 5000               ;
; Iteration limit for non-constant Verilog loops                             ; 250                ; 250                ;
; Add Pass-Through Logic to Inferred RAMs                                    ; On                 ; On                 ;
; Infer RAMs from Raw Logic                                                  ; On                 ; On                 ;
; Parallel Synthesis                                                         ; On                 ; On                 ;
; DSP Block Balancing                                                        ; Auto               ; Auto               ;
; NOT Gate Push-Back                                                         ; On                 ; On                 ;
; Power-Up Don't Care                                                        ; On                 ; On                 ;
; Remove Redundant Logic Cells                                               ; Off                ; Off                ;
; Remove Duplicate Registers                                                 ; On                 ; On                 ;
; Ignore CARRY Buffers                                                       ; Off                ; Off                ;
; Ignore CASCADE Buffers                                                     ; Off                ; Off                ;
; Ignore GLOBAL Buffers                                                      ; Off                ; Off                ;
; Ignore ROW GLOBAL Buffers                                                  ; Off                ; Off                ;
; Ignore LCELL Buffers                                                       ; Off                ; Off                ;
; Ignore SOFT Buffers                                                        ; On                 ; On                 ;
; Limit AHDL Integers to 32 Bits                                             ; Off                ; Off                ;
; Optimization Technique                                                     ; Balanced           ; Balanced           ;
; Carry Chain Length                                                         ; 70                 ; 70                 ;
; Auto Carry Chains                                                          ; On                 ; On                 ;
; Auto Open-Drain Pins                                                       ; On                 ; On                 ;
; Perform WYSIWYG Primitive Resynthesis                                      ; Off                ; Off                ;
; Auto ROM Replacement                                                       ; On                 ; On                 ;
; Auto RAM Replacement                                                       ; On                 ; On                 ;
; Auto Shift Register Replacement                                            ; Auto               ; Auto               ;
; Allow Shift Register Merging across Hierarchies                            ; Auto               ; Auto               ;
; Auto Clock Enable Replacement                                              ; On                 ; On                 ;
; Strict RAM Replacement                                                     ; Off                ; Off                ;
; Allow Synchronous Control Signals                                          ; On                 ; On                 ;
; Force Use of Synchronous Clear Signals                                     ; Off                ; Off                ;
; Auto RAM to Logic Cell Conversion                                          ; Off                ; Off                ;
; Auto Resource Sharing                                                      ; Off                ; Off                ;
; Allow Any RAM Size For Recognition                                         ; Off                ; Off                ;
; Allow Any ROM Size For Recognition                                         ; Off                ; Off                ;
; Allow Any Shift Register Size For Recognition                              ; Off                ; Off                ;
; Use LogicLock Constraints during Resource Balancing                        ; On                 ; On                 ;
; Ignore translate_off and synthesis_off directives                          ; Off                ; Off                ;
; Timing-Driven Synthesis                                                    ; Off                ; Off                ;
; Report Parameter Settings                                                  ; On                 ; On                 ;
; Report Source Assignments                                                  ; On                 ; On                 ;
; Report Connectivity Checks                                                 ; On                 ; On                 ;
; Ignore Maximum Fan-Out Assignments                                         ; Off                ; Off                ;
; Synchronization Register Chain Length                                      ; 2                  ; 2                  ;
; PowerPlay Power Optimization                                               ; Normal compilation ; Normal compilation ;
; HDL message level                                                          ; Level2             ; Level2             ;
; Suppress Register Optimization Related Messages                            ; Off                ; Off                ;
; Number of Removed Registers Reported in Synthesis Report                   ; 5000               ; 5000               ;
; Number of Swept Nodes Reported in Synthesis Report                         ; 5000               ; 5000               ;
; Number of Inverted Registers Reported in Synthesis Report                  ; 100                ; 100                ;
; Clock MUX Protection                                                       ; On                 ; On                 ;
; Auto Gated Clock Conversion                                                ; Off                ; Off                ;
; Block Design Naming                                                        ; Auto               ; Auto               ;
; SDC constraint protection                                                  ; Off                ; Off                ;
; Synthesis Effort                                                           ; Auto               ; Auto               ;
; Shift Register Replacement - Allow Asynchronous Clear Signal               ; On                 ; On                 ;
; Pre-Mapping Resynthesis Optimization                                       ; Off                ; Off                ;
; Analysis & Synthesis Message Level                                         ; Medium             ; Medium             ;
; Disable Register Merging Across Hierarchies                                ; Auto               ; Auto               ;
; Resource Aware Inference For Block RAM                                     ; On                 ; On                 ;
; Synthesis Seed                                                             ; 1                  ; 1                  ;
+----------------------------------------------------------------------------+--------------------+--------------------+


Parallel compilation was disabled, but you have multiple processors available. Enable parallel compilation to reduce compilation time.
+-------------------------------------+
; Parallel Compilation                ;
+----------------------------+--------+
; Processors                 ; Number ;
+----------------------------+--------+
; Number detected on machine ; 8      ;
; Maximum allowed            ; 1      ;
+----------------------------+--------+


+----------------------------------------------------------------------------------------------------------------------------------------------------------------------------------------------------------------------------------------------------------------+
; Analysis & Synthesis Source Files Read                                                                                                                                                                                                                         ;
+----------------------------------+-----------------+------------------------------+------------------------------------------------------------------------------------------------------------------------------------------------------------------+---------+
; File Name with User-Entered Path ; Used in Netlist ; File Type                    ; File Name with Absolute Path                                                                                                                                     ; Library ;
+----------------------------------+-----------------+------------------------------+------------------------------------------------------------------------------------------------------------------------------------------------------------------+---------+
; registefile.vhd                  ; yes             ; User VHDL File               ; C:/Users/juanlink/Desktop/Proyecto_Arquitectura_II_Tragamonedas-master/Proyecto_Arquitectura_II_Tragamonedas-master/Principal/PrincipalV3/registefile.vhd        ;         ;
; Registro.vhd                     ; yes             ; User VHDL File               ; C:/Users/juanlink/Desktop/Proyecto_Arquitectura_II_Tragamonedas-master/Proyecto_Arquitectura_II_Tragamonedas-master/Principal/PrincipalV3/Registro.vhd           ;         ;
; Mux14.vhd                        ; yes             ; User VHDL File               ; C:/Users/juanlink/Desktop/Proyecto_Arquitectura_II_Tragamonedas-master/Proyecto_Arquitectura_II_Tragamonedas-master/Principal/PrincipalV3/Mux14.vhd              ;         ;
; Mux12.vhd                        ; yes             ; User VHDL File               ; C:/Users/juanlink/Desktop/Proyecto_Arquitectura_II_Tragamonedas-master/Proyecto_Arquitectura_II_Tragamonedas-master/Principal/PrincipalV3/Mux12.vhd              ;         ;
; memoriaram.vhd                   ; yes             ; User VHDL File               ; C:/Users/juanlink/Desktop/Proyecto_Arquitectura_II_Tragamonedas-master/Proyecto_Arquitectura_II_Tragamonedas-master/Principal/PrincipalV3/memoriaram.vhd         ;         ;
; memoria.vhd                      ; yes             ; User VHDL File               ; C:/Users/juanlink/Desktop/Proyecto_Arquitectura_II_Tragamonedas-master/Proyecto_Arquitectura_II_Tragamonedas-master/Principal/PrincipalV3/memoria.vhd            ;         ;
; IR.vhd                           ; yes             ; User VHDL File               ; C:/Users/juanlink/Desktop/Proyecto_Arquitectura_II_Tragamonedas-master/Proyecto_Arquitectura_II_Tragamonedas-master/Principal/PrincipalV3/IR.vhd                 ;         ;
; ALU.vhd                          ; yes             ; User VHDL File               ; C:/Users/juanlink/Desktop/Proyecto_Arquitectura_II_Tragamonedas-master/Proyecto_Arquitectura_II_Tragamonedas-master/Principal/PrincipalV3/ALU.vhd                ;         ;
; Principal.vhd                    ; yes             ; User VHDL File               ; C:/Users/juanlink/Desktop/Proyecto_Arquitectura_II_Tragamonedas-master/Proyecto_Arquitectura_II_Tragamonedas-master/Principal/PrincipalV3/Principal.vhd          ;         ;
; PCounter.vhd                     ; yes             ; User VHDL File               ; C:/Users/juanlink/Desktop/Proyecto_Arquitectura_II_Tragamonedas-master/Proyecto_Arquitectura_II_Tragamonedas-master/Principal/PrincipalV3/PCounter.vhd           ;         ;
; sumPC.vhd                        ; yes             ; User VHDL File               ; C:/Users/juanlink/Desktop/Proyecto_Arquitectura_II_Tragamonedas-master/Proyecto_Arquitectura_II_Tragamonedas-master/Principal/PrincipalV3/sumPC.vhd              ;         ;
; lpm_divide.tdf                   ; yes             ; Megafunction                 ; c:/altera/13.0sp1/quartus/libraries/megafunctions/lpm_divide.tdf                                                                                                 ;         ;
; abs_divider.inc                  ; yes             ; Megafunction                 ; c:/altera/13.0sp1/quartus/libraries/megafunctions/abs_divider.inc                                                                                                ;         ;
; sign_div_unsign.inc              ; yes             ; Megafunction                 ; c:/altera/13.0sp1/quartus/libraries/megafunctions/sign_div_unsign.inc                                                                                            ;         ;
; aglobal130.inc                   ; yes             ; Megafunction                 ; c:/altera/13.0sp1/quartus/libraries/megafunctions/aglobal130.inc                                                                                                 ;         ;
; db/lpm_divide_kto.tdf            ; yes             ; Auto-Generated Megafunction  ; C:/Users/juanlink/Desktop/Proyecto_Arquitectura_II_Tragamonedas-master/Proyecto_Arquitectura_II_Tragamonedas-master/Principal/PrincipalV3/db/lpm_divide_kto.tdf  ;         ;
; db/abs_divider_1dg.tdf           ; yes             ; Auto-Generated Megafunction  ; C:/Users/juanlink/Desktop/Proyecto_Arquitectura_II_Tragamonedas-master/Proyecto_Arquitectura_II_Tragamonedas-master/Principal/PrincipalV3/db/abs_divider_1dg.tdf ;         ;
; db/alt_u_div_e5f.tdf             ; yes             ; Auto-Generated Megafunction  ; C:/Users/juanlink/Desktop/Proyecto_Arquitectura_II_Tragamonedas-master/Proyecto_Arquitectura_II_Tragamonedas-master/Principal/PrincipalV3/db/alt_u_div_e5f.tdf   ;         ;
; db/add_sub_lkc.tdf               ; yes             ; Auto-Generated Megafunction  ; C:/Users/juanlink/Desktop/Proyecto_Arquitectura_II_Tragamonedas-master/Proyecto_Arquitectura_II_Tragamonedas-master/Principal/PrincipalV3/db/add_sub_lkc.tdf     ;         ;
; db/add_sub_mkc.tdf               ; yes             ; Auto-Generated Megafunction  ; C:/Users/juanlink/Desktop/Proyecto_Arquitectura_II_Tragamonedas-master/Proyecto_Arquitectura_II_Tragamonedas-master/Principal/PrincipalV3/db/add_sub_mkc.tdf     ;         ;
; db/lpm_abs_tr9.tdf               ; yes             ; Auto-Generated Megafunction  ; C:/Users/juanlink/Desktop/Proyecto_Arquitectura_II_Tragamonedas-master/Proyecto_Arquitectura_II_Tragamonedas-master/Principal/PrincipalV3/db/lpm_abs_tr9.tdf     ;         ;
; db/lpm_abs_0s9.tdf               ; yes             ; Auto-Generated Megafunction  ; C:/Users/juanlink/Desktop/Proyecto_Arquitectura_II_Tragamonedas-master/Proyecto_Arquitectura_II_Tragamonedas-master/Principal/PrincipalV3/db/lpm_abs_0s9.tdf     ;         ;
; db/lpm_divide_aso.tdf            ; yes             ; Auto-Generated Megafunction  ; C:/Users/juanlink/Desktop/Proyecto_Arquitectura_II_Tragamonedas-master/Proyecto_Arquitectura_II_Tragamonedas-master/Principal/PrincipalV3/db/lpm_divide_aso.tdf  ;         ;
; db/abs_divider_nbg.tdf           ; yes             ; Auto-Generated Megafunction  ; C:/Users/juanlink/Desktop/Proyecto_Arquitectura_II_Tragamonedas-master/Proyecto_Arquitectura_II_Tragamonedas-master/Principal/PrincipalV3/db/abs_divider_nbg.tdf ;         ;
; db/alt_u_div_q2f.tdf             ; yes             ; Auto-Generated Megafunction  ; C:/Users/juanlink/Desktop/Proyecto_Arquitectura_II_Tragamonedas-master/Proyecto_Arquitectura_II_Tragamonedas-master/Principal/PrincipalV3/db/alt_u_div_q2f.tdf   ;         ;
; db/lpm_abs_jq9.tdf               ; yes             ; Auto-Generated Megafunction  ; C:/Users/juanlink/Desktop/Proyecto_Arquitectura_II_Tragamonedas-master/Proyecto_Arquitectura_II_Tragamonedas-master/Principal/PrincipalV3/db/lpm_abs_jq9.tdf     ;         ;
; db/lpm_divide_qlo.tdf            ; yes             ; Auto-Generated Megafunction  ; C:/Users/juanlink/Desktop/Proyecto_Arquitectura_II_Tragamonedas-master/Proyecto_Arquitectura_II_Tragamonedas-master/Principal/PrincipalV3/db/lpm_divide_qlo.tdf  ;         ;
; db/abs_divider_4dg.tdf           ; yes             ; Auto-Generated Megafunction  ; C:/Users/juanlink/Desktop/Proyecto_Arquitectura_II_Tragamonedas-master/Proyecto_Arquitectura_II_Tragamonedas-master/Principal/PrincipalV3/db/abs_divider_4dg.tdf ;         ;
; db/alt_u_div_k5f.tdf             ; yes             ; Auto-Generated Megafunction  ; C:/Users/juanlink/Desktop/Proyecto_Arquitectura_II_Tragamonedas-master/Proyecto_Arquitectura_II_Tragamonedas-master/Principal/PrincipalV3/db/alt_u_div_k5f.tdf   ;         ;
; db/lpm_divide_7so.tdf            ; yes             ; Auto-Generated Megafunction  ; C:/Users/juanlink/Desktop/Proyecto_Arquitectura_II_Tragamonedas-master/Proyecto_Arquitectura_II_Tragamonedas-master/Principal/PrincipalV3/db/lpm_divide_7so.tdf  ;         ;
; db/abs_divider_kbg.tdf           ; yes             ; Auto-Generated Megafunction  ; C:/Users/juanlink/Desktop/Proyecto_Arquitectura_II_Tragamonedas-master/Proyecto_Arquitectura_II_Tragamonedas-master/Principal/PrincipalV3/db/abs_divider_kbg.tdf ;         ;
; db/alt_u_div_k2f.tdf             ; yes             ; Auto-Generated Megafunction  ; C:/Users/juanlink/Desktop/Proyecto_Arquitectura_II_Tragamonedas-master/Proyecto_Arquitectura_II_Tragamonedas-master/Principal/PrincipalV3/db/alt_u_div_k2f.tdf   ;         ;
; db/lpm_abs_gq9.tdf               ; yes             ; Auto-Generated Megafunction  ; C:/Users/juanlink/Desktop/Proyecto_Arquitectura_II_Tragamonedas-master/Proyecto_Arquitectura_II_Tragamonedas-master/Principal/PrincipalV3/db/lpm_abs_gq9.tdf     ;         ;
+----------------------------------+-----------------+------------------------------+------------------------------------------------------------------------------------------------------------------------------------------------------------------+---------+


+-----------------------------------------------------------+
; Analysis & Synthesis Resource Usage Summary               ;
+---------------------------------------------+-------------+
; Resource                                    ; Usage       ;
+---------------------------------------------+-------------+
; Estimated Total logic elements              ; 7,954       ;
;                                             ;             ;
; Total combinational functions               ; 7954        ;
; Logic element usage by number of LUT inputs ;             ;
;     -- 4 input functions                    ; 2492        ;
;     -- 3 input functions                    ; 2547        ;
;     -- <=2 input functions                  ; 2915        ;
;                                             ;             ;
; Logic elements by mode                      ;             ;
;     -- normal mode                          ; 5383        ;
;     -- arithmetic mode                      ; 2571        ;
;                                             ;             ;
; Total registers                             ; 0           ;
;     -- Dedicated logic registers            ; 0           ;
;     -- I/O registers                        ; 0           ;
;                                             ;             ;
; I/O pins                                    ; 51          ;
; Embedded Multiplier 9-bit elements          ; 0           ;
; Maximum fan-out node                        ; apuesta[31] ;
; Maximum fan-out                             ; 358         ;
; Total fan-out                               ; 23095       ;
; Average fan-out                             ; 2.89        ;
+---------------------------------------------+-------------+


+----------------------------------------------------------------------------------------------------------------------------------------------------------------------------------------------------------------------------------------------------------------------------+
; Analysis & Synthesis Resource Utilization by Entity                                                                                                                                                                                                                        ;
+---------------------------------------+-------------------+--------------+-------------+--------------+---------+-----------+------+--------------+---------------------------------------------------------------------------------------------------------+--------------+
; Compilation Hierarchy Node            ; LC Combinationals ; LC Registers ; Memory Bits ; DSP Elements ; DSP 9x9 ; DSP 18x18 ; Pins ; Virtual Pins ; Full Hierarchy Name                                                                                     ; Library Name ;
+---------------------------------------+-------------------+--------------+-------------+--------------+---------+-----------+------+--------------+---------------------------------------------------------------------------------------------------------+--------------+
; |Principal                            ; 7954 (1060)       ; 0 (0)        ; 0           ; 0            ; 0       ; 0         ; 51   ; 0            ; |Principal                                                                                              ; work         ;
;    |lpm_divide:Div0|                  ; 774 (0)           ; 0 (0)        ; 0           ; 0            ; 0       ; 0         ; 0    ; 0            ; |Principal|lpm_divide:Div0                                                                              ; work         ;
;       |lpm_divide_kto:auto_generated| ; 774 (0)           ; 0 (0)        ; 0           ; 0            ; 0       ; 0         ; 0    ; 0            ; |Principal|lpm_divide:Div0|lpm_divide_kto:auto_generated                                                ; work         ;
;          |abs_divider_1dg:divider|    ; 774 (29)          ; 0 (0)        ; 0           ; 0            ; 0       ; 0         ; 0    ; 0            ; |Principal|lpm_divide:Div0|lpm_divide_kto:auto_generated|abs_divider_1dg:divider                        ; work         ;
;             |alt_u_div_e5f:divider|   ; 744 (744)         ; 0 (0)        ; 0           ; 0            ; 0       ; 0         ; 0    ; 0            ; |Principal|lpm_divide:Div0|lpm_divide_kto:auto_generated|abs_divider_1dg:divider|alt_u_div_e5f:divider  ; work         ;
;             |lpm_abs_0s9:my_abs_num|  ; 1 (1)             ; 0 (0)        ; 0           ; 0            ; 0       ; 0         ; 0    ; 0            ; |Principal|lpm_divide:Div0|lpm_divide_kto:auto_generated|abs_divider_1dg:divider|lpm_abs_0s9:my_abs_num ; work         ;
;    |lpm_divide:Div1|                  ; 683 (0)           ; 0 (0)        ; 0           ; 0            ; 0       ; 0         ; 0    ; 0            ; |Principal|lpm_divide:Div1                                                                              ; work         ;
;       |lpm_divide_aso:auto_generated| ; 683 (0)           ; 0 (0)        ; 0           ; 0            ; 0       ; 0         ; 0    ; 0            ; |Principal|lpm_divide:Div1|lpm_divide_aso:auto_generated                                                ; work         ;
;          |abs_divider_nbg:divider|    ; 683 (58)          ; 0 (0)        ; 0           ; 0            ; 0       ; 0         ; 0    ; 0            ; |Principal|lpm_divide:Div1|lpm_divide_aso:auto_generated|abs_divider_nbg:divider                        ; work         ;
;             |alt_u_div_q2f:divider|   ; 625 (625)         ; 0 (0)        ; 0           ; 0            ; 0       ; 0         ; 0    ; 0            ; |Principal|lpm_divide:Div1|lpm_divide_aso:auto_generated|abs_divider_nbg:divider|alt_u_div_q2f:divider  ; work         ;
;    |lpm_divide:Div2|                  ; 511 (0)           ; 0 (0)        ; 0           ; 0            ; 0       ; 0         ; 0    ; 0            ; |Principal|lpm_divide:Div2                                                                              ; work         ;
;       |lpm_divide_7so:auto_generated| ; 511 (0)           ; 0 (0)        ; 0           ; 0            ; 0       ; 0         ; 0    ; 0            ; |Principal|lpm_divide:Div2|lpm_divide_7so:auto_generated                                                ; work         ;
;          |abs_divider_kbg:divider|    ; 511 (62)          ; 0 (0)        ; 0           ; 0            ; 0       ; 0         ; 0    ; 0            ; |Principal|lpm_divide:Div2|lpm_divide_7so:auto_generated|abs_divider_kbg:divider                        ; work         ;
;             |alt_u_div_k2f:divider|   ; 449 (449)         ; 0 (0)        ; 0           ; 0            ; 0       ; 0         ; 0    ; 0            ; |Principal|lpm_divide:Div2|lpm_divide_7so:auto_generated|abs_divider_kbg:divider|alt_u_div_k2f:divider  ; work         ;
;    |lpm_divide:Mod0|                  ; 1588 (0)          ; 0 (0)        ; 0           ; 0            ; 0       ; 0         ; 0    ; 0            ; |Principal|lpm_divide:Mod0                                                                              ; work         ;
;       |lpm_divide_qlo:auto_generated| ; 1588 (0)          ; 0 (0)        ; 0           ; 0            ; 0       ; 0         ; 0    ; 0            ; |Principal|lpm_divide:Mod0|lpm_divide_qlo:auto_generated                                                ; work         ;
;          |abs_divider_4dg:divider|    ; 1588 (64)         ; 0 (0)        ; 0           ; 0            ; 0       ; 0         ; 0    ; 0            ; |Principal|lpm_divide:Mod0|lpm_divide_qlo:auto_generated|abs_divider_4dg:divider                        ; work         ;
;             |alt_u_div_k5f:divider|   ; 1497 (1497)       ; 0 (0)        ; 0           ; 0            ; 0       ; 0         ; 0    ; 0            ; |Principal|lpm_divide:Mod0|lpm_divide_qlo:auto_generated|abs_divider_4dg:divider|alt_u_div_k5f:divider  ; work         ;
;             |lpm_abs_0s9:my_abs_num|  ; 27 (27)           ; 0 (0)        ; 0           ; 0            ; 0       ; 0         ; 0    ; 0            ; |Principal|lpm_divide:Mod0|lpm_divide_qlo:auto_generated|abs_divider_4dg:divider|lpm_abs_0s9:my_abs_num ; work         ;
;    |lpm_divide:Mod1|                  ; 1660 (0)          ; 0 (0)        ; 0           ; 0            ; 0       ; 0         ; 0    ; 0            ; |Principal|lpm_divide:Mod1                                                                              ; work         ;
;       |lpm_divide_qlo:auto_generated| ; 1660 (0)          ; 0 (0)        ; 0           ; 0            ; 0       ; 0         ; 0    ; 0            ; |Principal|lpm_divide:Mod1|lpm_divide_qlo:auto_generated                                                ; work         ;
;          |abs_divider_4dg:divider|    ; 1660 (64)         ; 0 (0)        ; 0           ; 0            ; 0       ; 0         ; 0    ; 0            ; |Principal|lpm_divide:Mod1|lpm_divide_qlo:auto_generated|abs_divider_4dg:divider                        ; work         ;
;             |alt_u_div_k5f:divider|   ; 1553 (1553)       ; 0 (0)        ; 0           ; 0            ; 0       ; 0         ; 0    ; 0            ; |Principal|lpm_divide:Mod1|lpm_divide_qlo:auto_generated|abs_divider_4dg:divider|alt_u_div_k5f:divider  ; work         ;
;             |lpm_abs_0s9:my_abs_num|  ; 43 (43)           ; 0 (0)        ; 0           ; 0            ; 0       ; 0         ; 0    ; 0            ; |Principal|lpm_divide:Mod1|lpm_divide_qlo:auto_generated|abs_divider_4dg:divider|lpm_abs_0s9:my_abs_num ; work         ;
;    |lpm_divide:Mod2|                  ; 1678 (0)          ; 0 (0)        ; 0           ; 0            ; 0       ; 0         ; 0    ; 0            ; |Principal|lpm_divide:Mod2                                                                              ; work         ;
;       |lpm_divide_qlo:auto_generated| ; 1678 (0)          ; 0 (0)        ; 0           ; 0            ; 0       ; 0         ; 0    ; 0            ; |Principal|lpm_divide:Mod2|lpm_divide_qlo:auto_generated                                                ; work         ;
;          |abs_divider_4dg:divider|    ; 1678 (64)         ; 0 (0)        ; 0           ; 0            ; 0       ; 0         ; 0    ; 0            ; |Principal|lpm_divide:Mod2|lpm_divide_qlo:auto_generated|abs_divider_4dg:divider                        ; work         ;
;             |alt_u_div_k5f:divider|   ; 1566 (1566)       ; 0 (0)        ; 0           ; 0            ; 0       ; 0         ; 0    ; 0            ; |Principal|lpm_divide:Mod2|lpm_divide_qlo:auto_generated|abs_divider_4dg:divider|alt_u_div_k5f:divider  ; work         ;
;             |lpm_abs_0s9:my_abs_num|  ; 48 (48)           ; 0 (0)        ; 0           ; 0            ; 0       ; 0         ; 0    ; 0            ; |Principal|lpm_divide:Mod2|lpm_divide_qlo:auto_generated|abs_divider_4dg:divider|lpm_abs_0s9:my_abs_num ; work         ;
+---------------------------------------+-------------------+--------------+-------------+--------------+---------+-----------+------+--------------+---------------------------------------------------------------------------------------------------------+--------------+
Note: For table entries with two numbers listed, the numbers in parentheses indicate the number of resources of the given type used by the specific entity alone. The numbers listed outside of parentheses indicate the total resources of the given type used by the specific entity and all of its sub-entities in the hierarchy.


+----------------------------------------------------------------------------------------------------+
; User-Specified and Inferred Latches                                                                ;
+-----------------------------------------------------+---------------------+------------------------+
; Latch Name                                          ; Latch Enable Signal ; Free of Timing Hazards ;
+-----------------------------------------------------+---------------------+------------------------+
; SSC[0]$latch                                        ; GND                 ; yes                    ;
; SSC[1]$latch                                        ; GND                 ; yes                    ;
; SSC[2]$latch                                        ; GND                 ; yes                    ;
; SSC[3]$latch                                        ; GND                 ; yes                    ;
; SSC[4]$latch                                        ; GND                 ; yes                    ;
; SSC[5]$latch                                        ; GND                 ; yes                    ;
; SSC[6]$latch                                        ; GND                 ; yes                    ;
; apuesta[31]                                         ; apuesta[3]          ; yes                    ;
; apuesta[0]                                          ; apuesta[1]          ; yes                    ;
; apuesta[1]                                          ; apuesta[1]          ; yes                    ;
; apuesta[2]                                          ; apuesta[2]          ; yes                    ;
; apuesta[3]                                          ; apuesta[3]          ; yes                    ;
; apuesta[4]                                          ; apuesta[3]          ; yes                    ;
; apuesta[5]                                          ; apuesta[3]          ; yes                    ;
; apuesta[6]                                          ; apuesta[3]          ; yes                    ;
; apuesta[7]                                          ; apuesta[3]          ; yes                    ;
; apuesta[8]                                          ; apuesta[3]          ; yes                    ;
; apuesta[9]                                          ; apuesta[3]          ; yes                    ;
; apuesta[10]                                         ; apuesta[3]          ; yes                    ;
; apuesta[11]                                         ; apuesta[3]          ; yes                    ;
; apuesta[12]                                         ; apuesta[3]          ; yes                    ;
; apuesta[13]                                         ; apuesta[3]          ; yes                    ;
; apuesta[14]                                         ; apuesta[3]          ; yes                    ;
; apuesta[15]                                         ; apuesta[3]          ; yes                    ;
; apuesta[16]                                         ; apuesta[3]          ; yes                    ;
; apuesta[17]                                         ; apuesta[3]          ; yes                    ;
; apuesta[18]                                         ; apuesta[3]          ; yes                    ;
; apuesta[19]                                         ; apuesta[3]          ; yes                    ;
; apuesta[20]                                         ; apuesta[3]          ; yes                    ;
; apuesta[21]                                         ; apuesta[3]          ; yes                    ;
; apuesta[22]                                         ; apuesta[3]          ; yes                    ;
; apuesta[23]                                         ; apuesta[3]          ; yes                    ;
; apuesta[24]                                         ; apuesta[3]          ; yes                    ;
; apuesta[25]                                         ; apuesta[3]          ; yes                    ;
; apuesta[26]                                         ; apuesta[3]          ; yes                    ;
; apuesta[27]                                         ; apuesta[3]          ; yes                    ;
; apuesta[28]                                         ; apuesta[3]          ; yes                    ;
; apuesta[29]                                         ; apuesta[3]          ; yes                    ;
; apuesta[30]                                         ; apuesta[3]          ; yes                    ;
; Number of user-specified and inferred latches = 39  ;                     ;                        ;
+-----------------------------------------------------+---------------------+------------------------+
Note: All latches listed above may not be present at the end of synthesis due to various synthesis optimizations.


+------------------------------------------------------+
; General Register Statistics                          ;
+----------------------------------------------+-------+
; Statistic                                    ; Value ;
+----------------------------------------------+-------+
; Total registers                              ; 0     ;
; Number of registers using Synchronous Clear  ; 0     ;
; Number of registers using Synchronous Load   ; 0     ;
; Number of registers using Asynchronous Clear ; 0     ;
; Number of registers using Asynchronous Load  ; 0     ;
; Number of registers using Clock Enable       ; 0     ;
; Number of registers using Preset             ; 0     ;
+----------------------------------------------+-------+


+------------------------------------------------------------------------------------------------------------------------------------------+
; Multiplexer Restructuring Statistics (Restructuring Performed)                                                                           ;
+--------------------+-----------+---------------+----------------------+------------------------+------------+----------------------------+
; Multiplexer Inputs ; Bus Width ; Baseline Area ; Area if Restructured ; Saving if Restructured ; Registered ; Example Multiplexer Output ;
+--------------------+-----------+---------------+----------------------+------------------------+------------+----------------------------+
; 8:1                ; 29 bits   ; 145 LEs       ; 145 LEs              ; 0 LEs                  ; No         ; |Principal|apuesta[24]     ;
; 34:1               ; 2 bits    ; 44 LEs        ; 44 LEs               ; 0 LEs                  ; No         ; |Principal|SSC[0]          ;
; 38:1               ; 2 bits    ; 50 LEs        ; 50 LEs               ; 0 LEs                  ; No         ; |Principal|SSC[6]          ;
+--------------------+-----------+---------------+----------------------+------------------------+------------+----------------------------+


+---------------------------------------------------------------------------+
; Parameter Settings for User Entity Instance: Top-level Entity: |Principal ;
+----------------+-------+--------------------------------------------------+
; Parameter Name ; Value ; Type                                             ;
+----------------+-------+--------------------------------------------------+
; BusValores     ; 14    ; Signed Integer                                   ;
; BusInstruc     ; 26    ; Signed Integer                                   ;
; BusAdressIns   ; 8     ; Signed Integer                                   ;
; tr             ; 4     ; Signed Integer                                   ;
; tc             ; 14    ; Signed Integer                                   ;
; top            ; 4     ; Signed Integer                                   ;
; BusAdressVal   ; 5     ; Signed Integer                                   ;
+----------------+-------+--------------------------------------------------+
Note: In order to hide this table in the UI and the text report file, please set the "Show Parameter Settings in Synthesis Report" option in "Analysis and Synthesis Settings -> More Settings" to "Off".


+-----------------------------------------------------------------+
; Parameter Settings for User Entity Instance: memoria:memoriaIns ;
+----------------+-------+----------------------------------------+
; Parameter Name ; Value ; Type                                   ;
+----------------+-------+----------------------------------------+
; businstruc     ; 26    ; Signed Integer                         ;
+----------------+-------+----------------------------------------+
Note: In order to hide this table in the UI and the text report file, please set the "Show Parameter Settings in Synthesis Report" option in "Analysis and Synthesis Settings -> More Settings" to "Off".


+-----------------------------------------------------+
; Parameter Settings for User Entity Instance: IR:irP ;
+----------------+-------+----------------------------+
; Parameter Name ; Value ; Type                       ;
+----------------+-------+----------------------------+
; businstruc     ; 26    ; Signed Integer             ;
; tr             ; 4     ; Signed Integer             ;
; tc             ; 14    ; Signed Integer             ;
; top            ; 4     ; Signed Integer             ;
+----------------+-------+----------------------------+
Note: In order to hide this table in the UI and the text report file, please set the "Show Parameter Settings in Synthesis Report" option in "Analysis and Synthesis Settings -> More Settings" to "Off".


+--------------------------------------------------------------------+
; Parameter Settings for User Entity Instance: registefile:RegisterF ;
+----------------+-------+-------------------------------------------+
; Parameter Name ; Value ; Type                                      ;
+----------------+-------+-------------------------------------------+
; busvalores     ; 14    ; Signed Integer                            ;
; tr             ; 4     ; Signed Integer                            ;
+----------------+-------+-------------------------------------------+
Note: In order to hide this table in the UI and the text report file, please set the "Show Parameter Settings in Synthesis Report" option in "Analysis and Synthesis Settings -> More Settings" to "Off".


+-----------------------------------------------------------------+
; Parameter Settings for User Entity Instance: Registro:RegistroA ;
+----------------+-------+----------------------------------------+
; Parameter Name ; Value ; Type                                   ;
+----------------+-------+----------------------------------------+
; busvalores     ; 14    ; Signed Integer                         ;
+----------------+-------+----------------------------------------+
Note: In order to hide this table in the UI and the text report file, please set the "Show Parameter Settings in Synthesis Report" option in "Analysis and Synthesis Settings -> More Settings" to "Off".


+-----------------------------------------------------------------+
; Parameter Settings for User Entity Instance: Registro:RegistroB ;
+----------------+-------+----------------------------------------+
; Parameter Name ; Value ; Type                                   ;
+----------------+-------+----------------------------------------+
; busvalores     ; 14    ; Signed Integer                         ;
+----------------+-------+----------------------------------------+
Note: In order to hide this table in the UI and the text report file, please set the "Show Parameter Settings in Synthesis Report" option in "Analysis and Synthesis Settings -> More Settings" to "Off".


+---------------------------------------------------------+
; Parameter Settings for User Entity Instance: Mux14:MuxA ;
+----------------+-------+--------------------------------+
; Parameter Name ; Value ; Type                           ;
+----------------+-------+--------------------------------+
; busvalores     ; 14    ; Signed Integer                 ;
+----------------+-------+--------------------------------+
Note: In order to hide this table in the UI and the text report file, please set the "Show Parameter Settings in Synthesis Report" option in "Analysis and Synthesis Settings -> More Settings" to "Off".


+-------------------------------------------------------+
; Parameter Settings for User Entity Instance: ALU:ALU1 ;
+----------------+-------+------------------------------+
; Parameter Name ; Value ; Type                         ;
+----------------+-------+------------------------------+
; busvalores     ; 14    ; Signed Integer               ;
+----------------+-------+------------------------------+
Note: In order to hide this table in the UI and the text report file, please set the "Show Parameter Settings in Synthesis Report" option in "Analysis and Synthesis Settings -> More Settings" to "Off".


+--------------------------------------------------------------+
; Parameter Settings for User Entity Instance: Registro:ALUOut ;
+----------------+-------+-------------------------------------+
; Parameter Name ; Value ; Type                                ;
+----------------+-------+-------------------------------------+
; busvalores     ; 14    ; Signed Integer                      ;
+----------------+-------+-------------------------------------+
Note: In order to hide this table in the UI and the text report file, please set the "Show Parameter Settings in Synthesis Report" option in "Analysis and Synthesis Settings -> More Settings" to "Off".


+---------------------------------------------------------+
; Parameter Settings for User Entity Instance: Mux14:MuxB ;
+----------------+-------+--------------------------------+
; Parameter Name ; Value ; Type                           ;
+----------------+-------+--------------------------------+
; busvalores     ; 14    ; Signed Integer                 ;
+----------------+-------+--------------------------------+
Note: In order to hide this table in the UI and the text report file, please set the "Show Parameter Settings in Synthesis Report" option in "Analysis and Synthesis Settings -> More Settings" to "Off".


+------------------------------------------------------------------+
; Parameter Settings for User Entity Instance: memoriaram:MemDatos ;
+----------------+-------+-----------------------------------------+
; Parameter Name ; Value ; Type                                    ;
+----------------+-------+-----------------------------------------+
; busvalores     ; 14    ; Signed Integer                          ;
+----------------+-------+-----------------------------------------+
Note: In order to hide this table in the UI and the text report file, please set the "Show Parameter Settings in Synthesis Report" option in "Analysis and Synthesis Settings -> More Settings" to "Off".


+----------------------------------------------------------+
; Parameter Settings for User Entity Instance: Mux14:MuxRF ;
+----------------+-------+---------------------------------+
; Parameter Name ; Value ; Type                            ;
+----------------+-------+---------------------------------+
; busvalores     ; 14    ; Signed Integer                  ;
+----------------+-------+---------------------------------+
Note: In order to hide this table in the UI and the text report file, please set the "Show Parameter Settings in Synthesis Report" option in "Analysis and Synthesis Settings -> More Settings" to "Off".


+----------------------------------------------------------+
; Parameter Settings for User Entity Instance: Mux12:MuxPC ;
+----------------+-------+---------------------------------+
; Parameter Name ; Value ; Type                            ;
+----------------+-------+---------------------------------+
; busadressins   ; 8     ; Signed Integer                  ;
+----------------+-------+---------------------------------+
Note: In order to hide this table in the UI and the text report file, please set the "Show Parameter Settings in Synthesis Report" option in "Analysis and Synthesis Settings -> More Settings" to "Off".


+----------------------------------------------------------+
; Parameter Settings for User Entity Instance: PCounter:PC ;
+----------------+-------+---------------------------------+
; Parameter Name ; Value ; Type                            ;
+----------------+-------+---------------------------------+
; tambus         ; 8     ; Signed Integer                  ;
+----------------+-------+---------------------------------+
Note: In order to hide this table in the UI and the text report file, please set the "Show Parameter Settings in Synthesis Report" option in "Analysis and Synthesis Settings -> More Settings" to "Off".


+----------------------------------------------------------+
; Parameter Settings for User Entity Instance: sumPC:PCsum ;
+----------------+-------+---------------------------------+
; Parameter Name ; Value ; Type                            ;
+----------------+-------+---------------------------------+
; wide           ; 8     ; Signed Integer                  ;
+----------------+-------+---------------------------------+
Note: In order to hide this table in the UI and the text report file, please set the "Show Parameter Settings in Synthesis Report" option in "Analysis and Synthesis Settings -> More Settings" to "Off".


+------------------------------------------------------------------+
; Parameter Settings for Inferred Entity Instance: lpm_divide:Div0 ;
+------------------------+----------------+------------------------+
; Parameter Name         ; Value          ; Type                   ;
+------------------------+----------------+------------------------+
; LPM_WIDTHN             ; 32             ; Untyped                ;
; LPM_WIDTHD             ; 11             ; Untyped                ;
; LPM_NREPRESENTATION    ; SIGNED         ; Untyped                ;
; LPM_DREPRESENTATION    ; SIGNED         ; Untyped                ;
; LPM_PIPELINE           ; 0              ; Untyped                ;
; LPM_REMAINDERPOSITIVE  ; FALSE          ; Untyped                ;
; MAXIMIZE_SPEED         ; 5              ; Untyped                ;
; CBXI_PARAMETER         ; lpm_divide_kto ; Untyped                ;
; CARRY_CHAIN            ; MANUAL         ; Untyped                ;
; OPTIMIZE_FOR_SPEED     ; 5              ; Untyped                ;
; AUTO_CARRY_CHAINS      ; ON             ; AUTO_CARRY             ;
; IGNORE_CARRY_BUFFERS   ; OFF            ; IGNORE_CARRY           ;
; AUTO_CASCADE_CHAINS    ; ON             ; AUTO_CASCADE           ;
; IGNORE_CASCADE_BUFFERS ; OFF            ; IGNORE_CASCADE         ;
+------------------------+----------------+------------------------+
Note: In order to hide this table in the UI and the text report file, please set the "Show Parameter Settings in Synthesis Report" option in "Analysis and Synthesis Settings -> More Settings" to "Off".


+------------------------------------------------------------------+
; Parameter Settings for Inferred Entity Instance: lpm_divide:Div1 ;
+------------------------+----------------+------------------------+
; Parameter Name         ; Value          ; Type                   ;
+------------------------+----------------+------------------------+
; LPM_WIDTHN             ; 32             ; Untyped                ;
; LPM_WIDTHD             ; 8              ; Untyped                ;
; LPM_NREPRESENTATION    ; SIGNED         ; Untyped                ;
; LPM_DREPRESENTATION    ; SIGNED         ; Untyped                ;
; LPM_PIPELINE           ; 0              ; Untyped                ;
; LPM_REMAINDERPOSITIVE  ; FALSE          ; Untyped                ;
; MAXIMIZE_SPEED         ; 5              ; Untyped                ;
; CBXI_PARAMETER         ; lpm_divide_aso ; Untyped                ;
; CARRY_CHAIN            ; MANUAL         ; Untyped                ;
; OPTIMIZE_FOR_SPEED     ; 5              ; Untyped                ;
; AUTO_CARRY_CHAINS      ; ON             ; AUTO_CARRY             ;
; IGNORE_CARRY_BUFFERS   ; OFF            ; IGNORE_CARRY           ;
; AUTO_CASCADE_CHAINS    ; ON             ; AUTO_CASCADE           ;
; IGNORE_CASCADE_BUFFERS ; OFF            ; IGNORE_CASCADE         ;
+------------------------+----------------+------------------------+
Note: In order to hide this table in the UI and the text report file, please set the "Show Parameter Settings in Synthesis Report" option in "Analysis and Synthesis Settings -> More Settings" to "Off".


+------------------------------------------------------------------+
; Parameter Settings for Inferred Entity Instance: lpm_divide:Mod0 ;
+------------------------+----------------+------------------------+
; Parameter Name         ; Value          ; Type                   ;
+------------------------+----------------+------------------------+
; LPM_WIDTHN             ; 32             ; Untyped                ;
; LPM_WIDTHD             ; 32             ; Untyped                ;
; LPM_NREPRESENTATION    ; SIGNED         ; Untyped                ;
; LPM_DREPRESENTATION    ; SIGNED         ; Untyped                ;
; LPM_PIPELINE           ; 0              ; Untyped                ;
; LPM_REMAINDERPOSITIVE  ; FALSE          ; Untyped                ;
; MAXIMIZE_SPEED         ; 5              ; Untyped                ;
; CBXI_PARAMETER         ; lpm_divide_qlo ; Untyped                ;
; CARRY_CHAIN            ; MANUAL         ; Untyped                ;
; OPTIMIZE_FOR_SPEED     ; 5              ; Untyped                ;
; AUTO_CARRY_CHAINS      ; ON             ; AUTO_CARRY             ;
; IGNORE_CARRY_BUFFERS   ; OFF            ; IGNORE_CARRY           ;
; AUTO_CASCADE_CHAINS    ; ON             ; AUTO_CASCADE           ;
; IGNORE_CASCADE_BUFFERS ; OFF            ; IGNORE_CASCADE         ;
+------------------------+----------------+------------------------+
Note: In order to hide this table in the UI and the text report file, please set the "Show Parameter Settings in Synthesis Report" option in "Analysis and Synthesis Settings -> More Settings" to "Off".


+------------------------------------------------------------------+
; Parameter Settings for Inferred Entity Instance: lpm_divide:Div2 ;
+------------------------+----------------+------------------------+
; Parameter Name         ; Value          ; Type                   ;
+------------------------+----------------+------------------------+
; LPM_WIDTHN             ; 32             ; Untyped                ;
; LPM_WIDTHD             ; 5              ; Untyped                ;
; LPM_NREPRESENTATION    ; SIGNED         ; Untyped                ;
; LPM_DREPRESENTATION    ; SIGNED         ; Untyped                ;
; LPM_PIPELINE           ; 0              ; Untyped                ;
; LPM_REMAINDERPOSITIVE  ; FALSE          ; Untyped                ;
; MAXIMIZE_SPEED         ; 5              ; Untyped                ;
; CBXI_PARAMETER         ; lpm_divide_7so ; Untyped                ;
; CARRY_CHAIN            ; MANUAL         ; Untyped                ;
; OPTIMIZE_FOR_SPEED     ; 5              ; Untyped                ;
; AUTO_CARRY_CHAINS      ; ON             ; AUTO_CARRY             ;
; IGNORE_CARRY_BUFFERS   ; OFF            ; IGNORE_CARRY           ;
; AUTO_CASCADE_CHAINS    ; ON             ; AUTO_CASCADE           ;
; IGNORE_CASCADE_BUFFERS ; OFF            ; IGNORE_CASCADE         ;
+------------------------+----------------+------------------------+
Note: In order to hide this table in the UI and the text report file, please set the "Show Parameter Settings in Synthesis Report" option in "Analysis and Synthesis Settings -> More Settings" to "Off".


+------------------------------------------------------------------+
; Parameter Settings for Inferred Entity Instance: lpm_divide:Mod1 ;
+------------------------+----------------+------------------------+
; Parameter Name         ; Value          ; Type                   ;
+------------------------+----------------+------------------------+
; LPM_WIDTHN             ; 32             ; Untyped                ;
; LPM_WIDTHD             ; 32             ; Untyped                ;
; LPM_NREPRESENTATION    ; SIGNED         ; Untyped                ;
; LPM_DREPRESENTATION    ; SIGNED         ; Untyped                ;
; LPM_PIPELINE           ; 0              ; Untyped                ;
; LPM_REMAINDERPOSITIVE  ; FALSE          ; Untyped                ;
; MAXIMIZE_SPEED         ; 5              ; Untyped                ;
; CBXI_PARAMETER         ; lpm_divide_qlo ; Untyped                ;
; CARRY_CHAIN            ; MANUAL         ; Untyped                ;
; OPTIMIZE_FOR_SPEED     ; 5              ; Untyped                ;
; AUTO_CARRY_CHAINS      ; ON             ; AUTO_CARRY             ;
; IGNORE_CARRY_BUFFERS   ; OFF            ; IGNORE_CARRY           ;
; AUTO_CASCADE_CHAINS    ; ON             ; AUTO_CASCADE           ;
; IGNORE_CASCADE_BUFFERS ; OFF            ; IGNORE_CASCADE         ;
+------------------------+----------------+------------------------+
Note: In order to hide this table in the UI and the text report file, please set the "Show Parameter Settings in Synthesis Report" option in "Analysis and Synthesis Settings -> More Settings" to "Off".


+------------------------------------------------------------------+
; Parameter Settings for Inferred Entity Instance: lpm_divide:Mod2 ;
+------------------------+----------------+------------------------+
; Parameter Name         ; Value          ; Type                   ;
+------------------------+----------------+------------------------+
; LPM_WIDTHN             ; 32             ; Untyped                ;
; LPM_WIDTHD             ; 32             ; Untyped                ;
; LPM_NREPRESENTATION    ; SIGNED         ; Untyped                ;
; LPM_DREPRESENTATION    ; SIGNED         ; Untyped                ;
; LPM_PIPELINE           ; 0              ; Untyped                ;
; LPM_REMAINDERPOSITIVE  ; FALSE          ; Untyped                ;
; MAXIMIZE_SPEED         ; 5              ; Untyped                ;
; CBXI_PARAMETER         ; lpm_divide_qlo ; Untyped                ;
; CARRY_CHAIN            ; MANUAL         ; Untyped                ;
; OPTIMIZE_FOR_SPEED     ; 5              ; Untyped                ;
; AUTO_CARRY_CHAINS      ; ON             ; AUTO_CARRY             ;
; IGNORE_CARRY_BUFFERS   ; OFF            ; IGNORE_CARRY           ;
; AUTO_CASCADE_CHAINS    ; ON             ; AUTO_CASCADE           ;
; IGNORE_CASCADE_BUFFERS ; OFF            ; IGNORE_CASCADE         ;
+------------------------+----------------+------------------------+
Note: In order to hide this table in the UI and the text report file, please set the "Show Parameter Settings in Synthesis Report" option in "Analysis and Synthesis Settings -> More Settings" to "Off".


+-----------------------------------------+
; Port Connectivity Checks: "PCounter:PC" ;
+------+-------+----------+---------------+
; Port ; Type  ; Severity ; Details       ;
+------+-------+----------+---------------+
; we   ; Input ; Info     ; Stuck at VCC  ;
+------+-------+----------+---------------+


+-----------------------------------------+
; Port Connectivity Checks: "Mux12:MuxPC" ;
+------+-------+----------+---------------+
; Port ; Type  ; Severity ; Details       ;
+------+-------+----------+---------------+
; sel  ; Input ; Info     ; Stuck at VCC  ;
+------+-------+----------+---------------+


+------------------------------------------------------------------------------------------------------------------+
; Port Connectivity Checks: "Mux14:MuxRF"                                                                          ;
+--------+--------+----------+-------------------------------------------------------------------------------------+
; Port   ; Type   ; Severity ; Details                                                                             ;
+--------+--------+----------+-------------------------------------------------------------------------------------+
; output ; Output ; Info     ; Connected to dangling logic. Logic that only feeds a dangling port will be removed. ;
+--------+--------+----------+-------------------------------------------------------------------------------------+


+----------------------------------------------------------------------------------------------------------------+
; Port Connectivity Checks: "ALU:ALU1"                                                                           ;
+------+--------+----------+-------------------------------------------------------------------------------------+
; Port ; Type   ; Severity ; Details                                                                             ;
+------+--------+----------+-------------------------------------------------------------------------------------+
; z    ; Output ; Info     ; Connected to dangling logic. Logic that only feeds a dangling port will be removed. ;
; n    ; Output ; Info     ; Connected to dangling logic. Logic that only feeds a dangling port will be removed. ;
+------+--------+----------+-------------------------------------------------------------------------------------+


+------------------------------------------------------------------------------------------------------------------+
; Port Connectivity Checks: "IR:irP"                                                                               ;
+--------+--------+----------+-------------------------------------------------------------------------------------+
; Port   ; Type   ; Severity ; Details                                                                             ;
+--------+--------+----------+-------------------------------------------------------------------------------------+
; opcode ; Output ; Info     ; Connected to dangling logic. Logic that only feeds a dangling port will be removed. ;
+--------+--------+----------+-------------------------------------------------------------------------------------+


+------------------------------------------------+
; Port Connectivity Checks: "memoria:memoriaIns" ;
+---------+-------+----------+-------------------+
; Port    ; Type  ; Severity ; Details           ;
+---------+-------+----------+-------------------+
; address ; Input ; Info     ; Stuck at GND      ;
+---------+-------+----------+-------------------+


+-------------------------------+
; Elapsed Time Per Partition    ;
+----------------+--------------+
; Partition Name ; Elapsed Time ;
+----------------+--------------+
; Top            ; 00:00:10     ;
+----------------+--------------+


+-------------------------------+
; Analysis & Synthesis Messages ;
+-------------------------------+
Info: *******************************************************************
Info: Running Quartus II 64-Bit Analysis & Synthesis
    Info: Version 13.0.1 Build 232 06/12/2013 Service Pack 1 SJ Web Edition
    Info: Processing started: Thu Nov 15 07:18:01 2018
Info: Command: quartus_map --read_settings_files=on --write_settings_files=off Principal -c Principal
Warning (20028): Parallel compilation is not licensed and has been disabled
Info (12021): Found 2 design units, including 1 entities, in source file registefile.vhd
    Info (12022): Found design unit 1: registefile-registefile_arc
    Info (12023): Found entity 1: registefile
Info (12021): Found 2 design units, including 1 entities, in source file registro.vhd
    Info (12022): Found design unit 1: Registro-Registro_arc
    Info (12023): Found entity 1: Registro
Info (12021): Found 2 design units, including 1 entities, in source file mux14.vhd
    Info (12022): Found design unit 1: Mux14-Mux14_arc
    Info (12023): Found entity 1: Mux14
Info (12021): Found 2 design units, including 1 entities, in source file mux12.vhd
    Info (12022): Found design unit 1: Mux12-Mux12_arc
    Info (12023): Found entity 1: Mux12
Warning (10335): Unrecognized synthesis attribute "ram_style" at memoriaram.vhd(21)
Info (12021): Found 2 design units, including 1 entities, in source file memoriaram.vhd
    Info (12022): Found design unit 1: memoriaram-mem_arc
    Info (12023): Found entity 1: memoriaram
Info (12021): Found 2 design units, including 1 entities, in source file memoria.vhd
    Info (12022): Found design unit 1: memoria-mem_arc
    Info (12023): Found entity 1: memoria
Info (12021): Found 2 design units, including 1 entities, in source file ir.vhd
    Info (12022): Found design unit 1: IR-IR_arc
    Info (12023): Found entity 1: IR
Info (12021): Found 2 design units, including 1 entities, in source file alu.vhd
    Info (12022): Found design unit 1: ALU-ALU_arq
    Info (12023): Found entity 1: ALU
Info (12021): Found 2 design units, including 1 entities, in source file principal.vhd
    Info (12022): Found design unit 1: principal-Principal_arch
    Info (12023): Found entity 1: Principal
Info (12021): Found 2 design units, including 1 entities, in source file pcounter.vhd
    Info (12022): Found design unit 1: PCounter-PCounter_arc
    Info (12023): Found entity 1: PCounter
Info (12021): Found 2 design units, including 1 entities, in source file sumpc.vhd
    Info (12022): Found design unit 1: sumPC-sumPC_arc
    Info (12023): Found entity 1: sumPC
Info (12127): Elaborating entity "Principal" for the top level hierarchy
Warning (10541): VHDL Signal Declaration warning at Principal.vhd(18): used implicit default value for signal "SSU" because signal was never assigned a value or an explicit default value. Use of implicit default value may introduce unintended design optimizations.
Warning (10541): VHDL Signal Declaration warning at Principal.vhd(18): used implicit default value for signal "SSD" because signal was never assigned a value or an explicit default value. Use of implicit default value may introduce unintended design optimizations.
Warning (10541): VHDL Signal Declaration warning at Principal.vhd(18): used implicit default value for signal "SST" because signal was never assigned a value or an explicit default value. Use of implicit default value may introduce unintended design optimizations.
Warning (10541): VHDL Signal Declaration warning at Principal.vhd(123): used implicit default value for signal "WIR" because signal was never assigned a value or an explicit default value. Use of implicit default value may introduce unintended design optimizations.
Warning (10541): VHDL Signal Declaration warning at Principal.vhd(124): used implicit default value for signal "WRF" because signal was never assigned a value or an explicit default value. Use of implicit default value may introduce unintended design optimizations.
Warning (10541): VHDL Signal Declaration warning at Principal.vhd(125): used implicit default value for signal "AluSrcA" because signal was never assigned a value or an explicit default value. Use of implicit default value may introduce unintended design optimizations.
Warning (10541): VHDL Signal Declaration warning at Principal.vhd(125): used implicit default value for signal "DatSel" because signal was never assigned a value or an explicit default value. Use of implicit default value may introduce unintended design optimizations.
Warning (10541): VHDL Signal Declaration warning at Principal.vhd(126): used implicit default value for signal "AluOp" because signal was never assigned a value or an explicit default value. Use of implicit default value may introduce unintended design optimizations.
Warning (10541): VHDL Signal Declaration warning at Principal.vhd(127): used implicit default value for signal "WMD" because signal was never assigned a value or an explicit default value. Use of implicit default value may introduce unintended design optimizations.
Warning (10541): VHDL Signal Declaration warning at Principal.vhd(128): used implicit default value for signal "RMD" because signal was never assigned a value or an explicit default value. Use of implicit default value may introduce unintended design optimizations.
Warning (10541): VHDL Signal Declaration warning at Principal.vhd(129): used implicit default value for signal "DG" because signal was never assigned a value or an explicit default value. Use of implicit default value may introduce unintended design optimizations.
Warning (10541): VHDL Signal Declaration warning at Principal.vhd(130): used implicit default value for signal "Beq" because signal was never assigned a value or an explicit default value. Use of implicit default value may introduce unintended design optimizations.
Warning (10541): VHDL Signal Declaration warning at Principal.vhd(132): used implicit default value for signal "Bne" because signal was never assigned a value or an explicit default value. Use of implicit default value may introduce unintended design optimizations.
Warning (10541): VHDL Signal Declaration warning at Principal.vhd(133): used implicit default value for signal "Bgt" because signal was never assigned a value or an explicit default value. Use of implicit default value may introduce unintended design optimizations.
Warning (10541): VHDL Signal Declaration warning at Principal.vhd(134): used implicit default value for signal "PCWrite" because signal was never assigned a value or an explicit default value. Use of implicit default value may introduce unintended design optimizations.
Warning (10541): VHDL Signal Declaration warning at Principal.vhd(137): used implicit default value for signal "addressIns" because signal was never assigned a value or an explicit default value. Use of implicit default value may introduce unintended design optimizations.
Warning (10036): Verilog HDL or VHDL warning at Principal.vhd(141): object "opcode" assigned a value but never read
Warning (10541): VHDL Signal Declaration warning at Principal.vhd(142): used implicit default value for signal "muldatos" because signal was never assigned a value or an explicit default value. Use of implicit default value may introduce unintended design optimizations.
Warning (10036): Verilog HDL or VHDL warning at Principal.vhd(148): object "DatosRF" assigned a value but never read
Warning (10631): VHDL Process Statement warning at Principal.vhd(180): inferring latch(es) for signal or variable "apuesta", which holds its previous value in one or more paths through the process
Warning (10631): VHDL Process Statement warning at Principal.vhd(180): inferring latch(es) for signal or variable "SSC", which holds its previous value in one or more paths through the process
Info (10041): Inferred latch for "SSC[0]" at Principal.vhd(180)
Info (10041): Inferred latch for "SSC[1]" at Principal.vhd(180)
Info (10041): Inferred latch for "SSC[2]" at Principal.vhd(180)
Info (10041): Inferred latch for "SSC[3]" at Principal.vhd(180)
Info (10041): Inferred latch for "SSC[4]" at Principal.vhd(180)
Info (10041): Inferred latch for "SSC[5]" at Principal.vhd(180)
Info (10041): Inferred latch for "SSC[6]" at Principal.vhd(180)
Info (10041): Inferred latch for "apuesta[3]" at Principal.vhd(205)
Info (10041): Inferred latch for "apuesta[4]" at Principal.vhd(205)
Info (10041): Inferred latch for "apuesta[5]" at Principal.vhd(205)
Info (10041): Inferred latch for "apuesta[6]" at Principal.vhd(205)
Info (10041): Inferred latch for "apuesta[7]" at Principal.vhd(205)
Info (10041): Inferred latch for "apuesta[8]" at Principal.vhd(205)
Info (10041): Inferred latch for "apuesta[9]" at Principal.vhd(205)
Info (10041): Inferred latch for "apuesta[10]" at Principal.vhd(205)
Info (10041): Inferred latch for "apuesta[11]" at Principal.vhd(205)
Info (10041): Inferred latch for "apuesta[12]" at Principal.vhd(205)
Info (10041): Inferred latch for "apuesta[13]" at Principal.vhd(205)
Info (10041): Inferred latch for "apuesta[14]" at Principal.vhd(205)
Info (10041): Inferred latch for "apuesta[15]" at Principal.vhd(205)
Info (10041): Inferred latch for "apuesta[16]" at Principal.vhd(205)
Info (10041): Inferred latch for "apuesta[17]" at Principal.vhd(205)
Info (10041): Inferred latch for "apuesta[18]" at Principal.vhd(205)
Info (10041): Inferred latch for "apuesta[19]" at Principal.vhd(205)
Info (10041): Inferred latch for "apuesta[20]" at Principal.vhd(205)
Info (10041): Inferred latch for "apuesta[21]" at Principal.vhd(205)
Info (10041): Inferred latch for "apuesta[22]" at Principal.vhd(205)
Info (10041): Inferred latch for "apuesta[23]" at Principal.vhd(205)
Info (10041): Inferred latch for "apuesta[24]" at Principal.vhd(205)
Info (10041): Inferred latch for "apuesta[25]" at Principal.vhd(205)
Info (10041): Inferred latch for "apuesta[26]" at Principal.vhd(205)
Info (10041): Inferred latch for "apuesta[27]" at Principal.vhd(205)
Info (10041): Inferred latch for "apuesta[28]" at Principal.vhd(205)
Info (10041): Inferred latch for "apuesta[29]" at Principal.vhd(205)
Info (10041): Inferred latch for "apuesta[30]" at Principal.vhd(205)
Info (10041): Inferred latch for "apuesta[31]" at Principal.vhd(205)
Info (10041): Inferred latch for "apuesta[2]" at Principal.vhd(199)
Info (10041): Inferred latch for "apuesta[1]" at Principal.vhd(193)
Info (10041): Inferred latch for "apuesta[0]" at Principal.vhd(187)
Info (12128): Elaborating entity "memoria" for hierarchy "memoria:memoriaIns"
Warning (10541): VHDL Signal Declaration warning at memoria.vhd(17): used implicit default value for signal "my_rom" because signal was never assigned a value or an explicit default value. Use of implicit default value may introduce unintended design optimizations.
Info (12128): Elaborating entity "IR" for hierarchy "IR:irP"
Info (12128): Elaborating entity "registefile" for hierarchy "registefile:RegisterF"
Warning (10492): VHDL Process Statement warning at registefile.vhd(44): signal "addrR1" is read inside the Process Statement but isn't in the Process Statement's sensitivity list
Warning (10492): VHDL Process Statement warning at registefile.vhd(45): signal "addrR2" is read inside the Process Statement but isn't in the Process Statement's sensitivity list
Info (12128): Elaborating entity "Registro" for hierarchy "Registro:RegistroA"
Info (12128): Elaborating entity "Mux14" for hierarchy "Mux14:MuxA"
Info (10041): Inferred latch for "Output[0]" at Mux14.vhd(32)
Info (10041): Inferred latch for "Output[1]" at Mux14.vhd(32)
Info (10041): Inferred latch for "Output[2]" at Mux14.vhd(32)
Info (10041): Inferred latch for "Output[3]" at Mux14.vhd(32)
Info (10041): Inferred latch for "Output[4]" at Mux14.vhd(32)
Info (10041): Inferred latch for "Output[5]" at Mux14.vhd(32)
Info (10041): Inferred latch for "Output[6]" at Mux14.vhd(32)
Info (10041): Inferred latch for "Output[7]" at Mux14.vhd(32)
Info (10041): Inferred latch for "Output[8]" at Mux14.vhd(32)
Info (10041): Inferred latch for "Output[9]" at Mux14.vhd(32)
Info (10041): Inferred latch for "Output[10]" at Mux14.vhd(32)
Info (10041): Inferred latch for "Output[11]" at Mux14.vhd(32)
Info (10041): Inferred latch for "Output[12]" at Mux14.vhd(32)
Info (10041): Inferred latch for "Output[13]" at Mux14.vhd(32)
Info (12128): Elaborating entity "ALU" for hierarchy "ALU:ALU1"
Info (10041): Inferred latch for "OUTPUT[0]" at ALU.vhd(38)
Info (10041): Inferred latch for "OUTPUT[1]" at ALU.vhd(38)
Info (10041): Inferred latch for "OUTPUT[2]" at ALU.vhd(38)
Info (10041): Inferred latch for "OUTPUT[3]" at ALU.vhd(38)
Info (10041): Inferred latch for "OUTPUT[4]" at ALU.vhd(38)
Info (10041): Inferred latch for "OUTPUT[5]" at ALU.vhd(38)
Info (10041): Inferred latch for "OUTPUT[6]" at ALU.vhd(38)
Info (10041): Inferred latch for "OUTPUT[7]" at ALU.vhd(38)
Info (10041): Inferred latch for "OUTPUT[8]" at ALU.vhd(38)
Info (10041): Inferred latch for "OUTPUT[9]" at ALU.vhd(38)
Info (10041): Inferred latch for "OUTPUT[10]" at ALU.vhd(38)
Info (10041): Inferred latch for "OUTPUT[11]" at ALU.vhd(38)
Info (10041): Inferred latch for "OUTPUT[12]" at ALU.vhd(38)
Info (10041): Inferred latch for "OUTPUT[13]" at ALU.vhd(38)
Info (12128): Elaborating entity "memoriaram" for hierarchy "memoriaram:MemDatos"
Info (12128): Elaborating entity "Mux12" for hierarchy "Mux12:MuxPC"
Info (10041): Inferred latch for "Output[0]" at Mux12.vhd(32)
Info (10041): Inferred latch for "Output[1]" at Mux12.vhd(32)
Info (10041): Inferred latch for "Output[2]" at Mux12.vhd(32)
Info (10041): Inferred latch for "Output[3]" at Mux12.vhd(32)
Info (10041): Inferred latch for "Output[4]" at Mux12.vhd(32)
Info (10041): Inferred latch for "Output[5]" at Mux12.vhd(32)
Info (10041): Inferred latch for "Output[6]" at Mux12.vhd(32)
Info (10041): Inferred latch for "Output[7]" at Mux12.vhd(32)
Info (12128): Elaborating entity "PCounter" for hierarchy "PCounter:PC"
Info (12128): Elaborating entity "sumPC" for hierarchy "sumPC:PCsum"
Info (278001): Inferred 6 megafunctions from design logic
    Info (278004): Inferred divider/modulo megafunction ("lpm_divide") from the following logic: "Div0"
    Info (278004): Inferred divider/modulo megafunction ("lpm_divide") from the following logic: "Div1"
    Info (278004): Inferred divider/modulo megafunction ("lpm_divide") from the following logic: "Mod0"
    Info (278004): Inferred divider/modulo megafunction ("lpm_divide") from the following logic: "Div2"
    Info (278004): Inferred divider/modulo megafunction ("lpm_divide") from the following logic: "Mod1"
    Info (278004): Inferred divider/modulo megafunction ("lpm_divide") from the following logic: "Mod2"
Info (12130): Elaborated megafunction instantiation "lpm_divide:Div0"
Info (12133): Instantiated megafunction "lpm_divide:Div0" with the following parameter:
    Info (12134): Parameter "LPM_WIDTHN" = "32"
    Info (12134): Parameter "LPM_WIDTHD" = "11"
    Info (12134): Parameter "LPM_NREPRESENTATION" = "SIGNED"
    Info (12134): Parameter "LPM_DREPRESENTATION" = "SIGNED"
    Info (12134): Parameter "LPM_HINT" = "LPM_REMAINDERPOSITIVE=FALSE"
Info (12021): Found 1 design units, including 1 entities, in source file db/lpm_divide_kto.tdf
    Info (12023): Found entity 1: lpm_divide_kto
Info (12021): Found 1 design units, including 1 entities, in source file db/abs_divider_1dg.tdf
    Info (12023): Found entity 1: abs_divider_1dg
Info (12021): Found 1 design units, including 1 entities, in source file db/alt_u_div_e5f.tdf
    Info (12023): Found entity 1: alt_u_div_e5f
Info (12021): Found 1 design units, including 1 entities, in source file db/add_sub_lkc.tdf
    Info (12023): Found entity 1: add_sub_lkc
Info (12021): Found 1 design units, including 1 entities, in source file db/add_sub_mkc.tdf
    Info (12023): Found entity 1: add_sub_mkc
Info (12021): Found 1 design units, including 1 entities, in source file db/lpm_abs_tr9.tdf
    Info (12023): Found entity 1: lpm_abs_tr9
Info (12021): Found 1 design units, including 1 entities, in source file db/lpm_abs_0s9.tdf
    Info (12023): Found entity 1: lpm_abs_0s9
Info (12130): Elaborated megafunction instantiation "lpm_divide:Div1"
Info (12133): Instantiated megafunction "lpm_divide:Div1" with the following parameter:
    Info (12134): Parameter "LPM_WIDTHN" = "32"
    Info (12134): Parameter "LPM_WIDTHD" = "8"
    Info (12134): Parameter "LPM_NREPRESENTATION" = "SIGNED"
    Info (12134): Parameter "LPM_DREPRESENTATION" = "SIGNED"
    Info (12134): Parameter "LPM_HINT" = "LPM_REMAINDERPOSITIVE=FALSE"
Info (12021): Found 1 design units, including 1 entities, in source file db/lpm_divide_aso.tdf
    Info (12023): Found entity 1: lpm_divide_aso
Info (12021): Found 1 design units, including 1 entities, in source file db/abs_divider_nbg.tdf
    Info (12023): Found entity 1: abs_divider_nbg
Info (12021): Found 1 design units, including 1 entities, in source file db/alt_u_div_q2f.tdf
    Info (12023): Found entity 1: alt_u_div_q2f
Info (12021): Found 1 design units, including 1 entities, in source file db/lpm_abs_jq9.tdf
    Info (12023): Found entity 1: lpm_abs_jq9
Info (12130): Elaborated megafunction instantiation "lpm_divide:Mod0"
Info (12133): Instantiated megafunction "lpm_divide:Mod0" with the following parameter:
    Info (12134): Parameter "LPM_WIDTHN" = "32"
    Info (12134): Parameter "LPM_WIDTHD" = "32"
    Info (12134): Parameter "LPM_NREPRESENTATION" = "SIGNED"
    Info (12134): Parameter "LPM_DREPRESENTATION" = "SIGNED"
    Info (12134): Parameter "LPM_HINT" = "LPM_REMAINDERPOSITIVE=FALSE"
Info (12021): Found 1 design units, including 1 entities, in source file db/lpm_divide_qlo.tdf
    Info (12023): Found entity 1: lpm_divide_qlo
Info (12021): Found 1 design units, including 1 entities, in source file db/abs_divider_4dg.tdf
    Info (12023): Found entity 1: abs_divider_4dg
Info (12021): Found 1 design units, including 1 entities, in source file db/alt_u_div_k5f.tdf
    Info (12023): Found entity 1: alt_u_div_k5f
Info (12130): Elaborated megafunction instantiation "lpm_divide:Div2"
Info (12133): Instantiated megafunction "lpm_divide:Div2" with the following parameter:
    Info (12134): Parameter "LPM_WIDTHN" = "32"
    Info (12134): Parameter "LPM_WIDTHD" = "5"
    Info (12134): Parameter "LPM_NREPRESENTATION" = "SIGNED"
    Info (12134): Parameter "LPM_DREPRESENTATION" = "SIGNED"
    Info (12134): Parameter "LPM_HINT" = "LPM_REMAINDERPOSITIVE=FALSE"
Info (12021): Found 1 design units, including 1 entities, in source file db/lpm_divide_7so.tdf
    Info (12023): Found entity 1: lpm_divide_7so
Info (12021): Found 1 design units, including 1 entities, in source file db/abs_divider_kbg.tdf
    Info (12023): Found entity 1: abs_divider_kbg
Info (12021): Found 1 design units, including 1 entities, in source file db/alt_u_div_k2f.tdf
    Info (12023): Found entity 1: alt_u_div_k2f
Info (12021): Found 1 design units, including 1 entities, in source file db/lpm_abs_gq9.tdf
    Info (12023): Found entity 1: lpm_abs_gq9
Info (13014): Ignored 183 buffer(s)
    Info (13016): Ignored 183 CARRY_SUM buffer(s)
Warning (13012): Latch apuesta[31] has unsafe behavior
    Warning (13013): Ports D and ENA on the latch are fed by the same signal switches[7]
Warning (13012): Latch apuesta[0] has unsafe behavior
    Warning (13013): Ports D and ENA on the latch are fed by the same signal switches[1]
Warning (13012): Latch apuesta[1] has unsafe behavior
    Warning (13013): Ports D and ENA on the latch are fed by the same signal switches[3]
Warning (13012): Latch apuesta[2] has unsafe behavior
    Warning (13013): Ports D and ENA on the latch are fed by the same signal switches[5]
Warning (13012): Latch apuesta[3] has unsafe behavior
    Warning (13013): Ports D and ENA on the latch are fed by the same signal switches[7]
Warning (13012): Latch apuesta[4] has unsafe behavior
    Warning (13013): Ports D and ENA on the latch are fed by the same signal switches[7]
Warning (13012): Latch apuesta[5] has unsafe behavior
    Warning (13013): Ports D and ENA on the latch are fed by the same signal switches[7]
Warning (13012): Latch apuesta[6] has unsafe behavior
    Warning (13013): Ports D and ENA on the latch are fed by the same signal switches[7]
Warning (13012): Latch apuesta[7] has unsafe behavior
    Warning (13013): Ports D and ENA on the latch are fed by the same signal switches[7]
Warning (13012): Latch apuesta[8] has unsafe behavior
    Warning (13013): Ports D and ENA on the latch are fed by the same signal switches[7]
Warning (13012): Latch apuesta[9] has unsafe behavior
    Warning (13013): Ports D and ENA on the latch are fed by the same signal switches[7]
Warning (13012): Latch apuesta[10] has unsafe behavior
    Warning (13013): Ports D and ENA on the latch are fed by the same signal switches[7]
Warning (13012): Latch apuesta[11] has unsafe behavior
    Warning (13013): Ports D and ENA on the latch are fed by the same signal switches[7]
Warning (13012): Latch apuesta[12] has unsafe behavior
    Warning (13013): Ports D and ENA on the latch are fed by the same signal switches[7]
Warning (13012): Latch apuesta[13] has unsafe behavior
    Warning (13013): Ports D and ENA on the latch are fed by the same signal switches[7]
Warning (13012): Latch apuesta[14] has unsafe behavior
    Warning (13013): Ports D and ENA on the latch are fed by the same signal switches[7]
Warning (13012): Latch apuesta[15] has unsafe behavior
    Warning (13013): Ports D and ENA on the latch are fed by the same signal switches[7]
Warning (13012): Latch apuesta[16] has unsafe behavior
    Warning (13013): Ports D and ENA on the latch are fed by the same signal switches[7]
Warning (13012): Latch apuesta[17] has unsafe behavior
    Warning (13013): Ports D and ENA on the latch are fed by the same signal switches[7]
Warning (13012): Latch apuesta[18] has unsafe behavior
    Warning (13013): Ports D and ENA on the latch are fed by the same signal switches[7]
Warning (13012): Latch apuesta[19] has unsafe behavior
    Warning (13013): Ports D and ENA on the latch are fed by the same signal switches[7]
Warning (13012): Latch apuesta[20] has unsafe behavior
    Warning (13013): Ports D and ENA on the latch are fed by the same signal switches[7]
Warning (13012): Latch apuesta[21] has unsafe behavior
    Warning (13013): Ports D and ENA on the latch are fed by the same signal switches[7]
Warning (13012): Latch apuesta[22] has unsafe behavior
    Warning (13013): Ports D and ENA on the latch are fed by the same signal switches[7]
Warning (13012): Latch apuesta[23] has unsafe behavior
    Warning (13013): Ports D and ENA on the latch are fed by the same signal switches[7]
Warning (13012): Latch apuesta[24] has unsafe behavior
    Warning (13013): Ports D and ENA on the latch are fed by the same signal switches[7]
Warning (13012): Latch apuesta[25] has unsafe behavior
    Warning (13013): Ports D and ENA on the latch are fed by the same signal switches[7]
Warning (13012): Latch apuesta[26] has unsafe behavior
    Warning (13013): Ports D and ENA on the latch are fed by the same signal switches[7]
Warning (13012): Latch apuesta[27] has unsafe behavior
    Warning (13013): Ports D and ENA on the latch are fed by the same signal switches[7]
Warning (13012): Latch apuesta[28] has unsafe behavior
    Warning (13013): Ports D and ENA on the latch are fed by the same signal switches[7]
Warning (13012): Latch apuesta[29] has unsafe behavior
    Warning (13013): Ports D and ENA on the latch are fed by the same signal switches[7]
Warning (13012): Latch apuesta[30] has unsafe behavior
    Warning (13013): Ports D and ENA on the latch are fed by the same signal switches[7]
Warning (13024): Output pins are stuck at VCC or GND
    Warning (13410): Pin "SSU[0]" is stuck at GND
    Warning (13410): Pin "SSU[1]" is stuck at GND
    Warning (13410): Pin "SSU[2]" is stuck at GND
    Warning (13410): Pin "SSU[3]" is stuck at GND
    Warning (13410): Pin "SSU[4]" is stuck at GND
    Warning (13410): Pin "SSU[5]" is stuck at GND
    Warning (13410): Pin "SSU[6]" is stuck at GND
    Warning (13410): Pin "SSD[0]" is stuck at GND
    Warning (13410): Pin "SSD[1]" is stuck at GND
    Warning (13410): Pin "SSD[2]" is stuck at GND
    Warning (13410): Pin "SSD[3]" is stuck at GND
    Warning (13410): Pin "SSD[4]" is stuck at GND
    Warning (13410): Pin "SSD[5]" is stuck at GND
    Warning (13410): Pin "SSD[6]" is stuck at GND
    Warning (13410): Pin "SST[0]" is stuck at GND
    Warning (13410): Pin "SST[1]" is stuck at GND
    Warning (13410): Pin "SST[2]" is stuck at GND
    Warning (13410): Pin "SST[3]" is stuck at GND
    Warning (13410): Pin "SST[4]" is stuck at GND
    Warning (13410): Pin "SST[5]" is stuck at GND
    Warning (13410): Pin "SST[6]" is stuck at GND
Info (16010): Generating hard_block partition "hard_block:auto_generated_inst"
    Info (16011): Adding 0 node(s), including 0 DDIO, 0 PLL, 0 transceiver and 0 LCELL
Warning (21074): Design contains 15 input pin(s) that do not drive logic
    Warning (15610): No output dependent on input pin "clk"
    Warning (15610): No output dependent on input pin "entrada[0]"
    Warning (15610): No output dependent on input pin "entrada[1]"
    Warning (15610): No output dependent on input pin "entrada[2]"
    Warning (15610): No output dependent on input pin "entrada[3]"
    Warning (15610): No output dependent on input pin "entrada[4]"
    Warning (15610): No output dependent on input pin "entrada[5]"
    Warning (15610): No output dependent on input pin "entrada[6]"
    Warning (15610): No output dependent on input pin "entrada[7]"
    Warning (15610): No output dependent on input pin "entrada[8]"
    Warning (15610): No output dependent on input pin "entrada[9]"
    Warning (15610): No output dependent on input pin "entrada[10]"
    Warning (15610): No output dependent on input pin "entrada[11]"
    Warning (15610): No output dependent on input pin "entrada[12]"
    Warning (15610): No output dependent on input pin "entrada[13]"
Info (21057): Implemented 8005 device resources after synthesis - the final resource count might be different
    Info (21058): Implemented 23 input pins
    Info (21059): Implemented 28 output pins
    Info (21061): Implemented 7954 logic cells
Info: Quartus II 64-Bit Analysis & Synthesis was successful. 0 errors, 128 warnings
    Info: Peak virtual memory: 634 megabytes
    Info: Processing ended: Thu Nov 15 07:18:14 2018
    Info: Elapsed time: 00:00:13
    Info: Total CPU time (on all processors): 00:00:13


