Flow report for PCounter
Thu Nov 15 02:45:06 2018
Quartus II 64-Bit Version 13.0.1 Build 232 06/12/2013 Service Pack 1 SJ Web Edition


---------------------
; Table of Contents ;
---------------------
  1. Legal Notice
  2. Flow Summary
  3. Flow Settings
  4. Flow Non-Default Global Settings
  5. Flow Elapsed Time
  6. Flow OS Summary
  7. Flow Log
  8. Flow Messages
  9. Flow Suppressed Messages



----------------
; Legal Notice ;
----------------
Copyright (C) 1991-2013 Altera Corporation
Your use of Altera Corporation's design tools, logic functions 
and other software and tools, and its AMPP partner logic 
functions, and any output files from any of the foregoing 
(including device programming or simulation files), and any 
associated documentation or information are expressly subject 
to the terms and conditions of the Altera Program License 
Subscription Agreement, Altera MegaCore Function License 
Agreement, or other applicable license agreement, including, 
without limitation, that your use is for the sole purpose of 
programming logic devices manufactured by Altera and sold by 
Altera or its authorized distributors.  Please refer to the 
applicable agreement for further details.



+--------------------------------------------------------------------------------------+
; Flow Summary                                                                         ;
+------------------------------------+-------------------------------------------------+
; Flow Status                        ; Successful - Thu Nov 15 02:45:06 2018           ;
; Quartus II 64-Bit Version          ; 13.0.1 Build 232 06/12/2013 SP 1 SJ Web Edition ;
; Revision Name                      ; PCounter                                        ;
; Top-level Entity Name              ; PCounter                                        ;
; Family                             ; Cyclone II                                      ;
; Device                             ; EP2C20F484C7                                    ;
; Timing Models                      ; Final                                           ;
; Total logic elements               ; 8 / 18,752 ( < 1 % )                            ;
;     Total combinational functions  ; 0 / 18,752 ( 0 % )                              ;
;     Dedicated logic registers      ; 8 / 18,752 ( < 1 % )                            ;
; Total registers                    ; 8                                               ;
; Total pins                         ; 18 / 315 ( 6 % )                                ;
; Total virtual pins                 ; 0                                               ;
; Total memory bits                  ; 0 / 239,616 ( 0 % )                             ;
; Embedded Multiplier 9-bit elements ; 0 / 52 ( 0 % )                                  ;
; Total PLLs                         ; 0 / 4 ( 0 % )                                   ;
+------------------------------------+-------------------------------------------------+


+-----------------------------------------+
; Flow Settings                           ;
+-------------------+---------------------+
; Option            ; Setting             ;
+-------------------+---------------------+
; Start date & time ; 11/15/2018 02:42:30 ;
; Main task         ; Compilation         ;
; Revision Name     ; PCounter            ;
+-------------------+---------------------+


+----------------------------------------------------------------------------------------------------------------------+
; Flow Non-Default Global Settings                                                                                     ;
+-------------------------------------+---------------------------------+---------------+-------------+----------------+
; Assignment Name                     ; Value                           ; Default Value ; Entity Name ; Section Id     ;
+-------------------------------------+---------------------------------+---------------+-------------+----------------+
; COMPILER_SIGNATURE_ID               ; 102228231471534.154226775001652 ; --            ; --          ; --             ;
; EDA_GENERATE_FUNCTIONAL_NETLIST     ; On                              ; --            ; --          ; eda_simulation ;
; EDA_OUTPUT_DATA_FORMAT              ; Verilog Hdl                     ; --            ; --          ; eda_simulation ;
; EDA_SIMULATION_TOOL                 ; ModelSim-Altera (Verilog)       ; <None>        ; --          ; --             ;
; MAX_CORE_JUNCTION_TEMP              ; 85                              ; --            ; --          ; --             ;
; MIN_CORE_JUNCTION_TEMP              ; 0                               ; --            ; --          ; --             ;
; PARTITION_COLOR                     ; 16764057                        ; --            ; --          ; Top            ;
; PARTITION_FITTER_PRESERVATION_LEVEL ; PLACEMENT_AND_ROUTING           ; --            ; --          ; Top            ;
; PARTITION_NETLIST_TYPE              ; SOURCE                          ; --            ; --          ; Top            ;
; PROJECT_OUTPUT_DIRECTORY            ; output_files                    ; --            ; --          ; --             ;
+-------------------------------------+---------------------------------+---------------+-------------+----------------+


+-------------------------------------------------------------------------------------------------------------------------------+
; Flow Elapsed Time                                                                                                             ;
+---------------------------+--------------+-------------------------+---------------------+------------------------------------+
; Module Name               ; Elapsed Time ; Average Processors Used ; Peak Virtual Memory ; Total CPU Time (on all processors) ;
+---------------------------+--------------+-------------------------+---------------------+------------------------------------+
; Analysis & Synthesis      ; 00:00:02     ; 1.0                     ; 533 MB              ; 00:00:02                           ;
; Fitter                    ; 00:00:05     ; 1.0                     ; 728 MB              ; 00:00:04                           ;
; Assembler                 ; 00:00:02     ; 1.0                     ; 441 MB              ; 00:00:02                           ;
; TimeQuest Timing Analyzer ; 00:00:02     ; 1.0                     ; 430 MB              ; 00:00:01                           ;
; EDA Netlist Writer        ; 00:00:01     ; 1.0                     ; 401 MB              ; 00:00:01                           ;
; EDA Netlist Writer        ; 00:00:01     ; 1.0                     ; 409 MB              ; 00:00:01                           ;
; EDA Netlist Writer        ; 00:00:01     ; 1.0                     ; 409 MB              ; 00:00:01                           ;
; EDA Netlist Writer        ; 00:00:01     ; 1.0                     ; 409 MB              ; 00:00:01                           ;
; EDA Netlist Writer        ; 00:00:01     ; 1.0                     ; 409 MB              ; 00:00:01                           ;
; EDA Netlist Writer        ; 00:00:00     ; 1.0                     ; 409 MB              ; 00:00:01                           ;
; EDA Netlist Writer        ; 00:00:00     ; 1.0                     ; 409 MB              ; 00:00:01                           ;
; Total                     ; 00:00:16     ; --                      ; --                  ; 00:00:16                           ;
+---------------------------+--------------+-------------------------+---------------------+------------------------------------+


+----------------------------------------------------------------------------------------+
; Flow OS Summary                                                                        ;
+---------------------------+------------------+-----------+------------+----------------+
; Module Name               ; Machine Hostname ; OS Name   ; OS Version ; Processor type ;
+---------------------------+------------------+-----------+------------+----------------+
; Analysis & Synthesis      ; PC21WIN10        ; Windows 7 ; 6.2        ; x86_64         ;
; Fitter                    ; PC21WIN10        ; Windows 7 ; 6.2        ; x86_64         ;
; Assembler                 ; PC21WIN10        ; Windows 7 ; 6.2        ; x86_64         ;
; TimeQuest Timing Analyzer ; PC21WIN10        ; Windows 7 ; 6.2        ; x86_64         ;
; EDA Netlist Writer        ; PC21WIN10        ; Windows 7 ; 6.2        ; x86_64         ;
; EDA Netlist Writer        ; PC21WIN10        ; Windows 7 ; 6.2        ; x86_64         ;
; EDA Netlist Writer        ; PC21WIN10        ; Windows 7 ; 6.2        ; x86_64         ;
; EDA Netlist Writer        ; PC21WIN10        ; Windows 7 ; 6.2        ; x86_64         ;
; EDA Netlist Writer        ; PC21WIN10        ; Windows 7 ; 6.2        ; x86_64         ;
; EDA Netlist Writer        ; PC21WIN10        ; Windows 7 ; 6.2        ; x86_64         ;
; EDA Netlist Writer        ; PC21WIN10        ; Windows 7 ; 6.2        ; x86_64         ;
+---------------------------+------------------+-----------+------------+----------------+


------------
; Flow Log ;
------------
quartus_map --read_settings_files=on --write_settings_files=off PCounter -c PCounter
quartus_fit --read_settings_files=off --write_settings_files=off PCounter -c PCounter
quartus_asm --read_settings_files=off --write_settings_files=off PCounter -c PCounter
quartus_sta PCounter -c PCounter
quartus_eda --read_settings_files=off --write_settings_files=off PCounter -c PCounter
quartus_eda --gen_testbench --check_outputs=on --tool=modelsim_oem --format=verilog PCounter -c PCounter --vector_source=C:/VHDL/PCounter/Waveform.vwf --testbench_file=./simulation/qsim/PCounter.vt
quartus_eda --functional=on --simulation=on --tool=modelsim_oem --format=verilog PCounter -c PCounter
quartus_eda --gen_testbench --check_outputs=on --tool=modelsim_oem --format=verilog PCounter -c PCounter --vector_source=C:/VHDL/PCounter/Waveform.vwf --testbench_file=./simulation/qsim/PCounter.vt
quartus_eda --functional=on --simulation=on --tool=modelsim_oem --format=verilog PCounter -c PCounter
quartus_eda --gen_testbench --check_outputs=on --tool=modelsim_oem --format=verilog PCounter -c PCounter --vector_source=C:/VHDL/PCounter/Waveform.vwf --testbench_file=./simulation/qsim/PCounter.vt
quartus_eda --functional=on --simulation=on --tool=modelsim_oem --format=verilog PCounter -c PCounter



