TimeQuest Timing Analyzer report for mostrar
Sat Nov 17 10:26:50 2018
Quartus II 64-Bit Version 13.0.1 Build 232 06/12/2013 Service Pack 1 SJ Web Edition


---------------------
; Table of Contents ;
---------------------
  1. Legal Notice
  2. TimeQuest Timing Analyzer Summary
  3. Parallel Compilation
  4. Clocks
  5. Slow Model Fmax Summary
  6. Slow Model Setup Summary
  7. Slow Model Hold Summary
  8. Slow Model Recovery Summary
  9. Slow Model Removal Summary
 10. Slow Model Minimum Pulse Width Summary
 11. Slow Model Minimum Pulse Width: 'boton'
 12. Clock to Output Times
 13. Minimum Clock to Output Times
 14. Fast Model Setup Summary
 15. Fast Model Hold Summary
 16. Fast Model Recovery Summary
 17. Fast Model Removal Summary
 18. Fast Model Minimum Pulse Width Summary
 19. Fast Model Minimum Pulse Width: 'boton'
 20. Clock to Output Times
 21. Minimum Clock to Output Times
 22. Multicorner Timing Analysis Summary
 23. Clock to Output Times
 24. Minimum Clock to Output Times
 25. Clock Transfers
 26. Report TCCS
 27. Report RSKM
 28. Unconstrained Paths
 29. TimeQuest Timing Analyzer Messages



----------------
; Legal Notice ;
----------------
Copyright (C) 1991-2013 Altera Corporation
Your use of Altera Corporation's design tools, logic functions 
and other software and tools, and its AMPP partner logic 
functions, and any output files from any of the foregoing 
(including device programming or simulation files), and any 
associated documentation or information are expressly subject 
to the terms and conditions of the Altera Program License 
Subscription Agreement, Altera MegaCore Function License 
Agreement, or other applicable license agreement, including, 
without limitation, that your use is for the sole purpose of 
programming logic devices manufactured by Altera and sold by 
Altera or its authorized distributors.  Please refer to the 
applicable agreement for further details.



+----------------------------------------------------------------------------------------+
; TimeQuest Timing Analyzer Summary                                                      ;
+--------------------+-------------------------------------------------------------------+
; Quartus II Version ; Version 13.0.1 Build 232 06/12/2013 Service Pack 1 SJ Web Edition ;
; Revision Name      ; mostrar                                                           ;
; Device Family      ; Cyclone II                                                        ;
; Device Name        ; EP2C20F484C7                                                      ;
; Timing Models      ; Final                                                             ;
; Delay Model        ; Combined                                                          ;
; Rise/Fall Delays   ; Unavailable                                                       ;
+--------------------+-------------------------------------------------------------------+


Parallel compilation was disabled, but you have multiple processors available. Enable parallel compilation to reduce compilation time.
+-------------------------------------+
; Parallel Compilation                ;
+----------------------------+--------+
; Processors                 ; Number ;
+----------------------------+--------+
; Number detected on machine ; 4      ;
; Maximum allowed            ; 1      ;
+----------------------------+--------+


+-----------------------------------------------------------------------------------------------------------------------------------------------------------------------------------+
; Clocks                                                                                                                                                                            ;
+------------+------+--------+------------+-------+-------+------------+-----------+-------------+-------+--------+-----------+------------+----------+--------+--------+-----------+
; Clock Name ; Type ; Period ; Frequency  ; Rise  ; Fall  ; Duty Cycle ; Divide by ; Multiply by ; Phase ; Offset ; Edge List ; Edge Shift ; Inverted ; Master ; Source ; Targets   ;
+------------+------+--------+------------+-------+-------+------------+-----------+-------------+-------+--------+-----------+------------+----------+--------+--------+-----------+
; boton      ; Base ; 1.000  ; 1000.0 MHz ; 0.000 ; 0.500 ;            ;           ;             ;       ;        ;           ;            ;          ;        ;        ; { boton } ;
+------------+------+--------+------------+-------+-------+------------+-----------+-------------+-------+--------+-----------+------------+----------+--------+--------+-----------+


---------------------------
; Slow Model Fmax Summary ;
---------------------------
No paths to report.


----------------------------
; Slow Model Setup Summary ;
----------------------------
No paths to report.


---------------------------
; Slow Model Hold Summary ;
---------------------------
No paths to report.


-------------------------------
; Slow Model Recovery Summary ;
-------------------------------
No paths to report.


------------------------------
; Slow Model Removal Summary ;
------------------------------
No paths to report.


+----------------------------------------+
; Slow Model Minimum Pulse Width Summary ;
+-------+--------+-----------------------+
; Clock ; Slack  ; End Point TNS         ;
+-------+--------+-----------------------+
; boton ; -1.469 ; -2.691                ;
+-------+--------+-----------------------+


+---------------------------------------------------------------------------------------------------------+
; Slow Model Minimum Pulse Width: 'boton'                                                                 ;
+--------+--------------+----------------+------------------+-------+------------+------------------------+
; Slack  ; Actual Width ; Required Width ; Type             ; Clock ; Clock Edge ; Target                 ;
+--------+--------------+----------------+------------------+-------+------------+------------------------+
; -1.469 ; 1.000        ; 2.469          ; Port Rate        ; boton ; Rise       ; boton                  ;
; -0.611 ; 0.500        ; 1.111          ; High Pulse Width ; boton ; Rise       ; \segment:miles[31]     ;
; -0.611 ; 0.500        ; 1.111          ; Low Pulse Width  ; boton ; Rise       ; \segment:miles[31]     ;
; 0.500  ; 0.500        ; 0.000          ; High Pulse Width ; boton ; Rise       ; \segment:miles[31]|clk ;
; 0.500  ; 0.500        ; 0.000          ; Low Pulse Width  ; boton ; Rise       ; \segment:miles[31]|clk ;
; 0.500  ; 0.500        ; 0.000          ; High Pulse Width ; boton ; Rise       ; boton|combout          ;
; 0.500  ; 0.500        ; 0.000          ; Low Pulse Width  ; boton ; Rise       ; boton|combout          ;
+--------+--------------+----------------+------------------+-------+------------+------------------------+


+---------------------------------------------------------------------------+
; Clock to Output Times                                                     ;
+---------------+------------+-------+-------+------------+-----------------+
; Data Port     ; Clock Port ; Rise  ; Fall  ; Clock Edge ; Clock Reference ;
+---------------+------------+-------+-------+------------+-----------------+
; segmento0[*]  ; boton      ; 9.959 ; 9.959 ; Rise       ; boton           ;
;  segmento0[0] ; boton      ; 9.929 ; 9.929 ; Rise       ; boton           ;
;  segmento0[1] ; boton      ; 9.959 ; 9.959 ; Rise       ; boton           ;
;  segmento0[3] ; boton      ; 9.949 ; 9.949 ; Rise       ; boton           ;
;  segmento0[4] ; boton      ; 9.943 ; 9.943 ; Rise       ; boton           ;
;  segmento0[6] ; boton      ; 9.943 ; 9.943 ; Rise       ; boton           ;
; segmento1[*]  ; boton      ; 9.570 ; 9.570 ; Rise       ; boton           ;
;  segmento1[1] ; boton      ; 9.570 ; 9.570 ; Rise       ; boton           ;
;  segmento1[2] ; boton      ; 9.570 ; 9.570 ; Rise       ; boton           ;
; segmento2[*]  ; boton      ; 9.589 ; 9.589 ; Rise       ; boton           ;
;  segmento2[0] ; boton      ; 9.562 ; 9.562 ; Rise       ; boton           ;
;  segmento2[1] ; boton      ; 9.549 ; 9.549 ; Rise       ; boton           ;
;  segmento2[2] ; boton      ; 9.589 ; 9.589 ; Rise       ; boton           ;
;  segmento2[3] ; boton      ; 9.589 ; 9.589 ; Rise       ; boton           ;
;  segmento2[6] ; boton      ; 9.193 ; 9.193 ; Rise       ; boton           ;
; segmento3[*]  ; boton      ; 9.949 ; 9.949 ; Rise       ; boton           ;
;  segmento3[0] ; boton      ; 9.559 ; 9.559 ; Rise       ; boton           ;
;  segmento3[1] ; boton      ; 9.726 ; 9.726 ; Rise       ; boton           ;
;  segmento3[2] ; boton      ; 9.726 ; 9.726 ; Rise       ; boton           ;
;  segmento3[3] ; boton      ; 9.949 ; 9.949 ; Rise       ; boton           ;
;  segmento3[5] ; boton      ; 9.582 ; 9.582 ; Rise       ; boton           ;
;  segmento3[6] ; boton      ; 9.193 ; 9.193 ; Rise       ; boton           ;
+---------------+------------+-------+-------+------------+-----------------+


+---------------------------------------------------------------------------+
; Minimum Clock to Output Times                                             ;
+---------------+------------+-------+-------+------------+-----------------+
; Data Port     ; Clock Port ; Rise  ; Fall  ; Clock Edge ; Clock Reference ;
+---------------+------------+-------+-------+------------+-----------------+
; segmento0[*]  ; boton      ; 9.929 ; 9.929 ; Rise       ; boton           ;
;  segmento0[0] ; boton      ; 9.929 ; 9.929 ; Rise       ; boton           ;
;  segmento0[1] ; boton      ; 9.959 ; 9.959 ; Rise       ; boton           ;
;  segmento0[3] ; boton      ; 9.949 ; 9.949 ; Rise       ; boton           ;
;  segmento0[4] ; boton      ; 9.943 ; 9.943 ; Rise       ; boton           ;
;  segmento0[6] ; boton      ; 9.943 ; 9.943 ; Rise       ; boton           ;
; segmento1[*]  ; boton      ; 9.570 ; 9.570 ; Rise       ; boton           ;
;  segmento1[1] ; boton      ; 9.570 ; 9.570 ; Rise       ; boton           ;
;  segmento1[2] ; boton      ; 9.570 ; 9.570 ; Rise       ; boton           ;
; segmento2[*]  ; boton      ; 9.193 ; 9.193 ; Rise       ; boton           ;
;  segmento2[0] ; boton      ; 9.562 ; 9.562 ; Rise       ; boton           ;
;  segmento2[1] ; boton      ; 9.549 ; 9.549 ; Rise       ; boton           ;
;  segmento2[2] ; boton      ; 9.589 ; 9.589 ; Rise       ; boton           ;
;  segmento2[3] ; boton      ; 9.589 ; 9.589 ; Rise       ; boton           ;
;  segmento2[6] ; boton      ; 9.193 ; 9.193 ; Rise       ; boton           ;
; segmento3[*]  ; boton      ; 9.193 ; 9.193 ; Rise       ; boton           ;
;  segmento3[0] ; boton      ; 9.559 ; 9.559 ; Rise       ; boton           ;
;  segmento3[1] ; boton      ; 9.726 ; 9.726 ; Rise       ; boton           ;
;  segmento3[2] ; boton      ; 9.726 ; 9.726 ; Rise       ; boton           ;
;  segmento3[3] ; boton      ; 9.949 ; 9.949 ; Rise       ; boton           ;
;  segmento3[5] ; boton      ; 9.582 ; 9.582 ; Rise       ; boton           ;
;  segmento3[6] ; boton      ; 9.193 ; 9.193 ; Rise       ; boton           ;
+---------------+------------+-------+-------+------------+-----------------+


----------------------------
; Fast Model Setup Summary ;
----------------------------
No paths to report.


---------------------------
; Fast Model Hold Summary ;
---------------------------
No paths to report.


-------------------------------
; Fast Model Recovery Summary ;
-------------------------------
No paths to report.


------------------------------
; Fast Model Removal Summary ;
------------------------------
No paths to report.


+----------------------------------------+
; Fast Model Minimum Pulse Width Summary ;
+-------+--------+-----------------------+
; Clock ; Slack  ; End Point TNS         ;
+-------+--------+-----------------------+
; boton ; -1.222 ; -2.222                ;
+-------+--------+-----------------------+


+---------------------------------------------------------------------------------------------------------+
; Fast Model Minimum Pulse Width: 'boton'                                                                 ;
+--------+--------------+----------------+------------------+-------+------------+------------------------+
; Slack  ; Actual Width ; Required Width ; Type             ; Clock ; Clock Edge ; Target                 ;
+--------+--------------+----------------+------------------+-------+------------+------------------------+
; -1.222 ; 1.000        ; 2.222          ; Port Rate        ; boton ; Rise       ; boton                  ;
; -0.500 ; 0.500        ; 1.000          ; High Pulse Width ; boton ; Rise       ; \segment:miles[31]     ;
; -0.500 ; 0.500        ; 1.000          ; Low Pulse Width  ; boton ; Rise       ; \segment:miles[31]     ;
; 0.500  ; 0.500        ; 0.000          ; High Pulse Width ; boton ; Rise       ; \segment:miles[31]|clk ;
; 0.500  ; 0.500        ; 0.000          ; Low Pulse Width  ; boton ; Rise       ; \segment:miles[31]|clk ;
; 0.500  ; 0.500        ; 0.000          ; High Pulse Width ; boton ; Rise       ; boton|combout          ;
; 0.500  ; 0.500        ; 0.000          ; Low Pulse Width  ; boton ; Rise       ; boton|combout          ;
+--------+--------------+----------------+------------------+-------+------------+------------------------+


+---------------------------------------------------------------------------+
; Clock to Output Times                                                     ;
+---------------+------------+-------+-------+------------+-----------------+
; Data Port     ; Clock Port ; Rise  ; Fall  ; Clock Edge ; Clock Reference ;
+---------------+------------+-------+-------+------------+-----------------+
; segmento0[*]  ; boton      ; 4.626 ; 4.626 ; Rise       ; boton           ;
;  segmento0[0] ; boton      ; 4.596 ; 4.596 ; Rise       ; boton           ;
;  segmento0[1] ; boton      ; 4.626 ; 4.626 ; Rise       ; boton           ;
;  segmento0[3] ; boton      ; 4.617 ; 4.617 ; Rise       ; boton           ;
;  segmento0[4] ; boton      ; 4.614 ; 4.614 ; Rise       ; boton           ;
;  segmento0[6] ; boton      ; 4.614 ; 4.614 ; Rise       ; boton           ;
; segmento1[*]  ; boton      ; 4.453 ; 4.453 ; Rise       ; boton           ;
;  segmento1[1] ; boton      ; 4.453 ; 4.453 ; Rise       ; boton           ;
;  segmento1[2] ; boton      ; 4.453 ; 4.453 ; Rise       ; boton           ;
; segmento2[*]  ; boton      ; 4.475 ; 4.475 ; Rise       ; boton           ;
;  segmento2[0] ; boton      ; 4.446 ; 4.446 ; Rise       ; boton           ;
;  segmento2[1] ; boton      ; 4.435 ; 4.435 ; Rise       ; boton           ;
;  segmento2[2] ; boton      ; 4.475 ; 4.475 ; Rise       ; boton           ;
;  segmento2[3] ; boton      ; 4.475 ; 4.475 ; Rise       ; boton           ;
;  segmento2[6] ; boton      ; 4.301 ; 4.301 ; Rise       ; boton           ;
; segmento3[*]  ; boton      ; 4.616 ; 4.616 ; Rise       ; boton           ;
;  segmento3[0] ; boton      ; 4.445 ; 4.445 ; Rise       ; boton           ;
;  segmento3[1] ; boton      ; 4.568 ; 4.568 ; Rise       ; boton           ;
;  segmento3[2] ; boton      ; 4.568 ; 4.568 ; Rise       ; boton           ;
;  segmento3[3] ; boton      ; 4.616 ; 4.616 ; Rise       ; boton           ;
;  segmento3[5] ; boton      ; 4.466 ; 4.466 ; Rise       ; boton           ;
;  segmento3[6] ; boton      ; 4.301 ; 4.301 ; Rise       ; boton           ;
+---------------+------------+-------+-------+------------+-----------------+


+---------------------------------------------------------------------------+
; Minimum Clock to Output Times                                             ;
+---------------+------------+-------+-------+------------+-----------------+
; Data Port     ; Clock Port ; Rise  ; Fall  ; Clock Edge ; Clock Reference ;
+---------------+------------+-------+-------+------------+-----------------+
; segmento0[*]  ; boton      ; 4.596 ; 4.596 ; Rise       ; boton           ;
;  segmento0[0] ; boton      ; 4.596 ; 4.596 ; Rise       ; boton           ;
;  segmento0[1] ; boton      ; 4.626 ; 4.626 ; Rise       ; boton           ;
;  segmento0[3] ; boton      ; 4.617 ; 4.617 ; Rise       ; boton           ;
;  segmento0[4] ; boton      ; 4.614 ; 4.614 ; Rise       ; boton           ;
;  segmento0[6] ; boton      ; 4.614 ; 4.614 ; Rise       ; boton           ;
; segmento1[*]  ; boton      ; 4.453 ; 4.453 ; Rise       ; boton           ;
;  segmento1[1] ; boton      ; 4.453 ; 4.453 ; Rise       ; boton           ;
;  segmento1[2] ; boton      ; 4.453 ; 4.453 ; Rise       ; boton           ;
; segmento2[*]  ; boton      ; 4.301 ; 4.301 ; Rise       ; boton           ;
;  segmento2[0] ; boton      ; 4.446 ; 4.446 ; Rise       ; boton           ;
;  segmento2[1] ; boton      ; 4.435 ; 4.435 ; Rise       ; boton           ;
;  segmento2[2] ; boton      ; 4.475 ; 4.475 ; Rise       ; boton           ;
;  segmento2[3] ; boton      ; 4.475 ; 4.475 ; Rise       ; boton           ;
;  segmento2[6] ; boton      ; 4.301 ; 4.301 ; Rise       ; boton           ;
; segmento3[*]  ; boton      ; 4.301 ; 4.301 ; Rise       ; boton           ;
;  segmento3[0] ; boton      ; 4.445 ; 4.445 ; Rise       ; boton           ;
;  segmento3[1] ; boton      ; 4.568 ; 4.568 ; Rise       ; boton           ;
;  segmento3[2] ; boton      ; 4.568 ; 4.568 ; Rise       ; boton           ;
;  segmento3[3] ; boton      ; 4.616 ; 4.616 ; Rise       ; boton           ;
;  segmento3[5] ; boton      ; 4.466 ; 4.466 ; Rise       ; boton           ;
;  segmento3[6] ; boton      ; 4.301 ; 4.301 ; Rise       ; boton           ;
+---------------+------------+-------+-------+------------+-----------------+


+----------------------------------------------------------------------------+
; Multicorner Timing Analysis Summary                                        ;
+------------------+-------+------+----------+---------+---------------------+
; Clock            ; Setup ; Hold ; Recovery ; Removal ; Minimum Pulse Width ;
+------------------+-------+------+----------+---------+---------------------+
; Worst-case Slack ; N/A   ; N/A  ; N/A      ; N/A     ; -1.469              ;
;  boton           ; N/A   ; N/A  ; N/A      ; N/A     ; -1.469              ;
; Design-wide TNS  ; 0.0   ; 0.0  ; 0.0      ; 0.0     ; -2.691              ;
;  boton           ; N/A   ; N/A  ; N/A      ; N/A     ; -2.691              ;
+------------------+-------+------+----------+---------+---------------------+


+---------------------------------------------------------------------------+
; Clock to Output Times                                                     ;
+---------------+------------+-------+-------+------------+-----------------+
; Data Port     ; Clock Port ; Rise  ; Fall  ; Clock Edge ; Clock Reference ;
+---------------+------------+-------+-------+------------+-----------------+
; segmento0[*]  ; boton      ; 9.959 ; 9.959 ; Rise       ; boton           ;
;  segmento0[0] ; boton      ; 9.929 ; 9.929 ; Rise       ; boton           ;
;  segmento0[1] ; boton      ; 9.959 ; 9.959 ; Rise       ; boton           ;
;  segmento0[3] ; boton      ; 9.949 ; 9.949 ; Rise       ; boton           ;
;  segmento0[4] ; boton      ; 9.943 ; 9.943 ; Rise       ; boton           ;
;  segmento0[6] ; boton      ; 9.943 ; 9.943 ; Rise       ; boton           ;
; segmento1[*]  ; boton      ; 9.570 ; 9.570 ; Rise       ; boton           ;
;  segmento1[1] ; boton      ; 9.570 ; 9.570 ; Rise       ; boton           ;
;  segmento1[2] ; boton      ; 9.570 ; 9.570 ; Rise       ; boton           ;
; segmento2[*]  ; boton      ; 9.589 ; 9.589 ; Rise       ; boton           ;
;  segmento2[0] ; boton      ; 9.562 ; 9.562 ; Rise       ; boton           ;
;  segmento2[1] ; boton      ; 9.549 ; 9.549 ; Rise       ; boton           ;
;  segmento2[2] ; boton      ; 9.589 ; 9.589 ; Rise       ; boton           ;
;  segmento2[3] ; boton      ; 9.589 ; 9.589 ; Rise       ; boton           ;
;  segmento2[6] ; boton      ; 9.193 ; 9.193 ; Rise       ; boton           ;
; segmento3[*]  ; boton      ; 9.949 ; 9.949 ; Rise       ; boton           ;
;  segmento3[0] ; boton      ; 9.559 ; 9.559 ; Rise       ; boton           ;
;  segmento3[1] ; boton      ; 9.726 ; 9.726 ; Rise       ; boton           ;
;  segmento3[2] ; boton      ; 9.726 ; 9.726 ; Rise       ; boton           ;
;  segmento3[3] ; boton      ; 9.949 ; 9.949 ; Rise       ; boton           ;
;  segmento3[5] ; boton      ; 9.582 ; 9.582 ; Rise       ; boton           ;
;  segmento3[6] ; boton      ; 9.193 ; 9.193 ; Rise       ; boton           ;
+---------------+------------+-------+-------+------------+-----------------+


+---------------------------------------------------------------------------+
; Minimum Clock to Output Times                                             ;
+---------------+------------+-------+-------+------------+-----------------+
; Data Port     ; Clock Port ; Rise  ; Fall  ; Clock Edge ; Clock Reference ;
+---------------+------------+-------+-------+------------+-----------------+
; segmento0[*]  ; boton      ; 4.596 ; 4.596 ; Rise       ; boton           ;
;  segmento0[0] ; boton      ; 4.596 ; 4.596 ; Rise       ; boton           ;
;  segmento0[1] ; boton      ; 4.626 ; 4.626 ; Rise       ; boton           ;
;  segmento0[3] ; boton      ; 4.617 ; 4.617 ; Rise       ; boton           ;
;  segmento0[4] ; boton      ; 4.614 ; 4.614 ; Rise       ; boton           ;
;  segmento0[6] ; boton      ; 4.614 ; 4.614 ; Rise       ; boton           ;
; segmento1[*]  ; boton      ; 4.453 ; 4.453 ; Rise       ; boton           ;
;  segmento1[1] ; boton      ; 4.453 ; 4.453 ; Rise       ; boton           ;
;  segmento1[2] ; boton      ; 4.453 ; 4.453 ; Rise       ; boton           ;
; segmento2[*]  ; boton      ; 4.301 ; 4.301 ; Rise       ; boton           ;
;  segmento2[0] ; boton      ; 4.446 ; 4.446 ; Rise       ; boton           ;
;  segmento2[1] ; boton      ; 4.435 ; 4.435 ; Rise       ; boton           ;
;  segmento2[2] ; boton      ; 4.475 ; 4.475 ; Rise       ; boton           ;
;  segmento2[3] ; boton      ; 4.475 ; 4.475 ; Rise       ; boton           ;
;  segmento2[6] ; boton      ; 4.301 ; 4.301 ; Rise       ; boton           ;
; segmento3[*]  ; boton      ; 4.301 ; 4.301 ; Rise       ; boton           ;
;  segmento3[0] ; boton      ; 4.445 ; 4.445 ; Rise       ; boton           ;
;  segmento3[1] ; boton      ; 4.568 ; 4.568 ; Rise       ; boton           ;
;  segmento3[2] ; boton      ; 4.568 ; 4.568 ; Rise       ; boton           ;
;  segmento3[3] ; boton      ; 4.616 ; 4.616 ; Rise       ; boton           ;
;  segmento3[5] ; boton      ; 4.466 ; 4.466 ; Rise       ; boton           ;
;  segmento3[6] ; boton      ; 4.301 ; 4.301 ; Rise       ; boton           ;
+---------------+------------+-------+-------+------------+-----------------+


-------------------
; Clock Transfers ;
-------------------
Nothing to report.


---------------
; Report TCCS ;
---------------
No dedicated SERDES Transmitter circuitry present in device or used in design


---------------
; Report RSKM ;
---------------
No dedicated SERDES Receiver circuitry present in device or used in design


+------------------------------------------------+
; Unconstrained Paths                            ;
+---------------------------------+-------+------+
; Property                        ; Setup ; Hold ;
+---------------------------------+-------+------+
; Illegal Clocks                  ; 0     ; 0    ;
; Unconstrained Clocks            ; 0     ; 0    ;
; Unconstrained Input Ports       ; 0     ; 0    ;
; Unconstrained Input Port Paths  ; 0     ; 0    ;
; Unconstrained Output Ports      ; 18    ; 18   ;
; Unconstrained Output Port Paths ; 18    ; 18   ;
+---------------------------------+-------+------+


+------------------------------------+
; TimeQuest Timing Analyzer Messages ;
+------------------------------------+
Info: *******************************************************************
Info: Running Quartus II 64-Bit TimeQuest Timing Analyzer
    Info: Version 13.0.1 Build 232 06/12/2013 Service Pack 1 SJ Web Edition
    Info: Processing started: Sat Nov 17 10:26:48 2018
Info: Command: quartus_sta mostrar -c mostrar
Info: qsta_default_script.tcl version: #1
Warning (20028): Parallel compilation is not licensed and has been disabled
Info (21077): Low junction temperature is 0 degrees C
Info (21077): High junction temperature is 85 degrees C
Critical Warning (332012): Synopsys Design Constraints File file not found: 'mostrar.sdc'. A Synopsys Design Constraints File is required by the TimeQuest Timing Analyzer to get proper timing constraints. Without it, the Compiler will not properly optimize the design.
Info (332142): No user constrained base clocks found in the design. Calling "derive_clocks -period 1.0"
Info (332105): Deriving Clocks
    Info (332105): create_clock -period 1.000 -name boton boton
Info: Found TIMEQUEST_REPORT_SCRIPT_INCLUDE_DEFAULT_ANALYSIS = ON
Info: Analyzing Slow Model
Info (332140): No fmax paths to report
Info (332140): No Setup paths to report
Info (332140): No Hold paths to report
Info (332140): No Recovery paths to report
Info (332140): No Removal paths to report
Critical Warning (332148): Timing requirements not met
Info (332146): Worst-case minimum pulse width slack is -1.469
    Info (332119):     Slack End Point TNS Clock 
    Info (332119): ========= ============= =====================
    Info (332119):    -1.469        -2.691 boton 
Info (332001): The selected device family is not supported by the report_metastability command.
Info: Analyzing Fast Model
Info (332140): No Setup paths to report
Info (332140): No Hold paths to report
Info (332140): No Recovery paths to report
Info (332140): No Removal paths to report
Critical Warning (332148): Timing requirements not met
Info (332146): Worst-case minimum pulse width slack is -1.222
    Info (332119):     Slack End Point TNS Clock 
    Info (332119): ========= ============= =====================
    Info (332119):    -1.222        -2.222 boton 
Info (332001): The selected device family is not supported by the report_metastability command.
Info (332102): Design is not fully constrained for setup requirements
Info (332102): Design is not fully constrained for hold requirements
Info: Quartus II 64-Bit TimeQuest Timing Analyzer was successful. 0 errors, 4 warnings
    Info: Peak virtual memory: 4556 megabytes
    Info: Processing ended: Sat Nov 17 10:26:50 2018
    Info: Elapsed time: 00:00:02
    Info: Total CPU time (on all processors): 00:00:02


